#! /c/Source/iverilog-install/bin/vvp
:ivl_version "12.0 (devel)" "(s20150603-1110-g18392a46)";
:ivl_delay_selection "TYPICAL";
:vpi_time_precision + 0;
:vpi_module "C:\iverilog\lib\ivl\system.vpi";
:vpi_module "C:\iverilog\lib\ivl\vhdl_sys.vpi";
:vpi_module "C:\iverilog\lib\ivl\vhdl_textio.vpi";
:vpi_module "C:\iverilog\lib\ivl\v2005_math.vpi";
:vpi_module "C:\iverilog\lib\ivl\va_math.vpi";
S_00000297ca065010 .scope module, "PC_Adder" "PC_Adder" 2 347;
 .timescale 0 0;
    .port_info 0 /INPUT 32 "PC";
    .port_info 1 /OUTPUT 32 "PC_Next";
o00000297ca110088 .functor BUFZ 32, C4<zzzzzzzzzzzzzzzzzzzzzzzzzzzzzzzz>; HiZ drive
v00000297ca0cc8b0_0 .net "PC", 31 0, o00000297ca110088;  0 drivers
v00000297ca0cc450_0 .net "PC_Next", 31 0, L_00000297ca153800;  1 drivers
L_00000297ca1550e8 .functor BUFT 1, C4<00000000000000000000000000000100>, C4<0>, C4<0>, C4<0>;
v00000297ca0cc310_0 .net/2u *"_ivl_0", 31 0, L_00000297ca1550e8;  1 drivers
L_00000297ca153800 .delay 32 (1,1,1) L_00000297ca153800/d;
L_00000297ca153800/d .arith/sum 32, o00000297ca110088, L_00000297ca1550e8;
S_00000297ca0651a0 .scope module, "cpu" "cpu" 2 7;
 .timescale 0 0;
    .port_info 0 /OUTPUT 32 "PC";
    .port_info 1 /INPUT 32 "INSTRUCTION";
    .port_info 2 /INPUT 1 "CLK";
    .port_info 3 /INPUT 1 "RESET";
v00000297ca0ec8c0_0 .var "ALUOP", 2 0;
v00000297ca0ed540_0 .net "ALURESULT", 7 0, v00000297ca0ccd10_0;  1 drivers
o00000297ca111798 .functor BUFZ 1, C4<z>; HiZ drive
v00000297ca0ecdc0_0 .net "CLK", 0 0, o00000297ca111798;  0 drivers
v00000297ca0ebec0_0 .net "IMMEDIATE", 7 0, L_00000297ca154d40;  1 drivers
o00000297ca111df8 .functor BUFZ 32, C4<zzzzzzzzzzzzzzzzzzzzzzzzzzzzzzzz>; HiZ drive
v00000297ca0ec3c0_0 .net "INSTRUCTION", 31 0, o00000297ca111df8;  0 drivers
v00000297ca0ebf60_0 .net "NewPC", 31 0, v00000297ca149450_0;  1 drivers
o00000297ca111bb8 .functor BUFZ 8, C4<zzzzzzzz>; HiZ drive
v00000297ca0ecb40_0 .net "OFFSET", 7 0, o00000297ca111bb8;  0 drivers
v00000297ca0ec000_0 .var "OPCODE", 7 0;
v00000297ca0ec0a0_0 .net "OPERAND2", 7 0, v00000297ca149e50_0;  1 drivers
v00000297ca0ed400_0 .var "PC", 31 0;
v00000297ca0eb7e0_0 .var "PCreg", 31 0;
v00000297ca0ecbe0_0 .net "READREG1", 2 0, L_00000297ca153e40;  1 drivers
v00000297ca0ece60_0 .net "READREG2", 2 0, L_00000297ca154020;  1 drivers
v00000297ca0ecf00_0 .net "REGOUT1", 7 0, L_00000297ca098200;  1 drivers
v00000297ca0ec280_0 .net "REGOUT2", 7 0, L_00000297ca097390;  1 drivers
o00000297ca111858 .functor BUFZ 1, C4<z>; HiZ drive
v00000297ca0ed360_0 .net "RESET", 0 0, o00000297ca111858;  0 drivers
v00000297ca0ed0e0_0 .net "Shift", 3 0, L_00000297ca154ac0;  1 drivers
v00000297ca0ec960_0 .var "Shift_Choice", 0 0;
v00000297ca0eb740_0 .var "WRITEENABLE", 0 0;
v00000297ca0ecc80_0 .net "WRITEREG", 2 0, L_00000297ca154a20;  1 drivers
v00000297ca0ecfa0_0 .net "ZERO", 0 0, L_00000297ca1adee0;  1 drivers
v00000297ca0eb880_0 .net *"_ivl_1", 7 0, L_00000297ca1531c0;  1 drivers
v00000297ca0ed220_0 .net *"_ivl_11", 7 0, L_00000297ca154480;  1 drivers
v00000297ca0ec820_0 .net *"_ivl_15", 7 0, L_00000297ca154de0;  1 drivers
v00000297ca0ed4a0_0 .net *"_ivl_7", 7 0, L_00000297ca153260;  1 drivers
v00000297ca0eb9c0_0 .var "bj", 1 0;
v00000297ca0ec1e0_0 .net "flow_out", 0 0, L_00000297ca1adcb0;  1 drivers
v00000297ca0ec500_0 .var "immSelect", 0 0;
v00000297ca0ec5a0_0 .net "in1_multi", 7 0, L_00000297ca153760;  1 drivers
v00000297ca0ec6e0_0 .net "in2_multi", 7 0, L_00000297ca153f80;  1 drivers
v00000297ca0ed2c0_0 .net "negatedOp", 7 0, L_00000297ca153620;  1 drivers
v00000297ca154ca0_0 .net "offset_out", 31 0, L_00000297ca154980;  1 drivers
v00000297ca153120_0 .net "out_multi", 7 0, L_00000297ca1ad150;  1 drivers
v00000297ca154840_0 .net "registerOp", 7 0, v00000297ca148e10_0;  1 drivers
v00000297ca154700_0 .var "signSelect", 0 0;
E_00000297ca0ba6f0 .event anyedge, v00000297ca0ec3c0_0;
E_00000297ca0ba1b0 .event anyedge, v00000297ca0ed400_0;
L_00000297ca1531c0 .part o00000297ca111df8, 8, 8;
L_00000297ca153e40 .part L_00000297ca1531c0, 0, 3;
L_00000297ca154d40 .part o00000297ca111df8, 0, 8;
L_00000297ca153260 .part o00000297ca111df8, 0, 8;
L_00000297ca154020 .part L_00000297ca153260, 0, 3;
L_00000297ca154480 .part o00000297ca111df8, 16, 8;
L_00000297ca154a20 .part L_00000297ca154480, 0, 3;
L_00000297ca154de0 .part o00000297ca111df8, 0, 8;
L_00000297ca154ac0 .part L_00000297ca154de0, 0, 4;
L_00000297ca153f80 .part o00000297ca111df8, 0, 8;
L_00000297ca153760 .part o00000297ca111df8, 8, 8;
S_00000297ca065330 .scope module, "alu1" "ALU" 2 46, 3 1 0, S_00000297ca0651a0;
 .timescale 0 0;
    .port_info 0 /INPUT 8 "DATA1";
    .port_info 1 /INPUT 8 "DATA2";
    .port_info 2 /OUTPUT 8 "RESULT";
    .port_info 3 /INPUT 3 "SELECT";
    .port_info 4 /OUTPUT 1 "ZERO";
    .port_info 5 /INPUT 4 "SHIFT";
    .port_info 6 /INPUT 1 "CHOICE";
L_00000297ca1adc40 .functor OR 1, L_00000297ca153940, L_00000297ca153c60, C4<0>, C4<0>;
L_00000297ca1ade00 .functor OR 1, L_00000297ca1adc40, L_00000297ca1547a0, C4<0>, C4<0>;
L_00000297ca1adbd0 .functor OR 1, L_00000297ca1ade00, L_00000297ca153440, C4<0>, C4<0>;
L_00000297ca1ad700 .functor OR 1, L_00000297ca1adbd0, L_00000297ca153a80, C4<0>, C4<0>;
L_00000297ca1ade70 .functor OR 1, L_00000297ca1ad700, L_00000297ca154f20, C4<0>, C4<0>;
L_00000297ca1ae030 .functor OR 1, L_00000297ca1ade70, L_00000297ca153580, C4<0>, C4<0>;
L_00000297ca1ad9a0 .functor OR 1, L_00000297ca1ae030, L_00000297ca1542a0, C4<0>, C4<0>;
L_00000297ca1adee0 .functor NOT 1, L_00000297ca1ad9a0, C4<0>, C4<0>, C4<0>;
v00000297ca0ccbd0_0 .net "C0", 7 0, L_00000297ca097400;  1 drivers
v00000297ca0cd030_0 .net "C1", 7 0, L_00000297ca154340;  1 drivers
v00000297ca0cc590_0 .net "C2", 7 0, L_00000297ca097940;  1 drivers
v00000297ca0cc630_0 .net "C3", 7 0, L_00000297ca097550;  1 drivers
v00000297ca0cc6d0_0 .net "C4", 7 0, L_00000297ca0975c0;  1 drivers
v00000297ca0cd3f0_0 .net "C5", 7 0, L_00000297ca0979b0;  1 drivers
v00000297ca0cc9f0_0 .net "C6", 7 0, L_00000297ca097a20;  1 drivers
v00000297ca0cc770_0 .net "C7", 7 0, L_00000297ca097a90;  1 drivers
v00000297ca0cc810_0 .net "CHOICE", 0 0, v00000297ca0ec960_0;  1 drivers
v00000297ca0ccb30_0 .net "DATA1", 7 0, L_00000297ca098200;  alias, 1 drivers
v00000297ca0ccc70_0 .net "DATA2", 7 0, v00000297ca149e50_0;  alias, 1 drivers
v00000297ca0ccd10_0 .var "RESULT", 7 0;
v00000297ca0cce50_0 .net "SELECT", 2 0, v00000297ca0ec8c0_0;  1 drivers
v00000297ca148ff0_0 .net "SHIFT", 3 0, L_00000297ca154ac0;  alias, 1 drivers
v00000297ca149f90_0 .net "ZERO", 0 0, L_00000297ca1adee0;  alias, 1 drivers
v00000297ca148730_0 .net *"_ivl_1", 0 0, L_00000297ca153940;  1 drivers
v00000297ca149270_0 .net *"_ivl_11", 0 0, L_00000297ca153440;  1 drivers
v00000297ca148230_0 .net *"_ivl_12", 0 0, L_00000297ca1adbd0;  1 drivers
v00000297ca1485f0_0 .net *"_ivl_15", 0 0, L_00000297ca153a80;  1 drivers
v00000297ca149c70_0 .net *"_ivl_16", 0 0, L_00000297ca1ad700;  1 drivers
v00000297ca149310_0 .net *"_ivl_19", 0 0, L_00000297ca154f20;  1 drivers
v00000297ca149130_0 .net *"_ivl_20", 0 0, L_00000297ca1ade70;  1 drivers
v00000297ca148410_0 .net *"_ivl_23", 0 0, L_00000297ca153580;  1 drivers
v00000297ca1499f0_0 .net *"_ivl_24", 0 0, L_00000297ca1ae030;  1 drivers
v00000297ca148af0_0 .net *"_ivl_27", 0 0, L_00000297ca1542a0;  1 drivers
v00000297ca148cd0_0 .net *"_ivl_28", 0 0, L_00000297ca1ad9a0;  1 drivers
v00000297ca1487d0_0 .net *"_ivl_3", 0 0, L_00000297ca153c60;  1 drivers
v00000297ca1480f0_0 .net *"_ivl_4", 0 0, L_00000297ca1adc40;  1 drivers
v00000297ca149810_0 .net *"_ivl_7", 0 0, L_00000297ca1547a0;  1 drivers
v00000297ca148690_0 .net *"_ivl_8", 0 0, L_00000297ca1ade00;  1 drivers
E_00000297ca0bab30/0 .event anyedge, v00000297ca0cce50_0, v00000297ca0ccf90_0, v00000297ca0cdd50_0, v00000297ca0cd490_0;
E_00000297ca0bab30/1 .event anyedge, v00000297ca0cc270_0, v00000297ca0cd5d0_0, v00000297ca0cda30_0, v00000297ca0cd850_0;
E_00000297ca0bab30/2 .event anyedge, v00000297ca0cc090_0, v00000297ca0cdcb0_0;
E_00000297ca0bab30 .event/or E_00000297ca0bab30/0, E_00000297ca0bab30/1, E_00000297ca0bab30/2;
L_00000297ca153940 .part v00000297ca0ccd10_0, 0, 1;
L_00000297ca153c60 .part v00000297ca0ccd10_0, 1, 1;
L_00000297ca1547a0 .part v00000297ca0ccd10_0, 2, 1;
L_00000297ca153440 .part v00000297ca0ccd10_0, 3, 1;
L_00000297ca153a80 .part v00000297ca0ccd10_0, 4, 1;
L_00000297ca154f20 .part v00000297ca0ccd10_0, 5, 1;
L_00000297ca153580 .part v00000297ca0ccd10_0, 6, 1;
L_00000297ca1542a0 .part v00000297ca0ccd10_0, 7, 1;
S_00000297ca0401c0 .scope module, "case0" "FORWARD" 3 25, 3 109 0, S_00000297ca065330;
 .timescale 0 0;
    .port_info 0 /INPUT 8 "DATA1";
    .port_info 1 /INPUT 8 "DATA2";
    .port_info 2 /OUTPUT 8 "RESULT";
L_00000297ca097400/d .functor BUFZ 8, v00000297ca149e50_0, C4<00000000>, C4<00000000>, C4<00000000>;
L_00000297ca097400 .delay 8 (1,1,1) L_00000297ca097400/d;
v00000297ca0cd170_0 .net "DATA1", 7 0, L_00000297ca098200;  alias, 1 drivers
v00000297ca0cdcb0_0 .net "DATA2", 7 0, v00000297ca149e50_0;  alias, 1 drivers
v00000297ca0ccf90_0 .net "RESULT", 7 0, L_00000297ca097400;  alias, 1 drivers
S_00000297ca040350 .scope module, "case1" "ADD" 3 28, 3 116 0, S_00000297ca065330;
 .timescale 0 0;
    .port_info 0 /INPUT 8 "DATA1";
    .port_info 1 /INPUT 8 "DATA2";
    .port_info 2 /OUTPUT 8 "RESULT";
v00000297ca0cdb70_0 .net "DATA1", 7 0, L_00000297ca098200;  alias, 1 drivers
v00000297ca0cdad0_0 .net "DATA2", 7 0, v00000297ca149e50_0;  alias, 1 drivers
v00000297ca0cdd50_0 .net "RESULT", 7 0, L_00000297ca154340;  alias, 1 drivers
L_00000297ca154340 .delay 8 (2,2,2) L_00000297ca154340/d;
L_00000297ca154340/d .arith/sum 8, L_00000297ca098200, v00000297ca149e50_0;
S_00000297ca0404e0 .scope module, "case2" "AND" 3 31, 3 123 0, S_00000297ca065330;
 .timescale 0 0;
    .port_info 0 /INPUT 8 "DATA1";
    .port_info 1 /INPUT 8 "DATA2";
    .port_info 2 /OUTPUT 8 "RESULT";
L_00000297ca097940/d .functor AND 8, L_00000297ca098200, v00000297ca149e50_0, C4<11111111>, C4<11111111>;
L_00000297ca097940 .delay 8 (1,1,1) L_00000297ca097940/d;
v00000297ca0cc3b0_0 .net "DATA1", 7 0, L_00000297ca098200;  alias, 1 drivers
v00000297ca0cc1d0_0 .net "DATA2", 7 0, v00000297ca149e50_0;  alias, 1 drivers
v00000297ca0cd490_0 .net "RESULT", 7 0, L_00000297ca097940;  alias, 1 drivers
S_00000297ca06cdb0 .scope module, "case3" "OR" 3 34, 3 130 0, S_00000297ca065330;
 .timescale 0 0;
    .port_info 0 /INPUT 8 "DATA1";
    .port_info 1 /INPUT 8 "DATA2";
    .port_info 2 /OUTPUT 8 "RESULT";
L_00000297ca097550/d .functor OR 8, L_00000297ca098200, v00000297ca149e50_0, C4<00000000>, C4<00000000>;
L_00000297ca097550 .delay 8 (1,1,1) L_00000297ca097550/d;
v00000297ca0cd530_0 .net "DATA1", 7 0, L_00000297ca098200;  alias, 1 drivers
v00000297ca0cc130_0 .net "DATA2", 7 0, v00000297ca149e50_0;  alias, 1 drivers
v00000297ca0cc270_0 .net "RESULT", 7 0, L_00000297ca097550;  alias, 1 drivers
S_00000297ca06cf40 .scope module, "case4" "multiplication" 3 37, 3 137 0, S_00000297ca065330;
 .timescale 0 0;
    .port_info 0 /INPUT 8 "IN1";
    .port_info 1 /INPUT 8 "IN2";
    .port_info 2 /OUTPUT 8 "New_Num";
L_00000297ca0975c0 .functor BUFZ 8, v00000297ca0cc950_0, C4<00000000>, C4<00000000>, C4<00000000>;
v00000297ca0cd710_0 .net "IN1", 7 0, L_00000297ca098200;  alias, 1 drivers
v00000297ca0cd990_0 .net "IN2", 7 0, v00000297ca149e50_0;  alias, 1 drivers
v00000297ca0cd5d0_0 .net "New_Num", 7 0, L_00000297ca0975c0;  alias, 1 drivers
v00000297ca0cd2b0 .array "partial_products", 0 7, 7 0;
v00000297ca0cc950_0 .var "sum", 7 0;
v00000297ca0cd2b0_0 .array/port v00000297ca0cd2b0, 0;
v00000297ca0cd2b0_1 .array/port v00000297ca0cd2b0, 1;
E_00000297ca0bbbb0/0 .event anyedge, v00000297ca0cd170_0, v00000297ca0cdcb0_0, v00000297ca0cd2b0_0, v00000297ca0cd2b0_1;
v00000297ca0cd2b0_2 .array/port v00000297ca0cd2b0, 2;
v00000297ca0cd2b0_3 .array/port v00000297ca0cd2b0, 3;
v00000297ca0cd2b0_4 .array/port v00000297ca0cd2b0, 4;
v00000297ca0cd2b0_5 .array/port v00000297ca0cd2b0, 5;
E_00000297ca0bbbb0/1 .event anyedge, v00000297ca0cd2b0_2, v00000297ca0cd2b0_3, v00000297ca0cd2b0_4, v00000297ca0cd2b0_5;
v00000297ca0cd2b0_6 .array/port v00000297ca0cd2b0, 6;
v00000297ca0cd2b0_7 .array/port v00000297ca0cd2b0, 7;
E_00000297ca0bbbb0/2 .event anyedge, v00000297ca0cd2b0_6, v00000297ca0cd2b0_7;
E_00000297ca0bbbb0 .event/or E_00000297ca0bbbb0/0, E_00000297ca0bbbb0/1, E_00000297ca0bbbb0/2;
S_00000297ca06d0d0 .scope module, "case5" "Arith_right" 3 40, 3 228 0, S_00000297ca065330;
 .timescale 0 0;
    .port_info 0 /INPUT 4 "SHIFT";
    .port_info 1 /INPUT 8 "Number";
    .port_info 2 /OUTPUT 8 "Out_num";
L_00000297ca0979b0 .functor BUFZ 8, v00000297ca0cdc10_0, C4<00000000>, C4<00000000>, C4<00000000>;
v00000297ca0cdc10_0 .var "New_Num", 7 0;
v00000297ca0ccef0_0 .net "Number", 7 0, L_00000297ca098200;  alias, 1 drivers
v00000297ca0cda30_0 .net "Out_num", 7 0, L_00000297ca0979b0;  alias, 1 drivers
v00000297ca0cd350_0 .net "SHIFT", 3 0, L_00000297ca154ac0;  alias, 1 drivers
E_00000297ca0bbaf0 .event anyedge, v00000297ca0cda30_0, v00000297ca0cd170_0, v00000297ca0cd350_0;
S_00000297ca05dc70 .scope module, "case6" "Rotate_right" 3 43, 3 267 0, S_00000297ca065330;
 .timescale 0 0;
    .port_info 0 /INPUT 4 "SHIFT";
    .port_info 1 /INPUT 8 "Number";
    .port_info 2 /OUTPUT 8 "Out_num";
L_00000297ca097a20 .functor BUFZ 8, v00000297ca0cddf0_0, C4<00000000>, C4<00000000>, C4<00000000>;
v00000297ca0cddf0_0 .var "New_Num", 7 0;
v00000297ca0cbf50_0 .net "Number", 7 0, L_00000297ca098200;  alias, 1 drivers
v00000297ca0cd850_0 .net "Out_num", 7 0, L_00000297ca097a20;  alias, 1 drivers
v00000297ca0ccdb0_0 .net "SHIFT", 3 0, L_00000297ca154ac0;  alias, 1 drivers
E_00000297ca0bc7f0 .event anyedge, v00000297ca0cd850_0, v00000297ca0cd170_0, v00000297ca0cd350_0;
S_00000297ca05de00 .scope module, "case7" "Shift" 3 46, 3 336 0, S_00000297ca065330;
 .timescale 0 0;
    .port_info 0 /INPUT 4 "SHIFT";
    .port_info 1 /INPUT 8 "Number";
    .port_info 2 /OUTPUT 8 "Out_num";
    .port_info 3 /INPUT 1 "Chocie";
L_00000297ca097a90 .functor BUFZ 8, v00000297ca0cbff0_0, C4<00000000>, C4<00000000>, C4<00000000>;
v00000297ca0cd0d0_0 .net "Chocie", 0 0, v00000297ca0ec960_0;  alias, 1 drivers
v00000297ca0cbff0_0 .var "New_Num", 7 0;
v00000297ca0cc4f0_0 .net "Number", 7 0, L_00000297ca098200;  alias, 1 drivers
v00000297ca0cc090_0 .net "Out_num", 7 0, L_00000297ca097a90;  alias, 1 drivers
v00000297ca0cca90_0 .net "SHIFT", 3 0, L_00000297ca154ac0;  alias, 1 drivers
E_00000297ca0bcd30 .event anyedge, v00000297ca0cc090_0, v00000297ca0cd170_0, v00000297ca0cd350_0;
S_00000297ca056f10 .scope module, "flow" "flowcontrol" 2 72, 2 386 0, S_00000297ca0651a0;
 .timescale 0 0;
    .port_info 0 /INPUT 2 "branch_jump";
    .port_info 1 /INPUT 1 "zero";
    .port_info 2 /OUTPUT 1 "out";
L_00000297ca1ad310 .functor AND 1, L_00000297ca153d00, L_00000297ca1adee0, C4<1>, C4<1>;
L_00000297ca1adcb0 .functor XOR 1, L_00000297ca1543e0, L_00000297ca1ad310, C4<0>, C4<0>;
v00000297ca1491d0_0 .net *"_ivl_1", 0 0, L_00000297ca1543e0;  1 drivers
v00000297ca149bd0_0 .net *"_ivl_3", 0 0, L_00000297ca153d00;  1 drivers
v00000297ca148b90_0 .net *"_ivl_4", 0 0, L_00000297ca1ad310;  1 drivers
v00000297ca149d10_0 .net "branch_jump", 1 0, v00000297ca0eb9c0_0;  1 drivers
v00000297ca148870_0 .net "out", 0 0, L_00000297ca1adcb0;  alias, 1 drivers
v00000297ca148d70_0 .net "zero", 0 0, L_00000297ca1adee0;  alias, 1 drivers
L_00000297ca1543e0 .part v00000297ca0eb9c0_0, 0, 1;
L_00000297ca153d00 .part v00000297ca0eb9c0_0, 1, 1;
S_00000297ca0570a0 .scope module, "mult" "multiplication" 2 80, 3 137 0, S_00000297ca0651a0;
 .timescale 0 0;
    .port_info 0 /INPUT 8 "IN1";
    .port_info 1 /INPUT 8 "IN2";
    .port_info 2 /OUTPUT 8 "New_Num";
L_00000297ca1ad150 .functor BUFZ 8, v00000297ca148a50_0, C4<00000000>, C4<00000000>, C4<00000000>;
v00000297ca148190_0 .net "IN1", 7 0, L_00000297ca153760;  alias, 1 drivers
v00000297ca1494f0_0 .net "IN2", 7 0, L_00000297ca153f80;  alias, 1 drivers
v00000297ca148910_0 .net "New_Num", 7 0, L_00000297ca1ad150;  alias, 1 drivers
v00000297ca1489b0 .array "partial_products", 0 7, 7 0;
v00000297ca148a50_0 .var "sum", 7 0;
v00000297ca1489b0_0 .array/port v00000297ca1489b0, 0;
v00000297ca1489b0_1 .array/port v00000297ca1489b0, 1;
E_00000297ca0bcaf0/0 .event anyedge, v00000297ca148190_0, v00000297ca1494f0_0, v00000297ca1489b0_0, v00000297ca1489b0_1;
v00000297ca1489b0_2 .array/port v00000297ca1489b0, 2;
v00000297ca1489b0_3 .array/port v00000297ca1489b0, 3;
v00000297ca1489b0_4 .array/port v00000297ca1489b0, 4;
v00000297ca1489b0_5 .array/port v00000297ca1489b0, 5;
E_00000297ca0bcaf0/1 .event anyedge, v00000297ca1489b0_2, v00000297ca1489b0_3, v00000297ca1489b0_4, v00000297ca1489b0_5;
v00000297ca1489b0_6 .array/port v00000297ca1489b0, 6;
v00000297ca1489b0_7 .array/port v00000297ca1489b0, 7;
E_00000297ca0bcaf0/2 .event anyedge, v00000297ca1489b0_6, v00000297ca1489b0_7;
E_00000297ca0bcaf0 .event/or E_00000297ca0bcaf0/0, E_00000297ca0bcaf0/1, E_00000297ca0bcaf0/2;
S_00000297ca057230 .scope module, "mux1" "mux" 2 52, 2 300 0, S_00000297ca0651a0;
 .timescale 0 0;
    .port_info 0 /INPUT 8 "IN1";
    .port_info 1 /INPUT 8 "IN2";
    .port_info 2 /INPUT 1 "SELECT";
    .port_info 3 /OUTPUT 8 "OUT";
v00000297ca149770_0 .net "IN1", 7 0, L_00000297ca097390;  alias, 1 drivers
v00000297ca148c30_0 .net "IN2", 7 0, L_00000297ca153620;  alias, 1 drivers
v00000297ca148e10_0 .var "OUT", 7 0;
v00000297ca149db0_0 .net "SELECT", 0 0, v00000297ca154700_0;  1 drivers
E_00000297ca0bc170 .event anyedge, v00000297ca149db0_0, v00000297ca148c30_0, v00000297ca149770_0;
S_00000297ca0898e0 .scope module, "mux2" "mux" 2 53, 2 300 0, S_00000297ca0651a0;
 .timescale 0 0;
    .port_info 0 /INPUT 8 "IN1";
    .port_info 1 /INPUT 8 "IN2";
    .port_info 2 /INPUT 1 "SELECT";
    .port_info 3 /OUTPUT 8 "OUT";
v00000297ca149090_0 .net "IN1", 7 0, v00000297ca148e10_0;  alias, 1 drivers
v00000297ca1484b0_0 .net "IN2", 7 0, L_00000297ca154d40;  alias, 1 drivers
v00000297ca149e50_0 .var "OUT", 7 0;
v00000297ca1482d0_0 .net "SELECT", 0 0, v00000297ca0ec500_0;  1 drivers
E_00000297ca0bca70 .event anyedge, v00000297ca1482d0_0, v00000297ca1484b0_0, v00000297ca148e10_0;
S_00000297ca089a70 .scope module, "mux3" "muxNew" 2 65, 2 403 0, S_00000297ca0651a0;
 .timescale 0 0;
    .port_info 0 /INPUT 32 "IN1";
    .port_info 1 /INPUT 32 "IN2";
    .port_info 2 /INPUT 1 "SELECT";
    .port_info 3 /OUTPUT 32 "OUT";
v00000297ca1493b0_0 .net "IN1", 31 0, v00000297ca0eb7e0_0;  1 drivers
v00000297ca148eb0_0 .net "IN2", 31 0, L_00000297ca154980;  alias, 1 drivers
v00000297ca149450_0 .var "OUT", 31 0;
v00000297ca1498b0_0 .net "SELECT", 0 0, L_00000297ca1adcb0;  alias, 1 drivers
E_00000297ca0bcbf0 .event anyedge, v00000297ca148870_0, v00000297ca148eb0_0, v00000297ca1493b0_0;
S_00000297ca089c00 .scope module, "reg_file1" "reg_file" 2 43, 4 1 0, S_00000297ca0651a0;
 .timescale 0 0;
    .port_info 0 /INPUT 8 "IN";
    .port_info 1 /OUTPUT 8 "OUT1";
    .port_info 2 /OUTPUT 8 "OUT2";
    .port_info 3 /INPUT 3 "INADDRESS";
    .port_info 4 /INPUT 3 "OUT1ADDRESS";
    .port_info 5 /INPUT 3 "OUT2ADDRESS";
    .port_info 6 /INPUT 1 "WRITE";
    .port_info 7 /INPUT 1 "CLK";
    .port_info 8 /INPUT 1 "RESET";
L_00000297ca098200/d .functor BUFZ 8, L_00000297ca1548e0, C4<00000000>, C4<00000000>, C4<00000000>;
L_00000297ca098200 .delay 8 (2,2,2) L_00000297ca098200/d;
L_00000297ca097390/d .functor BUFZ 8, L_00000297ca1539e0, C4<00000000>, C4<00000000>, C4<00000000>;
L_00000297ca097390 .delay 8 (2,2,2) L_00000297ca097390/d;
v00000297ca149590_0 .net "CLK", 0 0, o00000297ca111798;  alias, 0 drivers
v00000297ca149ef0_0 .net "IN", 7 0, v00000297ca0ccd10_0;  alias, 1 drivers
v00000297ca149a90_0 .net "INADDRESS", 2 0, L_00000297ca154a20;  alias, 1 drivers
v00000297ca149630_0 .net "OUT1", 7 0, L_00000297ca098200;  alias, 1 drivers
v00000297ca148370_0 .net "OUT1ADDRESS", 2 0, L_00000297ca153e40;  alias, 1 drivers
v00000297ca148550_0 .net "OUT2", 7 0, L_00000297ca097390;  alias, 1 drivers
v00000297ca1496d0_0 .net "OUT2ADDRESS", 2 0, L_00000297ca154020;  alias, 1 drivers
v00000297ca149950_0 .net "RESET", 0 0, o00000297ca111858;  alias, 0 drivers
v00000297ca149b30_0 .net "WRITE", 0 0, v00000297ca0eb740_0;  1 drivers
v00000297ca0ed040_0 .net *"_ivl_0", 7 0, L_00000297ca1548e0;  1 drivers
v00000297ca0ebb00_0 .net *"_ivl_10", 4 0, L_00000297ca153ee0;  1 drivers
L_00000297ca155178 .functor BUFT 1, C4<00>, C4<0>, C4<0>, C4<0>;
v00000297ca0ecaa0_0 .net *"_ivl_13", 1 0, L_00000297ca155178;  1 drivers
v00000297ca0ed180_0 .net *"_ivl_2", 4 0, L_00000297ca1538a0;  1 drivers
L_00000297ca155130 .functor BUFT 1, C4<00>, C4<0>, C4<0>, C4<0>;
v00000297ca0ec140_0 .net *"_ivl_5", 1 0, L_00000297ca155130;  1 drivers
v00000297ca0ecd20_0 .net *"_ivl_8", 7 0, L_00000297ca1539e0;  1 drivers
v00000297ca0ec640_0 .var/i "i", 31 0;
v00000297ca0eb920 .array "registers", 0 7, 7 0;
E_00000297ca0bccb0 .event posedge, v00000297ca149590_0;
L_00000297ca1548e0 .array/port v00000297ca0eb920, L_00000297ca1538a0;
L_00000297ca1538a0 .concat [ 3 2 0 0], L_00000297ca153e40, L_00000297ca155130;
L_00000297ca1539e0 .array/port v00000297ca0eb920, L_00000297ca153ee0;
L_00000297ca153ee0 .concat [ 3 2 0 0], L_00000297ca154020, L_00000297ca155178;
S_00000297ca152d90 .scope module, "target" "OFFSETADDER" 2 61, 2 361 0, S_00000297ca0651a0;
 .timescale 0 0;
    .port_info 0 /INPUT 32 "PC";
    .port_info 1 /INPUT 8 "Offset";
    .port_info 2 /OUTPUT 32 "Target";
v00000297ca0ec780_0 .net "Offset", 7 0, o00000297ca111bb8;  alias, 0 drivers
v00000297ca0ebc40_0 .net "PC", 31 0, v00000297ca0eb7e0_0;  alias, 1 drivers
v00000297ca0ebba0_0 .net "Target", 31 0, L_00000297ca154980;  alias, 1 drivers
v00000297ca0ec320_0 .net *"_ivl_1", 0 0, L_00000297ca154200;  1 drivers
L_00000297ca155208 .functor BUFT 1, C4<00>, C4<0>, C4<0>, C4<0>;
v00000297ca0ebd80_0 .net/2u *"_ivl_4", 1 0, L_00000297ca155208;  1 drivers
v00000297ca0ed5e0_0 .net *"_ivl_6", 31 0, L_00000297ca153b20;  1 drivers
v00000297ca0ebce0_0 .net "signBits", 21 0, L_00000297ca154fc0;  1 drivers
L_00000297ca154200 .part o00000297ca111bb8, 7, 1;
LS_00000297ca154fc0_0_0 .concat [ 1 1 1 1], L_00000297ca154200, L_00000297ca154200, L_00000297ca154200, L_00000297ca154200;
LS_00000297ca154fc0_0_4 .concat [ 1 1 1 1], L_00000297ca154200, L_00000297ca154200, L_00000297ca154200, L_00000297ca154200;
LS_00000297ca154fc0_0_8 .concat [ 1 1 1 1], L_00000297ca154200, L_00000297ca154200, L_00000297ca154200, L_00000297ca154200;
LS_00000297ca154fc0_0_12 .concat [ 1 1 1 1], L_00000297ca154200, L_00000297ca154200, L_00000297ca154200, L_00000297ca154200;
LS_00000297ca154fc0_0_16 .concat [ 1 1 1 1], L_00000297ca154200, L_00000297ca154200, L_00000297ca154200, L_00000297ca154200;
LS_00000297ca154fc0_0_20 .concat [ 1 1 0 0], L_00000297ca154200, L_00000297ca154200;
LS_00000297ca154fc0_1_0 .concat [ 4 4 4 4], LS_00000297ca154fc0_0_0, LS_00000297ca154fc0_0_4, LS_00000297ca154fc0_0_8, LS_00000297ca154fc0_0_12;
LS_00000297ca154fc0_1_4 .concat [ 4 2 0 0], LS_00000297ca154fc0_0_16, LS_00000297ca154fc0_0_20;
L_00000297ca154fc0 .concat [ 16 6 0 0], LS_00000297ca154fc0_1_0, LS_00000297ca154fc0_1_4;
L_00000297ca153b20 .concat [ 2 8 22 0], L_00000297ca155208, o00000297ca111bb8, L_00000297ca154fc0;
L_00000297ca154980 .delay 32 (2,2,2) L_00000297ca154980/d;
L_00000297ca154980/d .arith/sum 32, v00000297ca0eb7e0_0, L_00000297ca153b20;
S_00000297ca1525c0 .scope module, "twocomp1" "twocomp" 2 49, 2 287 0, S_00000297ca0651a0;
 .timescale 0 0;
    .port_info 0 /INPUT 8 "IN";
    .port_info 1 /OUTPUT 8 "OUT";
L_00000297ca1ad2a0 .functor NOT 8, L_00000297ca097390, C4<00000000>, C4<00000000>, C4<00000000>;
v00000297ca0ebe20_0 .net "IN", 7 0, L_00000297ca097390;  alias, 1 drivers
v00000297ca0eca00_0 .net "OUT", 7 0, L_00000297ca153620;  alias, 1 drivers
v00000297ca0eba60_0 .net *"_ivl_0", 7 0, L_00000297ca1ad2a0;  1 drivers
L_00000297ca1551c0 .functor BUFT 1, C4<00000001>, C4<0>, C4<0>, C4<0>;
v00000297ca0ec460_0 .net/2u *"_ivl_2", 7 0, L_00000297ca1551c0;  1 drivers
L_00000297ca153620 .delay 8 (1,1,1) L_00000297ca153620/d;
L_00000297ca153620/d .arith/sum 8, L_00000297ca1ad2a0, L_00000297ca1551c0;
    .scope S_00000297ca089c00;
T_0 ;
    %wait E_00000297ca0bccb0;
    %load/vec4 v00000297ca149950_0;
    %flag_set/vec4 8;
    %jmp/0xz  T_0.0, 8;
    %pushi/vec4 0, 0, 32;
    %store/vec4 v00000297ca0ec640_0, 0, 32;
T_0.2 ;
    %load/vec4 v00000297ca0ec640_0;
    %cmpi/s 8, 0, 32;
    %jmp/0xz T_0.3, 5;
    %delay 1, 0;
    %pushi/vec4 0, 0, 8;
    %ix/getv/s 4, v00000297ca0ec640_0;
    %store/vec4a v00000297ca0eb920, 4, 0;
    ; show_stmt_assign_vector: Get l-value for compressed += operand
    %load/vec4 v00000297ca0ec640_0;
    %pushi/vec4 1, 0, 32;
    %add;
    %store/vec4 v00000297ca0ec640_0, 0, 32;
    %jmp T_0.2;
T_0.3 ;
    %jmp T_0.1;
T_0.0 ;
    %load/vec4 v00000297ca149b30_0;
    %flag_set/vec4 8;
    %jmp/0xz  T_0.4, 8;
    %delay 1, 0;
    %load/vec4 v00000297ca149ef0_0;
    %load/vec4 v00000297ca149a90_0;
    %pad/u 5;
    %ix/vec4 4;
    %store/vec4a v00000297ca0eb920, 4, 0;
T_0.4 ;
T_0.1 ;
    %jmp T_0;
    .thread T_0;
    .scope S_00000297ca06cf40;
T_1 ;
    %wait E_00000297ca0bbbb0;
    %delay 2, 0;
    %load/vec4 v00000297ca0cd710_0;
    %parti/s 1, 7, 4;
    %load/vec4 v00000297ca0cd990_0;
    %parti/s 1, 0, 2;
    %and;
    %load/vec4 v00000297ca0cd710_0;
    %parti/s 1, 6, 4;
    %load/vec4 v00000297ca0cd990_0;
    %parti/s 1, 0, 2;
    %and;
    %concat/vec4; draw_concat_vec4
    %load/vec4 v00000297ca0cd710_0;
    %parti/s 1, 5, 4;
    %load/vec4 v00000297ca0cd990_0;
    %parti/s 1, 0, 2;
    %and;
    %concat/vec4; draw_concat_vec4
    %load/vec4 v00000297ca0cd710_0;
    %parti/s 1, 4, 4;
    %load/vec4 v00000297ca0cd990_0;
    %parti/s 1, 0, 2;
    %and;
    %concat/vec4; draw_concat_vec4
    %load/vec4 v00000297ca0cd710_0;
    %parti/s 1, 3, 3;
    %load/vec4 v00000297ca0cd990_0;
    %parti/s 1, 0, 2;
    %and;
    %concat/vec4; draw_concat_vec4
    %load/vec4 v00000297ca0cd710_0;
    %parti/s 1, 2, 3;
    %load/vec4 v00000297ca0cd990_0;
    %parti/s 1, 0, 2;
    %and;
    %concat/vec4; draw_concat_vec4
    %load/vec4 v00000297ca0cd710_0;
    %parti/s 1, 1, 2;
    %load/vec4 v00000297ca0cd990_0;
    %parti/s 1, 0, 2;
    %and;
    %concat/vec4; draw_concat_vec4
    %load/vec4 v00000297ca0cd710_0;
    %parti/s 1, 0, 2;
    %load/vec4 v00000297ca0cd990_0;
    %parti/s 1, 0, 2;
    %and;
    %concat/vec4; draw_concat_vec4
    %ix/load 4, 0, 0;
    %flag_set/imm 4, 0;
    %store/vec4a v00000297ca0cd2b0, 4, 0;
    %load/vec4 v00000297ca0cd710_0;
    %parti/s 1, 6, 4;
    %load/vec4 v00000297ca0cd990_0;
    %parti/s 1, 1, 2;
    %and;
    %load/vec4 v00000297ca0cd710_0;
    %parti/s 1, 5, 4;
    %load/vec4 v00000297ca0cd990_0;
    %parti/s 1, 1, 2;
    %and;
    %concat/vec4; draw_concat_vec4
    %load/vec4 v00000297ca0cd710_0;
    %parti/s 1, 4, 4;
    %load/vec4 v00000297ca0cd990_0;
    %parti/s 1, 1, 2;
    %and;
    %concat/vec4; draw_concat_vec4
    %load/vec4 v00000297ca0cd710_0;
    %parti/s 1, 3, 3;
    %load/vec4 v00000297ca0cd990_0;
    %parti/s 1, 1, 2;
    %and;
    %concat/vec4; draw_concat_vec4
    %load/vec4 v00000297ca0cd710_0;
    %parti/s 1, 2, 3;
    %load/vec4 v00000297ca0cd990_0;
    %parti/s 1, 1, 2;
    %and;
    %concat/vec4; draw_concat_vec4
    %load/vec4 v00000297ca0cd710_0;
    %parti/s 1, 1, 2;
    %load/vec4 v00000297ca0cd990_0;
    %parti/s 1, 1, 2;
    %and;
    %concat/vec4; draw_concat_vec4
    %load/vec4 v00000297ca0cd710_0;
    %parti/s 1, 0, 2;
    %load/vec4 v00000297ca0cd990_0;
    %parti/s 1, 1, 2;
    %and;
    %concat/vec4; draw_concat_vec4
    %concati/vec4 0, 0, 1;
    %ix/load 4, 1, 0;
    %flag_set/imm 4, 0;
    %store/vec4a v00000297ca0cd2b0, 4, 0;
    %load/vec4 v00000297ca0cd710_0;
    %parti/s 1, 5, 4;
    %load/vec4 v00000297ca0cd990_0;
    %parti/s 1, 2, 3;
    %and;
    %load/vec4 v00000297ca0cd710_0;
    %parti/s 1, 4, 4;
    %load/vec4 v00000297ca0cd990_0;
    %parti/s 1, 2, 3;
    %and;
    %concat/vec4; draw_concat_vec4
    %load/vec4 v00000297ca0cd710_0;
    %parti/s 1, 3, 3;
    %load/vec4 v00000297ca0cd990_0;
    %parti/s 1, 2, 3;
    %and;
    %concat/vec4; draw_concat_vec4
    %load/vec4 v00000297ca0cd710_0;
    %parti/s 1, 2, 3;
    %load/vec4 v00000297ca0cd990_0;
    %parti/s 1, 2, 3;
    %and;
    %concat/vec4; draw_concat_vec4
    %load/vec4 v00000297ca0cd710_0;
    %parti/s 1, 1, 2;
    %load/vec4 v00000297ca0cd990_0;
    %parti/s 1, 2, 3;
    %and;
    %concat/vec4; draw_concat_vec4
    %load/vec4 v00000297ca0cd710_0;
    %parti/s 1, 0, 2;
    %load/vec4 v00000297ca0cd990_0;
    %parti/s 1, 2, 3;
    %and;
    %concat/vec4; draw_concat_vec4
    %concati/vec4 0, 0, 2;
    %ix/load 4, 2, 0;
    %flag_set/imm 4, 0;
    %store/vec4a v00000297ca0cd2b0, 4, 0;
    %load/vec4 v00000297ca0cd710_0;
    %parti/s 1, 4, 4;
    %load/vec4 v00000297ca0cd990_0;
    %parti/s 1, 3, 3;
    %and;
    %load/vec4 v00000297ca0cd710_0;
    %parti/s 1, 3, 3;
    %load/vec4 v00000297ca0cd990_0;
    %parti/s 1, 3, 3;
    %and;
    %concat/vec4; draw_concat_vec4
    %load/vec4 v00000297ca0cd710_0;
    %parti/s 1, 2, 3;
    %load/vec4 v00000297ca0cd990_0;
    %parti/s 1, 3, 3;
    %and;
    %concat/vec4; draw_concat_vec4
    %load/vec4 v00000297ca0cd710_0;
    %parti/s 1, 1, 2;
    %load/vec4 v00000297ca0cd990_0;
    %parti/s 1, 3, 3;
    %and;
    %concat/vec4; draw_concat_vec4
    %load/vec4 v00000297ca0cd710_0;
    %parti/s 1, 0, 2;
    %load/vec4 v00000297ca0cd990_0;
    %parti/s 1, 3, 3;
    %and;
    %concat/vec4; draw_concat_vec4
    %concati/vec4 0, 0, 3;
    %ix/load 4, 3, 0;
    %flag_set/imm 4, 0;
    %store/vec4a v00000297ca0cd2b0, 4, 0;
    %load/vec4 v00000297ca0cd710_0;
    %parti/s 1, 3, 3;
    %load/vec4 v00000297ca0cd990_0;
    %parti/s 1, 4, 4;
    %and;
    %load/vec4 v00000297ca0cd710_0;
    %parti/s 1, 2, 3;
    %load/vec4 v00000297ca0cd990_0;
    %parti/s 1, 4, 4;
    %and;
    %concat/vec4; draw_concat_vec4
    %load/vec4 v00000297ca0cd710_0;
    %parti/s 1, 1, 2;
    %load/vec4 v00000297ca0cd990_0;
    %parti/s 1, 4, 4;
    %and;
    %concat/vec4; draw_concat_vec4
    %load/vec4 v00000297ca0cd710_0;
    %parti/s 1, 0, 2;
    %load/vec4 v00000297ca0cd990_0;
    %parti/s 1, 4, 4;
    %and;
    %concat/vec4; draw_concat_vec4
    %concati/vec4 0, 0, 4;
    %ix/load 4, 4, 0;
    %flag_set/imm 4, 0;
    %store/vec4a v00000297ca0cd2b0, 4, 0;
    %load/vec4 v00000297ca0cd710_0;
    %parti/s 1, 2, 3;
    %load/vec4 v00000297ca0cd990_0;
    %parti/s 1, 5, 4;
    %and;
    %load/vec4 v00000297ca0cd710_0;
    %parti/s 1, 1, 2;
    %load/vec4 v00000297ca0cd990_0;
    %parti/s 1, 5, 4;
    %and;
    %concat/vec4; draw_concat_vec4
    %load/vec4 v00000297ca0cd710_0;
    %parti/s 1, 0, 2;
    %load/vec4 v00000297ca0cd990_0;
    %parti/s 1, 5, 4;
    %and;
    %concat/vec4; draw_concat_vec4
    %concati/vec4 0, 0, 5;
    %ix/load 4, 5, 0;
    %flag_set/imm 4, 0;
    %store/vec4a v00000297ca0cd2b0, 4, 0;
    %load/vec4 v00000297ca0cd710_0;
    %parti/s 1, 1, 2;
    %load/vec4 v00000297ca0cd990_0;
    %parti/s 1, 6, 4;
    %and;
    %load/vec4 v00000297ca0cd710_0;
    %parti/s 1, 0, 2;
    %load/vec4 v00000297ca0cd990_0;
    %parti/s 1, 6, 4;
    %and;
    %concat/vec4; draw_concat_vec4
    %concati/vec4 0, 0, 6;
    %ix/load 4, 6, 0;
    %flag_set/imm 4, 0;
    %store/vec4a v00000297ca0cd2b0, 4, 0;
    %load/vec4 v00000297ca0cd710_0;
    %parti/s 1, 0, 2;
    %load/vec4 v00000297ca0cd990_0;
    %parti/s 1, 7, 4;
    %and;
    %concati/vec4 0, 0, 7;
    %ix/load 4, 7, 0;
    %flag_set/imm 4, 0;
    %store/vec4a v00000297ca0cd2b0, 4, 0;
    %ix/load 4, 0, 0;
    %flag_set/imm 4, 0;
    %load/vec4a v00000297ca0cd2b0, 4;
    %ix/load 4, 1, 0;
    %flag_set/imm 4, 0;
    %load/vec4a v00000297ca0cd2b0, 4;
    %add;
    %ix/load 4, 2, 0;
    %flag_set/imm 4, 0;
    %load/vec4a v00000297ca0cd2b0, 4;
    %add;
    %ix/load 4, 3, 0;
    %flag_set/imm 4, 0;
    %load/vec4a v00000297ca0cd2b0, 4;
    %add;
    %ix/load 4, 4, 0;
    %flag_set/imm 4, 0;
    %load/vec4a v00000297ca0cd2b0, 4;
    %add;
    %ix/load 4, 5, 0;
    %flag_set/imm 4, 0;
    %load/vec4a v00000297ca0cd2b0, 4;
    %add;
    %ix/load 4, 6, 0;
    %flag_set/imm 4, 0;
    %load/vec4a v00000297ca0cd2b0, 4;
    %add;
    %ix/load 4, 7, 0;
    %flag_set/imm 4, 0;
    %load/vec4a v00000297ca0cd2b0, 4;
    %add;
    %store/vec4 v00000297ca0cc950_0, 0, 8;
    %jmp T_1;
    .thread T_1, $push;
    .scope S_00000297ca06d0d0;
T_2 ;
    %wait E_00000297ca0bbaf0;
    %delay 1, 0;
    %load/vec4 v00000297ca0cd350_0;
    %dup/vec4;
    %pushi/vec4 0, 0, 4;
    %cmp/u;
    %jmp/1 T_2.0, 6;
    %dup/vec4;
    %pushi/vec4 1, 0, 4;
    %cmp/u;
    %jmp/1 T_2.1, 6;
    %dup/vec4;
    %pushi/vec4 2, 0, 4;
    %cmp/u;
    %jmp/1 T_2.2, 6;
    %dup/vec4;
    %pushi/vec4 3, 0, 4;
    %cmp/u;
    %jmp/1 T_2.3, 6;
    %dup/vec4;
    %pushi/vec4 4, 0, 4;
    %cmp/u;
    %jmp/1 T_2.4, 6;
    %dup/vec4;
    %pushi/vec4 5, 0, 4;
    %cmp/u;
    %jmp/1 T_2.5, 6;
    %dup/vec4;
    %pushi/vec4 6, 0, 4;
    %cmp/u;
    %jmp/1 T_2.6, 6;
    %dup/vec4;
    %pushi/vec4 7, 0, 4;
    %cmp/u;
    %jmp/1 T_2.7, 6;
    %load/vec4 v00000297ca0ccef0_0;
    %parti/s 1, 7, 4;
    %load/vec4 v00000297ca0ccef0_0;
    %parti/s 1, 7, 4;
    %concat/vec4; draw_concat_vec4
    %load/vec4 v00000297ca0ccef0_0;
    %parti/s 1, 7, 4;
    %concat/vec4; draw_concat_vec4
    %load/vec4 v00000297ca0ccef0_0;
    %parti/s 1, 7, 4;
    %concat/vec4; draw_concat_vec4
    %load/vec4 v00000297ca0ccef0_0;
    %parti/s 1, 7, 4;
    %concat/vec4; draw_concat_vec4
    %load/vec4 v00000297ca0ccef0_0;
    %parti/s 1, 7, 4;
    %concat/vec4; draw_concat_vec4
    %load/vec4 v00000297ca0ccef0_0;
    %parti/s 1, 7, 4;
    %concat/vec4; draw_concat_vec4
    %load/vec4 v00000297ca0ccef0_0;
    %parti/s 1, 7, 4;
    %concat/vec4; draw_concat_vec4
    %store/vec4 v00000297ca0cdc10_0, 0, 8;
    %jmp T_2.9;
T_2.0 ;
    %load/vec4 v00000297ca0ccef0_0;
    %store/vec4 v00000297ca0cdc10_0, 0, 8;
    %jmp T_2.9;
T_2.1 ;
    %load/vec4 v00000297ca0ccef0_0;
    %parti/s 1, 7, 4;
    %load/vec4 v00000297ca0ccef0_0;
    %parti/s 7, 1, 2;
    %concat/vec4; draw_concat_vec4
    %store/vec4 v00000297ca0cdc10_0, 0, 8;
    %jmp T_2.9;
T_2.2 ;
    %load/vec4 v00000297ca0ccef0_0;
    %parti/s 1, 7, 4;
    %load/vec4 v00000297ca0ccef0_0;
    %parti/s 1, 7, 4;
    %concat/vec4; draw_concat_vec4
    %load/vec4 v00000297ca0ccef0_0;
    %parti/s 6, 2, 3;
    %concat/vec4; draw_concat_vec4
    %store/vec4 v00000297ca0cdc10_0, 0, 8;
    %jmp T_2.9;
T_2.3 ;
    %load/vec4 v00000297ca0ccef0_0;
    %parti/s 1, 7, 4;
    %load/vec4 v00000297ca0ccef0_0;
    %parti/s 1, 7, 4;
    %concat/vec4; draw_concat_vec4
    %load/vec4 v00000297ca0ccef0_0;
    %parti/s 1, 7, 4;
    %concat/vec4; draw_concat_vec4
    %load/vec4 v00000297ca0ccef0_0;
    %parti/s 5, 3, 3;
    %concat/vec4; draw_concat_vec4
    %store/vec4 v00000297ca0cdc10_0, 0, 8;
    %jmp T_2.9;
T_2.4 ;
    %load/vec4 v00000297ca0ccef0_0;
    %parti/s 1, 7, 4;
    %load/vec4 v00000297ca0ccef0_0;
    %parti/s 1, 7, 4;
    %concat/vec4; draw_concat_vec4
    %load/vec4 v00000297ca0ccef0_0;
    %parti/s 1, 7, 4;
    %concat/vec4; draw_concat_vec4
    %load/vec4 v00000297ca0ccef0_0;
    %parti/s 1, 7, 4;
    %concat/vec4; draw_concat_vec4
    %load/vec4 v00000297ca0ccef0_0;
    %parti/s 4, 4, 4;
    %concat/vec4; draw_concat_vec4
    %store/vec4 v00000297ca0cdc10_0, 0, 8;
    %jmp T_2.9;
T_2.5 ;
    %load/vec4 v00000297ca0ccef0_0;
    %parti/s 1, 7, 4;
    %load/vec4 v00000297ca0ccef0_0;
    %parti/s 1, 7, 4;
    %concat/vec4; draw_concat_vec4
    %load/vec4 v00000297ca0ccef0_0;
    %parti/s 1, 7, 4;
    %concat/vec4; draw_concat_vec4
    %load/vec4 v00000297ca0ccef0_0;
    %parti/s 1, 7, 4;
    %concat/vec4; draw_concat_vec4
    %load/vec4 v00000297ca0ccef0_0;
    %parti/s 1, 7, 4;
    %concat/vec4; draw_concat_vec4
    %load/vec4 v00000297ca0ccef0_0;
    %parti/s 3, 5, 4;
    %concat/vec4; draw_concat_vec4
    %store/vec4 v00000297ca0cdc10_0, 0, 8;
    %jmp T_2.9;
T_2.6 ;
    %load/vec4 v00000297ca0ccef0_0;
    %parti/s 1, 7, 4;
    %load/vec4 v00000297ca0ccef0_0;
    %parti/s 1, 7, 4;
    %concat/vec4; draw_concat_vec4
    %load/vec4 v00000297ca0ccef0_0;
    %parti/s 1, 7, 4;
    %concat/vec4; draw_concat_vec4
    %load/vec4 v00000297ca0ccef0_0;
    %parti/s 1, 7, 4;
    %concat/vec4; draw_concat_vec4
    %load/vec4 v00000297ca0ccef0_0;
    %parti/s 1, 7, 4;
    %concat/vec4; draw_concat_vec4
    %load/vec4 v00000297ca0ccef0_0;
    %parti/s 1, 7, 4;
    %concat/vec4; draw_concat_vec4
    %load/vec4 v00000297ca0ccef0_0;
    %parti/s 2, 6, 4;
    %concat/vec4; draw_concat_vec4
    %store/vec4 v00000297ca0cdc10_0, 0, 8;
    %jmp T_2.9;
T_2.7 ;
    %load/vec4 v00000297ca0ccef0_0;
    %parti/s 1, 7, 4;
    %load/vec4 v00000297ca0ccef0_0;
    %parti/s 1, 7, 4;
    %concat/vec4; draw_concat_vec4
    %load/vec4 v00000297ca0ccef0_0;
    %parti/s 1, 7, 4;
    %concat/vec4; draw_concat_vec4
    %load/vec4 v00000297ca0ccef0_0;
    %parti/s 1, 7, 4;
    %concat/vec4; draw_concat_vec4
    %load/vec4 v00000297ca0ccef0_0;
    %parti/s 1, 7, 4;
    %concat/vec4; draw_concat_vec4
    %load/vec4 v00000297ca0ccef0_0;
    %parti/s 1, 7, 4;
    %concat/vec4; draw_concat_vec4
    %load/vec4 v00000297ca0ccef0_0;
    %parti/s 1, 7, 4;
    %concat/vec4; draw_concat_vec4
    %load/vec4 v00000297ca0ccef0_0;
    %parti/s 1, 7, 4;
    %concat/vec4; draw_concat_vec4
    %store/vec4 v00000297ca0cdc10_0, 0, 8;
    %jmp T_2.9;
T_2.9 ;
    %pop/vec4 1;
    %jmp T_2;
    .thread T_2, $push;
    .scope S_00000297ca05dc70;
T_3 ;
    %wait E_00000297ca0bc7f0;
    %delay 1, 0;
    %load/vec4 v00000297ca0ccdb0_0;
    %dup/vec4;
    %pushi/vec4 0, 0, 4;
    %cmp/u;
    %jmp/1 T_3.0, 6;
    %dup/vec4;
    %pushi/vec4 1, 0, 4;
    %cmp/u;
    %jmp/1 T_3.1, 6;
    %dup/vec4;
    %pushi/vec4 2, 0, 4;
    %cmp/u;
    %jmp/1 T_3.2, 6;
    %dup/vec4;
    %pushi/vec4 3, 0, 4;
    %cmp/u;
    %jmp/1 T_3.3, 6;
    %dup/vec4;
    %pushi/vec4 4, 0, 4;
    %cmp/u;
    %jmp/1 T_3.4, 6;
    %dup/vec4;
    %pushi/vec4 5, 0, 4;
    %cmp/u;
    %jmp/1 T_3.5, 6;
    %dup/vec4;
    %pushi/vec4 6, 0, 4;
    %cmp/u;
    %jmp/1 T_3.6, 6;
    %dup/vec4;
    %pushi/vec4 7, 0, 4;
    %cmp/u;
    %jmp/1 T_3.7, 6;
    %pushi/vec4 0, 0, 8;
    %store/vec4 v00000297ca0cddf0_0, 0, 8;
    %jmp T_3.9;
T_3.0 ;
    %load/vec4 v00000297ca0cbf50_0;
    %store/vec4 v00000297ca0cddf0_0, 0, 8;
    %jmp T_3.9;
T_3.1 ;
    %load/vec4 v00000297ca0cbf50_0;
    %parti/s 1, 0, 2;
    %load/vec4 v00000297ca0cbf50_0;
    %parti/s 7, 1, 2;
    %concat/vec4; draw_concat_vec4
    %store/vec4 v00000297ca0cddf0_0, 0, 8;
    %jmp T_3.9;
T_3.2 ;
    %load/vec4 v00000297ca0cbf50_0;
    %parti/s 1, 1, 2;
    %load/vec4 v00000297ca0cbf50_0;
    %parti/s 1, 0, 2;
    %concat/vec4; draw_concat_vec4
    %load/vec4 v00000297ca0cbf50_0;
    %parti/s 6, 2, 3;
    %concat/vec4; draw_concat_vec4
    %store/vec4 v00000297ca0cddf0_0, 0, 8;
    %jmp T_3.9;
T_3.3 ;
    %load/vec4 v00000297ca0cbf50_0;
    %parti/s 1, 2, 3;
    %load/vec4 v00000297ca0cbf50_0;
    %parti/s 1, 1, 2;
    %concat/vec4; draw_concat_vec4
    %load/vec4 v00000297ca0cbf50_0;
    %parti/s 1, 0, 2;
    %concat/vec4; draw_concat_vec4
    %load/vec4 v00000297ca0cbf50_0;
    %parti/s 5, 3, 3;
    %concat/vec4; draw_concat_vec4
    %store/vec4 v00000297ca0cddf0_0, 0, 8;
    %jmp T_3.9;
T_3.4 ;
    %load/vec4 v00000297ca0cbf50_0;
    %parti/s 1, 3, 3;
    %load/vec4 v00000297ca0cbf50_0;
    %parti/s 1, 2, 3;
    %concat/vec4; draw_concat_vec4
    %load/vec4 v00000297ca0cbf50_0;
    %parti/s 1, 1, 2;
    %concat/vec4; draw_concat_vec4
    %load/vec4 v00000297ca0cbf50_0;
    %parti/s 1, 0, 2;
    %concat/vec4; draw_concat_vec4
    %load/vec4 v00000297ca0cbf50_0;
    %parti/s 4, 4, 4;
    %concat/vec4; draw_concat_vec4
    %store/vec4 v00000297ca0cddf0_0, 0, 8;
    %jmp T_3.9;
T_3.5 ;
    %load/vec4 v00000297ca0cbf50_0;
    %parti/s 1, 4, 4;
    %load/vec4 v00000297ca0cbf50_0;
    %parti/s 1, 3, 3;
    %concat/vec4; draw_concat_vec4
    %load/vec4 v00000297ca0cbf50_0;
    %parti/s 1, 2, 3;
    %concat/vec4; draw_concat_vec4
    %load/vec4 v00000297ca0cbf50_0;
    %parti/s 1, 1, 2;
    %concat/vec4; draw_concat_vec4
    %load/vec4 v00000297ca0cbf50_0;
    %parti/s 1, 0, 2;
    %concat/vec4; draw_concat_vec4
    %load/vec4 v00000297ca0cbf50_0;
    %parti/s 3, 5, 4;
    %concat/vec4; draw_concat_vec4
    %store/vec4 v00000297ca0cddf0_0, 0, 8;
    %jmp T_3.9;
T_3.6 ;
    %load/vec4 v00000297ca0cbf50_0;
    %parti/s 1, 5, 4;
    %load/vec4 v00000297ca0cbf50_0;
    %parti/s 1, 4, 4;
    %concat/vec4; draw_concat_vec4
    %load/vec4 v00000297ca0cbf50_0;
    %parti/s 1, 3, 3;
    %concat/vec4; draw_concat_vec4
    %load/vec4 v00000297ca0cbf50_0;
    %parti/s 1, 2, 3;
    %concat/vec4; draw_concat_vec4
    %load/vec4 v00000297ca0cbf50_0;
    %parti/s 1, 1, 2;
    %concat/vec4; draw_concat_vec4
    %load/vec4 v00000297ca0cbf50_0;
    %parti/s 1, 0, 2;
    %concat/vec4; draw_concat_vec4
    %load/vec4 v00000297ca0cbf50_0;
    %parti/s 2, 6, 4;
    %concat/vec4; draw_concat_vec4
    %store/vec4 v00000297ca0cddf0_0, 0, 8;
    %jmp T_3.9;
T_3.7 ;
    %load/vec4 v00000297ca0cbf50_0;
    %parti/s 1, 6, 4;
    %load/vec4 v00000297ca0cbf50_0;
    %parti/s 1, 5, 4;
    %concat/vec4; draw_concat_vec4
    %load/vec4 v00000297ca0cbf50_0;
    %parti/s 1, 4, 4;
    %concat/vec4; draw_concat_vec4
    %load/vec4 v00000297ca0cbf50_0;
    %parti/s 1, 3, 3;
    %concat/vec4; draw_concat_vec4
    %load/vec4 v00000297ca0cbf50_0;
    %parti/s 1, 2, 3;
    %concat/vec4; draw_concat_vec4
    %load/vec4 v00000297ca0cbf50_0;
    %parti/s 1, 1, 2;
    %concat/vec4; draw_concat_vec4
    %load/vec4 v00000297ca0cbf50_0;
    %parti/s 1, 0, 2;
    %concat/vec4; draw_concat_vec4
    %load/vec4 v00000297ca0cbf50_0;
    %parti/s 1, 7, 4;
    %concat/vec4; draw_concat_vec4
    %store/vec4 v00000297ca0cddf0_0, 0, 8;
    %jmp T_3.9;
T_3.9 ;
    %pop/vec4 1;
    %jmp T_3;
    .thread T_3, $push;
    .scope S_00000297ca05de00;
T_4 ;
    %wait E_00000297ca0bcd30;
    %load/vec4 v00000297ca0cd0d0_0;
    %dup/vec4;
    %pushi/vec4 0, 0, 1;
    %cmp/u;
    %jmp/1 T_4.0, 6;
    %dup/vec4;
    %pushi/vec4 1, 0, 1;
    %cmp/u;
    %jmp/1 T_4.1, 6;
    %jmp T_4.2;
T_4.0 ;
    %delay 1, 0;
    %load/vec4 v00000297ca0cca90_0;
    %dup/vec4;
    %pushi/vec4 0, 0, 4;
    %cmp/u;
    %jmp/1 T_4.3, 6;
    %dup/vec4;
    %pushi/vec4 1, 0, 4;
    %cmp/u;
    %jmp/1 T_4.4, 6;
    %dup/vec4;
    %pushi/vec4 2, 0, 4;
    %cmp/u;
    %jmp/1 T_4.5, 6;
    %dup/vec4;
    %pushi/vec4 3, 0, 4;
    %cmp/u;
    %jmp/1 T_4.6, 6;
    %dup/vec4;
    %pushi/vec4 4, 0, 4;
    %cmp/u;
    %jmp/1 T_4.7, 6;
    %dup/vec4;
    %pushi/vec4 5, 0, 4;
    %cmp/u;
    %jmp/1 T_4.8, 6;
    %dup/vec4;
    %pushi/vec4 6, 0, 4;
    %cmp/u;
    %jmp/1 T_4.9, 6;
    %dup/vec4;
    %pushi/vec4 7, 0, 4;
    %cmp/u;
    %jmp/1 T_4.10, 6;
    %pushi/vec4 0, 0, 8;
    %store/vec4 v00000297ca0cbff0_0, 0, 8;
    %jmp T_4.12;
T_4.3 ;
    %load/vec4 v00000297ca0cc4f0_0;
    %store/vec4 v00000297ca0cbff0_0, 0, 8;
    %jmp T_4.12;
T_4.4 ;
    %load/vec4 v00000297ca0cc4f0_0;
    %parti/s 7, 0, 2;
    %concati/vec4 0, 0, 1;
    %store/vec4 v00000297ca0cbff0_0, 0, 8;
    %jmp T_4.12;
T_4.5 ;
    %load/vec4 v00000297ca0cc4f0_0;
    %parti/s 6, 0, 2;
    %concati/vec4 0, 0, 2;
    %store/vec4 v00000297ca0cbff0_0, 0, 8;
    %jmp T_4.12;
T_4.6 ;
    %load/vec4 v00000297ca0cc4f0_0;
    %parti/s 5, 0, 2;
    %concati/vec4 0, 0, 3;
    %store/vec4 v00000297ca0cbff0_0, 0, 8;
    %jmp T_4.12;
T_4.7 ;
    %load/vec4 v00000297ca0cc4f0_0;
    %parti/s 4, 0, 2;
    %concati/vec4 0, 0, 4;
    %store/vec4 v00000297ca0cbff0_0, 0, 8;
    %jmp T_4.12;
T_4.8 ;
    %load/vec4 v00000297ca0cc4f0_0;
    %parti/s 3, 0, 2;
    %concati/vec4 0, 0, 5;
    %store/vec4 v00000297ca0cbff0_0, 0, 8;
    %jmp T_4.12;
T_4.9 ;
    %load/vec4 v00000297ca0cc4f0_0;
    %parti/s 2, 0, 2;
    %concati/vec4 0, 0, 6;
    %store/vec4 v00000297ca0cbff0_0, 0, 8;
    %jmp T_4.12;
T_4.10 ;
    %load/vec4 v00000297ca0cc4f0_0;
    %parti/s 1, 0, 2;
    %concati/vec4 0, 0, 7;
    %store/vec4 v00000297ca0cbff0_0, 0, 8;
    %jmp T_4.12;
T_4.12 ;
    %pop/vec4 1;
    %jmp T_4.2;
T_4.1 ;
    %delay 1, 0;
    %load/vec4 v00000297ca0cca90_0;
    %dup/vec4;
    %pushi/vec4 0, 0, 4;
    %cmp/u;
    %jmp/1 T_4.13, 6;
    %dup/vec4;
    %pushi/vec4 1, 0, 4;
    %cmp/u;
    %jmp/1 T_4.14, 6;
    %dup/vec4;
    %pushi/vec4 2, 0, 4;
    %cmp/u;
    %jmp/1 T_4.15, 6;
    %dup/vec4;
    %pushi/vec4 3, 0, 4;
    %cmp/u;
    %jmp/1 T_4.16, 6;
    %dup/vec4;
    %pushi/vec4 4, 0, 4;
    %cmp/u;
    %jmp/1 T_4.17, 6;
    %dup/vec4;
    %pushi/vec4 5, 0, 4;
    %cmp/u;
    %jmp/1 T_4.18, 6;
    %dup/vec4;
    %pushi/vec4 6, 0, 4;
    %cmp/u;
    %jmp/1 T_4.19, 6;
    %dup/vec4;
    %pushi/vec4 7, 0, 4;
    %cmp/u;
    %jmp/1 T_4.20, 6;
    %pushi/vec4 0, 0, 8;
    %store/vec4 v00000297ca0cbff0_0, 0, 8;
    %jmp T_4.22;
T_4.13 ;
    %load/vec4 v00000297ca0cc4f0_0;
    %store/vec4 v00000297ca0cbff0_0, 0, 8;
    %jmp T_4.22;
T_4.14 ;
    %pushi/vec4 0, 0, 1;
    %load/vec4 v00000297ca0cc4f0_0;
    %parti/s 7, 1, 2;
    %concat/vec4; draw_concat_vec4
    %store/vec4 v00000297ca0cbff0_0, 0, 8;
    %jmp T_4.22;
T_4.15 ;
    %pushi/vec4 0, 0, 2;
    %load/vec4 v00000297ca0cc4f0_0;
    %parti/s 6, 2, 3;
    %concat/vec4; draw_concat_vec4
    %store/vec4 v00000297ca0cbff0_0, 0, 8;
    %jmp T_4.22;
T_4.16 ;
    %pushi/vec4 0, 0, 3;
    %load/vec4 v00000297ca0cc4f0_0;
    %parti/s 5, 3, 3;
    %concat/vec4; draw_concat_vec4
    %store/vec4 v00000297ca0cbff0_0, 0, 8;
    %jmp T_4.22;
T_4.17 ;
    %pushi/vec4 0, 0, 4;
    %load/vec4 v00000297ca0cc4f0_0;
    %parti/s 4, 4, 4;
    %concat/vec4; draw_concat_vec4
    %store/vec4 v00000297ca0cbff0_0, 0, 8;
    %jmp T_4.22;
T_4.18 ;
    %pushi/vec4 0, 0, 5;
    %load/vec4 v00000297ca0cc4f0_0;
    %parti/s 3, 5, 4;
    %concat/vec4; draw_concat_vec4
    %store/vec4 v00000297ca0cbff0_0, 0, 8;
    %jmp T_4.22;
T_4.19 ;
    %pushi/vec4 0, 0, 6;
    %load/vec4 v00000297ca0cc4f0_0;
    %parti/s 2, 6, 4;
    %concat/vec4; draw_concat_vec4
    %store/vec4 v00000297ca0cbff0_0, 0, 8;
    %jmp T_4.22;
T_4.20 ;
    %pushi/vec4 0, 0, 7;
    %load/vec4 v00000297ca0cc4f0_0;
    %parti/s 1, 7, 4;
    %concat/vec4; draw_concat_vec4
    %store/vec4 v00000297ca0cbff0_0, 0, 8;
    %jmp T_4.22;
T_4.22 ;
    %pop/vec4 1;
    %jmp T_4.2;
T_4.2 ;
    %pop/vec4 1;
    %jmp T_4;
    .thread T_4, $push;
    .scope S_00000297ca065330;
T_5 ;
    %wait E_00000297ca0bab30;
    %load/vec4 v00000297ca0cce50_0;
    %dup/vec4;
    %pushi/vec4 0, 0, 3;
    %cmp/u;
    %jmp/1 T_5.0, 6;
    %dup/vec4;
    %pushi/vec4 1, 0, 3;
    %cmp/u;
    %jmp/1 T_5.1, 6;
    %dup/vec4;
    %pushi/vec4 2, 0, 3;
    %cmp/u;
    %jmp/1 T_5.2, 6;
    %dup/vec4;
    %pushi/vec4 3, 0, 3;
    %cmp/u;
    %jmp/1 T_5.3, 6;
    %dup/vec4;
    %pushi/vec4 4, 0, 3;
    %cmp/u;
    %jmp/1 T_5.4, 6;
    %dup/vec4;
    %pushi/vec4 5, 0, 3;
    %cmp/u;
    %jmp/1 T_5.5, 6;
    %dup/vec4;
    %pushi/vec4 6, 0, 3;
    %cmp/u;
    %jmp/1 T_5.6, 6;
    %dup/vec4;
    %pushi/vec4 7, 0, 3;
    %cmp/u;
    %jmp/1 T_5.7, 6;
    %load/vec4 v00000297ca0ccc70_0;
    %store/vec4 v00000297ca0ccd10_0, 0, 8;
    %jmp T_5.9;
T_5.0 ;
    %load/vec4 v00000297ca0ccbd0_0;
    %store/vec4 v00000297ca0ccd10_0, 0, 8;
    %jmp T_5.9;
T_5.1 ;
    %load/vec4 v00000297ca0cd030_0;
    %store/vec4 v00000297ca0ccd10_0, 0, 8;
    %jmp T_5.9;
T_5.2 ;
    %load/vec4 v00000297ca0cc590_0;
    %store/vec4 v00000297ca0ccd10_0, 0, 8;
    %jmp T_5.9;
T_5.3 ;
    %load/vec4 v00000297ca0cc630_0;
    %store/vec4 v00000297ca0ccd10_0, 0, 8;
    %jmp T_5.9;
T_5.4 ;
    %load/vec4 v00000297ca0cc6d0_0;
    %store/vec4 v00000297ca0ccd10_0, 0, 8;
    %jmp T_5.9;
T_5.5 ;
    %load/vec4 v00000297ca0cd3f0_0;
    %store/vec4 v00000297ca0ccd10_0, 0, 8;
    %jmp T_5.9;
T_5.6 ;
    %load/vec4 v00000297ca0cc9f0_0;
    %store/vec4 v00000297ca0ccd10_0, 0, 8;
    %jmp T_5.9;
T_5.7 ;
    %load/vec4 v00000297ca0cc770_0;
    %store/vec4 v00000297ca0ccd10_0, 0, 8;
    %jmp T_5.9;
T_5.9 ;
    %pop/vec4 1;
    %jmp T_5;
    .thread T_5, $push;
    .scope S_00000297ca057230;
T_6 ;
    %wait E_00000297ca0bc170;
    %load/vec4 v00000297ca149db0_0;
    %cmpi/e 1, 0, 1;
    %jmp/0xz  T_6.0, 4;
    %load/vec4 v00000297ca148c30_0;
    %store/vec4 v00000297ca148e10_0, 0, 8;
    %jmp T_6.1;
T_6.0 ;
    %load/vec4 v00000297ca149770_0;
    %store/vec4 v00000297ca148e10_0, 0, 8;
T_6.1 ;
    %jmp T_6;
    .thread T_6, $push;
    .scope S_00000297ca0898e0;
T_7 ;
    %wait E_00000297ca0bca70;
    %load/vec4 v00000297ca1482d0_0;
    %cmpi/e 1, 0, 1;
    %jmp/0xz  T_7.0, 4;
    %load/vec4 v00000297ca1484b0_0;
    %store/vec4 v00000297ca149e50_0, 0, 8;
    %jmp T_7.1;
T_7.0 ;
    %load/vec4 v00000297ca149090_0;
    %store/vec4 v00000297ca149e50_0, 0, 8;
T_7.1 ;
    %jmp T_7;
    .thread T_7, $push;
    .scope S_00000297ca089a70;
T_8 ;
    %wait E_00000297ca0bcbf0;
    %load/vec4 v00000297ca1498b0_0;
    %cmpi/e 1, 0, 1;
    %jmp/0xz  T_8.0, 4;
    %load/vec4 v00000297ca148eb0_0;
    %store/vec4 v00000297ca149450_0, 0, 32;
    %jmp T_8.1;
T_8.0 ;
    %load/vec4 v00000297ca1493b0_0;
    %store/vec4 v00000297ca149450_0, 0, 32;
T_8.1 ;
    %jmp T_8;
    .thread T_8, $push;
    .scope S_00000297ca0570a0;
T_9 ;
    %wait E_00000297ca0bcaf0;
    %delay 2, 0;
    %load/vec4 v00000297ca148190_0;
    %parti/s 1, 7, 4;
    %load/vec4 v00000297ca1494f0_0;
    %parti/s 1, 0, 2;
    %and;
    %load/vec4 v00000297ca148190_0;
    %parti/s 1, 6, 4;
    %load/vec4 v00000297ca1494f0_0;
    %parti/s 1, 0, 2;
    %and;
    %concat/vec4; draw_concat_vec4
    %load/vec4 v00000297ca148190_0;
    %parti/s 1, 5, 4;
    %load/vec4 v00000297ca1494f0_0;
    %parti/s 1, 0, 2;
    %and;
    %concat/vec4; draw_concat_vec4
    %load/vec4 v00000297ca148190_0;
    %parti/s 1, 4, 4;
    %load/vec4 v00000297ca1494f0_0;
    %parti/s 1, 0, 2;
    %and;
    %concat/vec4; draw_concat_vec4
    %load/vec4 v00000297ca148190_0;
    %parti/s 1, 3, 3;
    %load/vec4 v00000297ca1494f0_0;
    %parti/s 1, 0, 2;
    %and;
    %concat/vec4; draw_concat_vec4
    %load/vec4 v00000297ca148190_0;
    %parti/s 1, 2, 3;
    %load/vec4 v00000297ca1494f0_0;
    %parti/s 1, 0, 2;
    %and;
    %concat/vec4; draw_concat_vec4
    %load/vec4 v00000297ca148190_0;
    %parti/s 1, 1, 2;
    %load/vec4 v00000297ca1494f0_0;
    %parti/s 1, 0, 2;
    %and;
    %concat/vec4; draw_concat_vec4
    %load/vec4 v00000297ca148190_0;
    %parti/s 1, 0, 2;
    %load/vec4 v00000297ca1494f0_0;
    %parti/s 1, 0, 2;
    %and;
    %concat/vec4; draw_concat_vec4
    %ix/load 4, 0, 0;
    %flag_set/imm 4, 0;
    %store/vec4a v00000297ca1489b0, 4, 0;
    %load/vec4 v00000297ca148190_0;
    %parti/s 1, 6, 4;
    %load/vec4 v00000297ca1494f0_0;
    %parti/s 1, 1, 2;
    %and;
    %load/vec4 v00000297ca148190_0;
    %parti/s 1, 5, 4;
    %load/vec4 v00000297ca1494f0_0;
    %parti/s 1, 1, 2;
    %and;
    %concat/vec4; draw_concat_vec4
    %load/vec4 v00000297ca148190_0;
    %parti/s 1, 4, 4;
    %load/vec4 v00000297ca1494f0_0;
    %parti/s 1, 1, 2;
    %and;
    %concat/vec4; draw_concat_vec4
    %load/vec4 v00000297ca148190_0;
    %parti/s 1, 3, 3;
    %load/vec4 v00000297ca1494f0_0;
    %parti/s 1, 1, 2;
    %and;
    %concat/vec4; draw_concat_vec4
    %load/vec4 v00000297ca148190_0;
    %parti/s 1, 2, 3;
    %load/vec4 v00000297ca1494f0_0;
    %parti/s 1, 1, 2;
    %and;
    %concat/vec4; draw_concat_vec4
    %load/vec4 v00000297ca148190_0;
    %parti/s 1, 1, 2;
    %load/vec4 v00000297ca1494f0_0;
    %parti/s 1, 1, 2;
    %and;
    %concat/vec4; draw_concat_vec4
    %load/vec4 v00000297ca148190_0;
    %parti/s 1, 0, 2;
    %load/vec4 v00000297ca1494f0_0;
    %parti/s 1, 1, 2;
    %and;
    %concat/vec4; draw_concat_vec4
    %concati/vec4 0, 0, 1;
    %ix/load 4, 1, 0;
    %flag_set/imm 4, 0;
    %store/vec4a v00000297ca1489b0, 4, 0;
    %load/vec4 v00000297ca148190_0;
    %parti/s 1, 5, 4;
    %load/vec4 v00000297ca1494f0_0;
    %parti/s 1, 2, 3;
    %and;
    %load/vec4 v00000297ca148190_0;
    %parti/s 1, 4, 4;
    %load/vec4 v00000297ca1494f0_0;
    %parti/s 1, 2, 3;
    %and;
    %concat/vec4; draw_concat_vec4
    %load/vec4 v00000297ca148190_0;
    %parti/s 1, 3, 3;
    %load/vec4 v00000297ca1494f0_0;
    %parti/s 1, 2, 3;
    %and;
    %concat/vec4; draw_concat_vec4
    %load/vec4 v00000297ca148190_0;
    %parti/s 1, 2, 3;
    %load/vec4 v00000297ca1494f0_0;
    %parti/s 1, 2, 3;
    %and;
    %concat/vec4; draw_concat_vec4
    %load/vec4 v00000297ca148190_0;
    %parti/s 1, 1, 2;
    %load/vec4 v00000297ca1494f0_0;
    %parti/s 1, 2, 3;
    %and;
    %concat/vec4; draw_concat_vec4
    %load/vec4 v00000297ca148190_0;
    %parti/s 1, 0, 2;
    %load/vec4 v00000297ca1494f0_0;
    %parti/s 1, 2, 3;
    %and;
    %concat/vec4; draw_concat_vec4
    %concati/vec4 0, 0, 2;
    %ix/load 4, 2, 0;
    %flag_set/imm 4, 0;
    %store/vec4a v00000297ca1489b0, 4, 0;
    %load/vec4 v00000297ca148190_0;
    %parti/s 1, 4, 4;
    %load/vec4 v00000297ca1494f0_0;
    %parti/s 1, 3, 3;
    %and;
    %load/vec4 v00000297ca148190_0;
    %parti/s 1, 3, 3;
    %load/vec4 v00000297ca1494f0_0;
    %parti/s 1, 3, 3;
    %and;
    %concat/vec4; draw_concat_vec4
    %load/vec4 v00000297ca148190_0;
    %parti/s 1, 2, 3;
    %load/vec4 v00000297ca1494f0_0;
    %parti/s 1, 3, 3;
    %and;
    %concat/vec4; draw_concat_vec4
    %load/vec4 v00000297ca148190_0;
    %parti/s 1, 1, 2;
    %load/vec4 v00000297ca1494f0_0;
    %parti/s 1, 3, 3;
    %and;
    %concat/vec4; draw_concat_vec4
    %load/vec4 v00000297ca148190_0;
    %parti/s 1, 0, 2;
    %load/vec4 v00000297ca1494f0_0;
    %parti/s 1, 3, 3;
    %and;
    %concat/vec4; draw_concat_vec4
    %concati/vec4 0, 0, 3;
    %ix/load 4, 3, 0;
    %flag_set/imm 4, 0;
    %store/vec4a v00000297ca1489b0, 4, 0;
    %load/vec4 v00000297ca148190_0;
    %parti/s 1, 3, 3;
    %load/vec4 v00000297ca1494f0_0;
    %parti/s 1, 4, 4;
    %and;
    %load/vec4 v00000297ca148190_0;
    %parti/s 1, 2, 3;
    %load/vec4 v00000297ca1494f0_0;
    %parti/s 1, 4, 4;
    %and;
    %concat/vec4; draw_concat_vec4
    %load/vec4 v00000297ca148190_0;
    %parti/s 1, 1, 2;
    %load/vec4 v00000297ca1494f0_0;
    %parti/s 1, 4, 4;
    %and;
    %concat/vec4; draw_concat_vec4
    %load/vec4 v00000297ca148190_0;
    %parti/s 1, 0, 2;
    %load/vec4 v00000297ca1494f0_0;
    %parti/s 1, 4, 4;
    %and;
    %concat/vec4; draw_concat_vec4
    %concati/vec4 0, 0, 4;
    %ix/load 4, 4, 0;
    %flag_set/imm 4, 0;
    %store/vec4a v00000297ca1489b0, 4, 0;
    %load/vec4 v00000297ca148190_0;
    %parti/s 1, 2, 3;
    %load/vec4 v00000297ca1494f0_0;
    %parti/s 1, 5, 4;
    %and;
    %load/vec4 v00000297ca148190_0;
    %parti/s 1, 1, 2;
    %load/vec4 v00000297ca1494f0_0;
    %parti/s 1, 5, 4;
    %and;
    %concat/vec4; draw_concat_vec4
    %load/vec4 v00000297ca148190_0;
    %parti/s 1, 0, 2;
    %load/vec4 v00000297ca1494f0_0;
    %parti/s 1, 5, 4;
    %and;
    %concat/vec4; draw_concat_vec4
    %concati/vec4 0, 0, 5;
    %ix/load 4, 5, 0;
    %flag_set/imm 4, 0;
    %store/vec4a v00000297ca1489b0, 4, 0;
    %load/vec4 v00000297ca148190_0;
    %parti/s 1, 1, 2;
    %load/vec4 v00000297ca1494f0_0;
    %parti/s 1, 6, 4;
    %and;
    %load/vec4 v00000297ca148190_0;
    %parti/s 1, 0, 2;
    %load/vec4 v00000297ca1494f0_0;
    %parti/s 1, 6, 4;
    %and;
    %concat/vec4; draw_concat_vec4
    %concati/vec4 0, 0, 6;
    %ix/load 4, 6, 0;
    %flag_set/imm 4, 0;
    %store/vec4a v00000297ca1489b0, 4, 0;
    %load/vec4 v00000297ca148190_0;
    %parti/s 1, 0, 2;
    %load/vec4 v00000297ca1494f0_0;
    %parti/s 1, 7, 4;
    %and;
    %concati/vec4 0, 0, 7;
    %ix/load 4, 7, 0;
    %flag_set/imm 4, 0;
    %store/vec4a v00000297ca1489b0, 4, 0;
    %ix/load 4, 0, 0;
    %flag_set/imm 4, 0;
    %load/vec4a v00000297ca1489b0, 4;
    %ix/load 4, 1, 0;
    %flag_set/imm 4, 0;
    %load/vec4a v00000297ca1489b0, 4;
    %add;
    %ix/load 4, 2, 0;
    %flag_set/imm 4, 0;
    %load/vec4a v00000297ca1489b0, 4;
    %add;
    %ix/load 4, 3, 0;
    %flag_set/imm 4, 0;
    %load/vec4a v00000297ca1489b0, 4;
    %add;
    %ix/load 4, 4, 0;
    %flag_set/imm 4, 0;
    %load/vec4a v00000297ca1489b0, 4;
    %add;
    %ix/load 4, 5, 0;
    %flag_set/imm 4, 0;
    %load/vec4a v00000297ca1489b0, 4;
    %add;
    %ix/load 4, 6, 0;
    %flag_set/imm 4, 0;
    %load/vec4a v00000297ca1489b0, 4;
    %add;
    %ix/load 4, 7, 0;
    %flag_set/imm 4, 0;
    %load/vec4a v00000297ca1489b0, 4;
    %add;
    %store/vec4 v00000297ca148a50_0, 0, 8;
    %jmp T_9;
    .thread T_9, $push;
    .scope S_00000297ca0651a0;
T_10 ;
    %pushi/vec4 0, 0, 1;
    %store/vec4 v00000297ca0ec960_0, 0, 1;
    %end;
    .thread T_10;
    .scope S_00000297ca0651a0;
T_11 ;
    %wait E_00000297ca0bccb0;
    %load/vec4 v00000297ca0ed360_0;
    %cmpi/e 1, 0, 1;
    %jmp/0xz  T_11.0, 4;
    %delay 1, 0;
    %pushi/vec4 0, 0, 32;
    %store/vec4 v00000297ca0ed400_0, 0, 32;
    %pushi/vec4 0, 0, 32;
    %store/vec4 v00000297ca0eb7e0_0, 0, 32;
    %jmp T_11.1;
T_11.0 ;
    %delay 1, 0;
    %load/vec4 v00000297ca0ebf60_0;
    %store/vec4 v00000297ca0ed400_0, 0, 32;
T_11.1 ;
    %jmp T_11;
    .thread T_11;
    .scope S_00000297ca0651a0;
T_12 ;
    %wait E_00000297ca0ba1b0;
    %delay 1, 0;
    %load/vec4 v00000297ca0eb7e0_0;
    %addi 4, 0, 32;
    %store/vec4 v00000297ca0eb7e0_0, 0, 32;
    %jmp T_12;
    .thread T_12, $push;
    .scope S_00000297ca0651a0;
T_13 ;
    %wait E_00000297ca0ba6f0;
    %load/vec4 v00000297ca0ec3c0_0;
    %parti/s 8, 24, 6;
    %store/vec4 v00000297ca0ec000_0, 0, 8;
    %delay 1, 0;
    %load/vec4 v00000297ca0ec000_0;
    %dup/vec4;
    %pushi/vec4 0, 0, 8;
    %cmp/u;
    %jmp/1 T_13.0, 6;
    %dup/vec4;
    %pushi/vec4 1, 0, 8;
    %cmp/u;
    %jmp/1 T_13.1, 6;
    %dup/vec4;
    %pushi/vec4 2, 0, 8;
    %cmp/u;
    %jmp/1 T_13.2, 6;
    %dup/vec4;
    %pushi/vec4 3, 0, 8;
    %cmp/u;
    %jmp/1 T_13.3, 6;
    %dup/vec4;
    %pushi/vec4 4, 0, 8;
    %cmp/u;
    %jmp/1 T_13.4, 6;
    %dup/vec4;
    %pushi/vec4 5, 0, 8;
    %cmp/u;
    %jmp/1 T_13.5, 6;
    %dup/vec4;
    %pushi/vec4 6, 0, 8;
    %cmp/u;
    %jmp/1 T_13.6, 6;
    %dup/vec4;
    %pushi/vec4 7, 0, 8;
    %cmp/u;
    %jmp/1 T_13.7, 6;
    %dup/vec4;
    %pushi/vec4 8, 0, 8;
    %cmp/u;
    %jmp/1 T_13.8, 6;
    %dup/vec4;
    %pushi/vec4 9, 0, 8;
    %cmp/u;
    %jmp/1 T_13.9, 6;
    %dup/vec4;
    %pushi/vec4 10, 0, 8;
    %cmp/u;
    %jmp/1 T_13.10, 6;
    %dup/vec4;
    %pushi/vec4 11, 0, 8;
    %cmp/u;
    %jmp/1 T_13.11, 6;
    %dup/vec4;
    %pushi/vec4 12, 0, 8;
    %cmp/u;
    %jmp/1 T_13.12, 6;
    %dup/vec4;
    %pushi/vec4 13, 0, 8;
    %cmp/u;
    %jmp/1 T_13.13, 6;
    %dup/vec4;
    %pushi/vec4 14, 0, 8;
    %cmp/u;
    %jmp/1 T_13.14, 6;
    %dup/vec4;
    %pushi/vec4 15, 0, 8;
    %cmp/u;
    %jmp/1 T_13.15, 6;
    %dup/vec4;
    %pushi/vec4 16, 0, 8;
    %cmp/u;
    %jmp/1 T_13.16, 6;
    %dup/vec4;
    %pushi/vec4 17, 0, 8;
    %cmp/u;
    %jmp/1 T_13.17, 6;
    %jmp T_13.18;
T_13.0 ;
    %pushi/vec4 0, 0, 3;
    %store/vec4 v00000297ca0ec8c0_0, 0, 3;
    %pushi/vec4 1, 0, 1;
    %store/vec4 v00000297ca0ec500_0, 0, 1;
    %pushi/vec4 0, 0, 1;
    %store/vec4 v00000297ca154700_0, 0, 1;
    %pushi/vec4 1, 0, 1;
    %store/vec4 v00000297ca0eb740_0, 0, 1;
    %pushi/vec4 0, 0, 2;
    %store/vec4 v00000297ca0eb9c0_0, 0, 2;
    %jmp T_13.18;
T_13.1 ;
    %pushi/vec4 0, 0, 3;
    %store/vec4 v00000297ca0ec8c0_0, 0, 3;
    %pushi/vec4 0, 0, 1;
    %store/vec4 v00000297ca0ec500_0, 0, 1;
    %pushi/vec4 0, 0, 1;
    %store/vec4 v00000297ca154700_0, 0, 1;
    %pushi/vec4 1, 0, 1;
    %store/vec4 v00000297ca0eb740_0, 0, 1;
    %pushi/vec4 0, 0, 2;
    %store/vec4 v00000297ca0eb9c0_0, 0, 2;
    %jmp T_13.18;
T_13.2 ;
    %pushi/vec4 1, 0, 3;
    %store/vec4 v00000297ca0ec8c0_0, 0, 3;
    %pushi/vec4 0, 0, 1;
    %store/vec4 v00000297ca0ec500_0, 0, 1;
    %pushi/vec4 0, 0, 1;
    %store/vec4 v00000297ca154700_0, 0, 1;
    %pushi/vec4 1, 0, 1;
    %store/vec4 v00000297ca0eb740_0, 0, 1;
    %pushi/vec4 0, 0, 2;
    %store/vec4 v00000297ca0eb9c0_0, 0, 2;
    %jmp T_13.18;
T_13.3 ;
    %pushi/vec4 1, 0, 3;
    %store/vec4 v00000297ca0ec8c0_0, 0, 3;
    %pushi/vec4 0, 0, 1;
    %store/vec4 v00000297ca0ec500_0, 0, 1;
    %pushi/vec4 1, 0, 1;
    %store/vec4 v00000297ca154700_0, 0, 1;
    %pushi/vec4 1, 0, 1;
    %store/vec4 v00000297ca0eb740_0, 0, 1;
    %pushi/vec4 0, 0, 2;
    %store/vec4 v00000297ca0eb9c0_0, 0, 2;
    %jmp T_13.18;
T_13.4 ;
    %pushi/vec4 2, 0, 3;
    %store/vec4 v00000297ca0ec8c0_0, 0, 3;
    %pushi/vec4 0, 0, 1;
    %store/vec4 v00000297ca0ec500_0, 0, 1;
    %pushi/vec4 0, 0, 1;
    %store/vec4 v00000297ca154700_0, 0, 1;
    %pushi/vec4 1, 0, 1;
    %store/vec4 v00000297ca0eb740_0, 0, 1;
    %pushi/vec4 0, 0, 2;
    %store/vec4 v00000297ca0eb9c0_0, 0, 2;
    %jmp T_13.18;
T_13.5 ;
    %pushi/vec4 3, 0, 3;
    %store/vec4 v00000297ca0ec8c0_0, 0, 3;
    %pushi/vec4 0, 0, 1;
    %store/vec4 v00000297ca0ec500_0, 0, 1;
    %pushi/vec4 0, 0, 1;
    %store/vec4 v00000297ca154700_0, 0, 1;
    %pushi/vec4 1, 0, 1;
    %store/vec4 v00000297ca0eb740_0, 0, 1;
    %pushi/vec4 0, 0, 2;
    %store/vec4 v00000297ca0eb9c0_0, 0, 2;
    %jmp T_13.18;
T_13.6 ;
    %pushi/vec4 0, 0, 1;
    %store/vec4 v00000297ca0eb740_0, 0, 1;
    %pushi/vec4 1, 0, 2;
    %store/vec4 v00000297ca0eb9c0_0, 0, 2;
    %jmp T_13.18;
T_13.7 ;
    %pushi/vec4 1, 0, 3;
    %store/vec4 v00000297ca0ec8c0_0, 0, 3;
    %pushi/vec4 0, 0, 1;
    %store/vec4 v00000297ca0eb740_0, 0, 1;
    %pushi/vec4 1, 0, 1;
    %store/vec4 v00000297ca0ec500_0, 0, 1;
    %pushi/vec4 1, 0, 1;
    %store/vec4 v00000297ca154700_0, 0, 1;
    %pushi/vec4 2, 0, 2;
    %store/vec4 v00000297ca0eb9c0_0, 0, 2;
    %jmp T_13.18;
T_13.8 ;
    %pushi/vec4 4, 0, 3;
    %store/vec4 v00000297ca0ec8c0_0, 0, 3;
    %pushi/vec4 1, 0, 1;
    %store/vec4 v00000297ca0eb740_0, 0, 1;
    %pushi/vec4 0, 0, 1;
    %store/vec4 v00000297ca0ec500_0, 0, 1;
    %pushi/vec4 0, 0, 1;
    %store/vec4 v00000297ca154700_0, 0, 1;
    %pushi/vec4 0, 0, 2;
    %store/vec4 v00000297ca0eb9c0_0, 0, 2;
    %jmp T_13.18;
T_13.9 ;
    %pushi/vec4 1, 0, 3;
    %store/vec4 v00000297ca0ec8c0_0, 0, 3;
    %pushi/vec4 0, 0, 1;
    %store/vec4 v00000297ca0eb740_0, 0, 1;
    %pushi/vec4 1, 0, 1;
    %store/vec4 v00000297ca0ec500_0, 0, 1;
    %pushi/vec4 1, 0, 1;
    %store/vec4 v00000297ca154700_0, 0, 1;
    %pushi/vec4 3, 0, 2;
    %store/vec4 v00000297ca0eb9c0_0, 0, 2;
    %jmp T_13.18;
T_13.10 ;
    %pushi/vec4 5, 0, 3;
    %store/vec4 v00000297ca0ec8c0_0, 0, 3;
    %pushi/vec4 1, 0, 1;
    %store/vec4 v00000297ca0eb740_0, 0, 1;
    %pushi/vec4 0, 0, 1;
    %store/vec4 v00000297ca0ec500_0, 0, 1;
    %pushi/vec4 0, 0, 1;
    %store/vec4 v00000297ca154700_0, 0, 1;
    %pushi/vec4 0, 0, 2;
    %store/vec4 v00000297ca0eb9c0_0, 0, 2;
    %jmp T_13.18;
T_13.11 ;
    %pushi/vec4 6, 0, 3;
    %store/vec4 v00000297ca0ec8c0_0, 0, 3;
    %pushi/vec4 1, 0, 1;
    %store/vec4 v00000297ca0eb740_0, 0, 1;
    %pushi/vec4 0, 0, 1;
    %store/vec4 v00000297ca0ec500_0, 0, 1;
    %pushi/vec4 0, 0, 1;
    %store/vec4 v00000297ca154700_0, 0, 1;
    %pushi/vec4 0, 0, 2;
    %store/vec4 v00000297ca0eb9c0_0, 0, 2;
    %jmp T_13.18;
T_13.12 ;
    %pushi/vec4 7, 0, 3;
    %store/vec4 v00000297ca0ec8c0_0, 0, 3;
    %pushi/vec4 1, 0, 1;
    %store/vec4 v00000297ca0eb740_0, 0, 1;
    %pushi/vec4 0, 0, 1;
    %store/vec4 v00000297ca0ec500_0, 0, 1;
    %pushi/vec4 0, 0, 1;
    %store/vec4 v00000297ca154700_0, 0, 1;
    %pushi/vec4 0, 0, 2;
    %store/vec4 v00000297ca0eb9c0_0, 0, 2;
    %jmp T_13.18;
T_13.13 ;
    %pushi/vec4 7, 0, 3;
    %store/vec4 v00000297ca0ec8c0_0, 0, 3;
    %pushi/vec4 1, 0, 1;
    %store/vec4 v00000297ca0eb740_0, 0, 1;
    %pushi/vec4 0, 0, 1;
    %store/vec4 v00000297ca0ec500_0, 0, 1;
    %pushi/vec4 0, 0, 1;
    %store/vec4 v00000297ca154700_0, 0, 1;
    %pushi/vec4 0, 0, 2;
    %store/vec4 v00000297ca0eb9c0_0, 0, 2;
    %pushi/vec4 1, 0, 1;
    %store/vec4 v00000297ca0ec960_0, 0, 1;
    %jmp T_13.18;
T_13.14 ;
    %jmp T_13.18;
T_13.15 ;
    %jmp T_13.18;
T_13.16 ;
    %jmp T_13.18;
T_13.17 ;
    %jmp T_13.18;
T_13.18 ;
    %pop/vec4 1;
    %jmp T_13;
    .thread T_13, $push;
# The file index is used to find the file name in the following table.
:file_names 5;
    "N/A";
    "<interactive>";
    "CPU.v";
    "./ALU.v";
    "./REGFILE.v";
