#! /c/Source/iverilog-install/bin/vvp
:ivl_version "12.0 (devel)" "(s20150603-1110-g18392a46)";
:ivl_delay_selection "TYPICAL";
:vpi_time_precision - 10;
:vpi_module "C:\iverilog\lib\ivl\system.vpi";
:vpi_module "C:\iverilog\lib\ivl\vhdl_sys.vpi";
:vpi_module "C:\iverilog\lib\ivl\vhdl_textio.vpi";
:vpi_module "C:\iverilog\lib\ivl\v2005_math.vpi";
:vpi_module "C:\iverilog\lib\ivl\va_math.vpi";
S_000001e214afd610 .scope module, "cpu_tb" "cpu_tb" 2 10;
 .timescale -9 -10;
v000001e214be1440_0 .var "CLK", 0 0;
v000001e214be2700_0 .net "CPU_ADDRESS", 7 0, L_000001e214b706c0;  1 drivers
v000001e214be2e80_0 .net "CPU_BUSYWAIT", 0 0, v000001e214b7a860_0;  1 drivers
v000001e214be1e40_0 .net "CPU_READ", 0 0, v000001e214be3060_0;  1 drivers
v000001e214be22a0_0 .net "CPU_READDATA", 7 0, v000001e214b79460_0;  1 drivers
v000001e214be1ee0_0 .net "CPU_WRITE", 0 0, v000001e214be1300_0;  1 drivers
v000001e214be1f80_0 .net "CPU_WRITEDATA", 7 0, L_000001e214b70260;  1 drivers
v000001e214be2340_0 .net "DM_ADDRESS", 5 0, v000001e214b7aae0_0;  1 drivers
v000001e214be1260_0 .net "DM_BUSYWAIT", 0 0, v000001e214bd1d80_0;  1 drivers
v000001e214be14e0_0 .net "DM_READ", 0 0, v000001e214b79dc0_0;  1 drivers
v000001e214be23e0_0 .net "DM_READDATA", 31 0, v000001e214bd1240_0;  1 drivers
v000001e214be2fc0_0 .net "DM_WRITE", 0 0, v000001e214b79280_0;  1 drivers
v000001e214be2840_0 .net "DM_WRITEDATA", 31 0, v000001e214adb720_0;  1 drivers
v000001e214be2480_0 .net "IM_ADDRESS", 5 0, v000001e214bd2a30_0;  1 drivers
v000001e214be25c0_0 .net "IM_BUSYWAIT", 0 0, v000001e214bd31b0_0;  1 drivers
v000001e214be1620_0 .net "IM_INSTR", 127 0, v000001e214bd4010_0;  1 drivers
v000001e214be1580_0 .net "IM_READ", 0 0, v000001e214bd2710_0;  1 drivers
v000001e214be2a20_0 .net "INSTRUCTION", 31 0, L_000001e214be63e0;  1 drivers
v000001e214be1760_0 .net "INSTR_BUSYWAIT", 0 0, v000001e214bd0e80_0;  1 drivers
v000001e214be2b60_0 .net "PC", 31 0, v000001e214bdfc80_0;  1 drivers
v000001e214be28e0_0 .var "RESET", 0 0;
L_000001e214be62a0 .part v000001e214bdfc80_0, 0, 10;
S_000001e214a71960 .scope module, "my_datacache" "data_cache" 2 47, 3 11 0, S_000001e214afd610;
 .timescale -9 -10;
    .port_info 0 /INPUT 1 "clock";
    .port_info 1 /INPUT 1 "reset";
    .port_info 2 /INPUT 1 "read";
    .port_info 3 /INPUT 1 "write";
    .port_info 4 /INPUT 8 "address";
    .port_info 5 /INPUT 8 "cpu_writeData";
    .port_info 6 /OUTPUT 8 "cpu_readData";
    .port_info 7 /OUTPUT 1 "busywait";
    .port_info 8 /OUTPUT 1 "mem_read";
    .port_info 9 /OUTPUT 1 "mem_write";
    .port_info 10 /OUTPUT 6 "mem_address";
    .port_info 11 /OUTPUT 32 "mem_writedata";
    .port_info 12 /INPUT 32 "mem_readdata";
    .port_info 13 /INPUT 1 "mem_busywait";
P_000001e214afd7a0 .param/l "IDLE" 0 3 125, C4<000>;
P_000001e214afd7d8 .param/l "MEM_READ" 0 3 125, C4<001>;
P_000001e214afd810 .param/l "MEM_WRITE" 0 3 125, C4<010>;
L_000001e214b705e0 .functor BUFZ 8, L_000001e214b706c0, C4<00000000>, C4<00000000>, C4<00000000>;
L_000001e214b70340/d .functor BUFZ 32, L_000001e214be7740, C4<00000000000000000000000000000000>, C4<00000000000000000000000000000000>, C4<00000000000000000000000000000000>;
L_000001e214b70340 .delay 32 (10,10,10) L_000001e214b70340/d;
L_000001e214b70ce0/d .functor BUFZ 1, L_000001e214be8a00, C4<0>, C4<0>, C4<0>;
L_000001e214b70ce0 .delay 1 (10,10,10) L_000001e214b70ce0/d;
L_000001e214b70a40/d .functor BUFZ 1, L_000001e214be7ce0, C4<0>, C4<0>, C4<0>;
L_000001e214b70a40 .delay 1 (10,10,10) L_000001e214b70a40/d;
L_000001e214b70f80 .functor AND 1, L_000001e214be8320, L_000001e214b70ce0, C4<1>, C4<1>;
L_000001e214bea258 .functor BUFT 1, C4<00>, C4<0>, C4<0>, C4<0>;
v000001e214b79820_0 .net *"_ivl_11", 1 0, L_000001e214bea258;  1 drivers
v000001e214b79d20_0 .net *"_ivl_14", 0 0, L_000001e214be6480;  1 drivers
v000001e214b796e0_0 .net *"_ivl_16", 4 0, L_000001e214be88c0;  1 drivers
L_000001e214bea2a0 .functor BUFT 1, C4<00>, C4<0>, C4<0>, C4<0>;
v000001e214b79320_0 .net *"_ivl_19", 1 0, L_000001e214bea2a0;  1 drivers
L_000001e214bea2e8 .functor BUFT 1, C4<00>, C4<0>, C4<0>, C4<0>;
v000001e214b79f00_0 .net *"_ivl_23", 1 0, L_000001e214bea2e8;  1 drivers
v000001e214b7a680_0 .net *"_ivl_24", 0 0, L_000001e214be8a00;  1 drivers
v000001e214b7a540_0 .net *"_ivl_26", 4 0, L_000001e214be6b60;  1 drivers
L_000001e214bea330 .functor BUFT 1, C4<00>, C4<0>, C4<0>, C4<0>;
v000001e214b793c0_0 .net *"_ivl_29", 1 0, L_000001e214bea330;  1 drivers
v000001e214b7a180_0 .net *"_ivl_32", 0 0, L_000001e214be7ce0;  1 drivers
v000001e214b7ae00_0 .net *"_ivl_34", 4 0, L_000001e214be6a20;  1 drivers
L_000001e214bea378 .functor BUFT 1, C4<00>, C4<0>, C4<0>, C4<0>;
v000001e214b7a0e0_0 .net *"_ivl_37", 1 0, L_000001e214bea378;  1 drivers
v000001e214b79e60_0 .net *"_ivl_40", 0 0, L_000001e214be7b00;  1 drivers
L_000001e214bea3c0 .functor BUFT 1, C4<01>, C4<0>, C4<0>, C4<0>;
v000001e214b7a720_0 .net/2s *"_ivl_42", 1 0, L_000001e214bea3c0;  1 drivers
L_000001e214bea408 .functor BUFT 1, C4<00>, C4<0>, C4<0>, C4<0>;
v000001e214b79fa0_0 .net/2s *"_ivl_44", 1 0, L_000001e214bea408;  1 drivers
v000001e214b7a400_0 .net *"_ivl_46", 1 0, L_000001e214be7380;  1 drivers
v000001e214b7a7c0_0 .net *"_ivl_5", 7 0, L_000001e214b705e0;  1 drivers
v000001e214b79500_0 .net *"_ivl_6", 31 0, L_000001e214be7740;  1 drivers
v000001e214b7a360_0 .net *"_ivl_8", 4 0, L_000001e214be6e80;  1 drivers
v000001e214b7ad60_0 .net "address", 7 0, L_000001e214b706c0;  alias, 1 drivers
v000001e214b7a860_0 .var "busywait", 0 0;
v000001e214b79aa0_0 .var "cacheWrite", 0 0;
v000001e214b798c0_0 .net "cache_block", 31 0, L_000001e214b70340;  1 drivers
v000001e214b7a900 .array "cache_block_array", 0 7, 31 0;
v000001e214b7a9a0_0 .net "cache_tag", 2 0, L_000001e214be7560;  1 drivers
v000001e214b7aa40_0 .net "clock", 0 0, v000001e214be1440_0;  1 drivers
v000001e214b79460_0 .var "cpu_readData", 7 0;
v000001e214b7aea0_0 .net "cpu_writeData", 7 0, L_000001e214b70260;  alias, 1 drivers
v000001e214b79780_0 .net "dirty", 0 0, L_000001e214b70a40;  1 drivers
v000001e214b7a040 .array "dirty_array", 0 7, 0 0;
v000001e214b79b40_0 .net "hit", 0 0, L_000001e214b70f80;  1 drivers
v000001e214b79be0_0 .var/i "i", 31 0;
v000001e214b795a0_0 .net "index", 2 0, L_000001e214be1800;  1 drivers
v000001e214b7aae0_0 .var "mem_address", 5 0;
v000001e214b7ab80_0 .net "mem_busywait", 0 0, v000001e214bd1d80_0;  alias, 1 drivers
v000001e214b79dc0_0 .var "mem_read", 0 0;
v000001e214b79960_0 .net "mem_readdata", 31 0, v000001e214bd1240_0;  alias, 1 drivers
v000001e214b79280_0 .var "mem_write", 0 0;
v000001e214adb720_0 .var "mem_writedata", 31 0;
v000001e214adb9a0_0 .var "next_state", 2 0;
v000001e214adb5e0_0 .net "offset", 1 0, L_000001e214be18a0;  1 drivers
v000001e214afaf40_0 .net "read", 0 0, v000001e214be3060_0;  alias, 1 drivers
v000001e214afb080_0 .net "reset", 0 0, v000001e214be28e0_0;  1 drivers
v000001e214a75c70_0 .var "state", 2 0;
v000001e214bd1060_0 .net "tag", 2 0, L_000001e214be2660;  1 drivers
v000001e214bd19c0_0 .net "tagMatch", 0 0, L_000001e214be8320;  1 drivers
v000001e214bd1f60 .array "tag_array", 0 7, 0 0;
v000001e214bd0f20_0 .net "valid", 0 0, L_000001e214b70ce0;  1 drivers
v000001e214bd08e0 .array "valid_array", 0 7, 0 0;
v000001e214bd0a20_0 .net "write", 0 0, v000001e214be1300_0;  alias, 1 drivers
E_000001e214b66030/0 .event anyedge, v000001e214afb080_0;
E_000001e214b66030/1 .event posedge, v000001e214b7aa40_0;
E_000001e214b66030 .event/or E_000001e214b66030/0, E_000001e214b66030/1;
E_000001e214b65430/0 .event anyedge, v000001e214a75c70_0, v000001e214bd1060_0, v000001e214b795a0_0, v000001e214b7ab80_0;
E_000001e214b65430/1 .event anyedge, v000001e214b79960_0, v000001e214b7a9a0_0, v000001e214b798c0_0;
E_000001e214b65430 .event/or E_000001e214b65430/0, E_000001e214b65430/1;
E_000001e214b66070/0 .event anyedge, v000001e214a75c70_0, v000001e214afaf40_0, v000001e214bd0a20_0, v000001e214b79780_0;
E_000001e214b66070/1 .event anyedge, v000001e214b79b40_0, v000001e214b7ab80_0;
E_000001e214b66070 .event/or E_000001e214b66070/0, E_000001e214b66070/1;
E_000001e214b65870 .event posedge, v000001e214b7aa40_0;
E_000001e214b65530 .event anyedge, v000001e214b7aa40_0;
E_000001e214b65f30 .event anyedge, v000001e214adb5e0_0, v000001e214b798c0_0;
E_000001e214b66830 .event anyedge, v000001e214bd0a20_0, v000001e214afaf40_0;
L_000001e214be2660 .part L_000001e214b705e0, 5, 3;
L_000001e214be1800 .part L_000001e214b705e0, 2, 3;
L_000001e214be18a0 .part L_000001e214b705e0, 0, 2;
L_000001e214be7740 .array/port v000001e214b7a900, L_000001e214be6e80;
L_000001e214be6e80 .concat [ 3 2 0 0], L_000001e214be1800, L_000001e214bea258;
L_000001e214be6480 .array/port v000001e214bd1f60, L_000001e214be88c0;
L_000001e214be88c0 .concat [ 3 2 0 0], L_000001e214be1800, L_000001e214bea2a0;
L_000001e214be7560 .delay 3 (10,10,10) L_000001e214be7560/d;
L_000001e214be7560/d .concat [ 1 2 0 0], L_000001e214be6480, L_000001e214bea2e8;
L_000001e214be8a00 .array/port v000001e214bd08e0, L_000001e214be6b60;
L_000001e214be6b60 .concat [ 3 2 0 0], L_000001e214be1800, L_000001e214bea330;
L_000001e214be7ce0 .array/port v000001e214b7a040, L_000001e214be6a20;
L_000001e214be6a20 .concat [ 3 2 0 0], L_000001e214be1800, L_000001e214bea378;
L_000001e214be7b00 .cmp/eq 3, L_000001e214be2660, L_000001e214be7560;
L_000001e214be7380 .functor MUXZ 2, L_000001e214bea408, L_000001e214bea3c0, L_000001e214be7b00, C4<>;
L_000001e214be8320 .delay 1 (9,9,9) L_000001e214be8320/d;
L_000001e214be8320/d .part L_000001e214be7380, 0, 1;
S_000001e214a75110 .scope module, "my_datamem" "data_memory" 2 40, 4 13 0, S_000001e214afd610;
 .timescale -9 -10;
    .port_info 0 /INPUT 1 "clock";
    .port_info 1 /INPUT 1 "reset";
    .port_info 2 /INPUT 1 "read";
    .port_info 3 /INPUT 1 "write";
    .port_info 4 /INPUT 6 "address";
    .port_info 5 /INPUT 32 "writedata";
    .port_info 6 /OUTPUT 32 "readdata";
    .port_info 7 /OUTPUT 1 "busywait";
v000001e214bd1a60_0 .var *"_ivl_10", 7 0; Local signal
v000001e214bd1920_0 .var *"_ivl_3", 7 0; Local signal
v000001e214bd1100_0 .var *"_ivl_4", 7 0; Local signal
v000001e214bd1b00_0 .var *"_ivl_5", 7 0; Local signal
v000001e214bd05c0_0 .var *"_ivl_6", 7 0; Local signal
v000001e214bd12e0_0 .var *"_ivl_7", 7 0; Local signal
v000001e214bd17e0_0 .var *"_ivl_8", 7 0; Local signal
v000001e214bd1c40_0 .var *"_ivl_9", 7 0; Local signal
v000001e214bd0200_0 .net "address", 5 0, v000001e214b7aae0_0;  alias, 1 drivers
v000001e214bd1d80_0 .var "busywait", 0 0;
v000001e214bd02a0_0 .net "clock", 0 0, v000001e214be1440_0;  alias, 1 drivers
v000001e214bd0340_0 .var/i "i", 31 0;
v000001e214bd11a0 .array "memory_array", 0 255, 7 0;
v000001e214bd1740_0 .net "read", 0 0, v000001e214b79dc0_0;  alias, 1 drivers
v000001e214bd1880_0 .var "readaccess", 0 0;
v000001e214bd1240_0 .var "readdata", 31 0;
v000001e214bd1ba0_0 .net "reset", 0 0, v000001e214be28e0_0;  alias, 1 drivers
v000001e214bd1ce0_0 .net "write", 0 0, v000001e214b79280_0;  alias, 1 drivers
v000001e214bd0480_0 .var "writeaccess", 0 0;
v000001e214bd1380_0 .net "writedata", 31 0, v000001e214adb720_0;  alias, 1 drivers
E_000001e214b65170 .event posedge, v000001e214afb080_0;
E_000001e214b664b0 .event anyedge, v000001e214b79280_0, v000001e214b79dc0_0;
S_000001e214a752a0 .scope module, "my_icache" "icache" 2 56, 5 4 0, S_000001e214afd610;
 .timescale -9 -10;
    .port_info 0 /INPUT 1 "clock";
    .port_info 1 /INPUT 1 "reset";
    .port_info 2 /INPUT 10 "address";
    .port_info 3 /OUTPUT 32 "readinst";
    .port_info 4 /OUTPUT 1 "busywait";
    .port_info 5 /OUTPUT 1 "mem_read";
    .port_info 6 /OUTPUT 6 "mem_address";
    .port_info 7 /INPUT 128 "mem_inst";
    .port_info 8 /INPUT 1 "mem_busywait";
P_000001e214a9fec0 .param/l "IDLE" 0 5 85, C4<000>;
P_000001e214a9fef8 .param/l "MEM_READ" 0 5 85, C4<001>;
L_000001e214b70420/d .functor BUFZ 128, L_000001e214be7600, C4<00000000000000000000000000000000000000000000000000000000000000000000000000000000000000000000000000000000000000000000000000000000>, C4<00000000000000000000000000000000000000000000000000000000000000000000000000000000000000000000000000000000000000000000000000000000>, C4<00000000000000000000000000000000000000000000000000000000000000000000000000000000000000000000000000000000000000000000000000000000>;
L_000001e214b70420 .delay 128 (10,10,10) L_000001e214b70420/d;
L_000001e214b70490/d .functor BUFZ 1, L_000001e214be80a0, C4<0>, C4<0>, C4<0>;
L_000001e214b70490 .delay 1 (10,10,10) L_000001e214b70490/d;
L_000001e214b70880 .functor AND 1, L_000001e214be7920, L_000001e214b70490, C4<1>, C4<1>;
L_000001e214bea450 .functor BUFT 1, C4<00>, C4<0>, C4<0>, C4<0>;
v000001e214bd1ec0_0 .net *"_ivl_11", 1 0, L_000001e214bea450;  1 drivers
v000001e214bd0520_0 .net *"_ivl_14", 0 0, L_000001e214be79c0;  1 drivers
v000001e214bd2000_0 .net *"_ivl_16", 4 0, L_000001e214be77e0;  1 drivers
L_000001e214bea498 .functor BUFT 1, C4<00>, C4<0>, C4<0>, C4<0>;
v000001e214bd0ca0_0 .net *"_ivl_19", 1 0, L_000001e214bea498;  1 drivers
L_000001e214bea4e0 .functor BUFT 1, C4<00>, C4<0>, C4<0>, C4<0>;
v000001e214bd20a0_0 .net *"_ivl_23", 1 0, L_000001e214bea4e0;  1 drivers
v000001e214bd0d40_0 .net *"_ivl_24", 0 0, L_000001e214be80a0;  1 drivers
v000001e214bd16a0_0 .net *"_ivl_26", 4 0, L_000001e214be7880;  1 drivers
L_000001e214bea528 .functor BUFT 1, C4<00>, C4<0>, C4<0>, C4<0>;
v000001e214bd07a0_0 .net *"_ivl_29", 1 0, L_000001e214bea528;  1 drivers
v000001e214bd0c00_0 .net *"_ivl_32", 0 0, L_000001e214be6520;  1 drivers
L_000001e214bea570 .functor BUFT 1, C4<01>, C4<0>, C4<0>, C4<0>;
v000001e214bd03e0_0 .net/2s *"_ivl_34", 1 0, L_000001e214bea570;  1 drivers
L_000001e214bea5b8 .functor BUFT 1, C4<00>, C4<0>, C4<0>, C4<0>;
v000001e214bd0de0_0 .net/2s *"_ivl_36", 1 0, L_000001e214bea5b8;  1 drivers
v000001e214bd0660_0 .net *"_ivl_38", 1 0, L_000001e214be6980;  1 drivers
L_000001e214bea600 .functor BUFT 1, C4<xxxxxxxxxxxxxxxxxxxxxxxxxxxxxxxx>, C4<0>, C4<0>, C4<0>;
v000001e214bd1420_0 .net *"_ivl_44", 31 0, L_000001e214bea600;  1 drivers
v000001e214bd14c0_0 .net *"_ivl_5", 7 0, L_000001e214be76a0;  1 drivers
v000001e214bd0700_0 .var *"_ivl_50", 31 0; Local signal
v000001e214bd0840_0 .var *"_ivl_51", 31 0; Local signal
v000001e214bd0980_0 .var *"_ivl_52", 31 0; Local signal
v000001e214bd1560_0 .var *"_ivl_53", 31 0; Local signal
v000001e214bd0ac0_0 .net *"_ivl_6", 127 0, L_000001e214be7600;  1 drivers
v000001e214bd1600_0 .net *"_ivl_8", 4 0, L_000001e214be7e20;  1 drivers
v000001e214bd0b60_0 .net "address", 9 0, L_000001e214be62a0;  1 drivers
v000001e214bd0e80_0 .var "busywait", 0 0;
v000001e214bd0fc0_0 .net "cache_tag", 2 0, L_000001e214be7420;  1 drivers
v000001e214bd2670_0 .net "clock", 0 0, v000001e214be1440_0;  alias, 1 drivers
v000001e214bd2990_0 .net "hit", 0 0, L_000001e214b70880;  1 drivers
v000001e214bd3430_0 .var/i "i", 31 0;
v000001e214bd2f30_0 .net "index", 2 0, L_000001e214be8960;  1 drivers
v000001e214bd36b0_0 .net "instr_block", 127 0, L_000001e214b70420;  1 drivers
v000001e214bd3750 .array "instr_block_array", 0 7, 127 0;
v000001e214bd22b0_0 .var "loaded_instr", 31 0;
v000001e214bd2a30_0 .var "mem_address", 5 0;
v000001e214bd27b0_0 .net "mem_busywait", 0 0, v000001e214bd31b0_0;  alias, 1 drivers
v000001e214bd3ed0_0 .net "mem_inst", 127 0, v000001e214bd4010_0;  alias, 1 drivers
v000001e214bd2710_0 .var "mem_read", 0 0;
v000001e214bd3c50_0 .var "next_state", 2 0;
v000001e214bd2210_0 .net "offset", 1 0, L_000001e214be6840;  1 drivers
v000001e214bd37f0_0 .net "readinst", 31 0, L_000001e214be63e0;  alias, 1 drivers
v000001e214bd3890_0 .net "reset", 0 0, v000001e214be28e0_0;  alias, 1 drivers
v000001e214bd3070_0 .var "state", 2 0;
v000001e214bd2b70_0 .net "tag", 2 0, L_000001e214be6ca0;  1 drivers
v000001e214bd3a70_0 .net "tagMatch", 0 0, L_000001e214be7920;  1 drivers
v000001e214bd2fd0 .array "tag_array", 0 7, 0 0;
v000001e214bd2530_0 .net "valid", 0 0, L_000001e214b70490;  1 drivers
v000001e214bd3930 .array "valid_array", 0 7, 0 0;
E_000001e214b685f0/0 .event anyedge, v000001e214bd3070_0, v000001e214bd2b70_0, v000001e214bd2f30_0, v000001e214bd27b0_0;
E_000001e214b685f0/1 .event anyedge, v000001e214bd3ed0_0;
E_000001e214b685f0 .event/or E_000001e214b685f0/0, E_000001e214b685f0/1;
E_000001e214b68930 .event anyedge, v000001e214bd3070_0, v000001e214bd2990_0, v000001e214bd27b0_0;
E_000001e214b68ff0 .event anyedge, v000001e214bd2210_0, v000001e214bd36b0_0;
E_000001e214b68df0 .event anyedge, v000001e214bd0b60_0;
L_000001e214be6ca0 .part L_000001e214be76a0, 5, 3;
L_000001e214be8960 .part L_000001e214be76a0, 2, 3;
L_000001e214be6840 .part L_000001e214be76a0, 0, 2;
L_000001e214be76a0 .part L_000001e214be62a0, 2, 8;
L_000001e214be7600 .array/port v000001e214bd3750, L_000001e214be7e20;
L_000001e214be7e20 .concat [ 3 2 0 0], L_000001e214be8960, L_000001e214bea450;
L_000001e214be79c0 .array/port v000001e214bd2fd0, L_000001e214be77e0;
L_000001e214be77e0 .concat [ 3 2 0 0], L_000001e214be8960, L_000001e214bea498;
L_000001e214be7420 .delay 3 (10,10,10) L_000001e214be7420/d;
L_000001e214be7420/d .concat [ 1 2 0 0], L_000001e214be79c0, L_000001e214bea4e0;
L_000001e214be80a0 .array/port v000001e214bd3930, L_000001e214be7880;
L_000001e214be7880 .concat [ 3 2 0 0], L_000001e214be8960, L_000001e214bea528;
L_000001e214be6520 .cmp/eq 3, L_000001e214be6ca0, L_000001e214be7420;
L_000001e214be6980 .functor MUXZ 2, L_000001e214bea5b8, L_000001e214bea570, L_000001e214be6520, C4<>;
L_000001e214be7920 .delay 1 (9,9,9) L_000001e214be7920/d;
L_000001e214be7920/d .part L_000001e214be6980, 0, 1;
L_000001e214be63e0 .functor MUXZ 32, L_000001e214bea600, v000001e214bd22b0_0, L_000001e214b70880, C4<>;
S_000001e214a75430 .scope module, "my_imemory" "instruction_memory" 2 64, 6 12 0, S_000001e214afd610;
 .timescale -9 -10;
    .port_info 0 /INPUT 1 "clock";
    .port_info 1 /INPUT 1 "read";
    .port_info 2 /INPUT 6 "address";
    .port_info 3 /OUTPUT 128 "readinst";
    .port_info 4 /OUTPUT 1 "busywait";
v000001e214bd2c10_0 .var *"_ivl_10", 7 0; Local signal
v000001e214bd3e30_0 .var *"_ivl_11", 7 0; Local signal
v000001e214bd2850_0 .var *"_ivl_12", 7 0; Local signal
v000001e214bd2350_0 .var *"_ivl_13", 7 0; Local signal
v000001e214bd28f0_0 .var *"_ivl_14", 7 0; Local signal
v000001e214bd3f70_0 .var *"_ivl_15", 7 0; Local signal
v000001e214bd23f0_0 .var *"_ivl_16", 7 0; Local signal
v000001e214bd25d0_0 .var *"_ivl_17", 7 0; Local signal
v000001e214bd2490_0 .var *"_ivl_2", 7 0; Local signal
v000001e214bd3110_0 .var *"_ivl_3", 7 0; Local signal
v000001e214bd2cb0_0 .var *"_ivl_4", 7 0; Local signal
v000001e214bd2ad0_0 .var *"_ivl_5", 7 0; Local signal
v000001e214bd3b10_0 .var *"_ivl_6", 7 0; Local signal
v000001e214bd2d50_0 .var *"_ivl_7", 7 0; Local signal
v000001e214bd3bb0_0 .var *"_ivl_8", 7 0; Local signal
v000001e214bd2df0_0 .var *"_ivl_9", 7 0; Local signal
v000001e214bd2e90_0 .net "address", 5 0, v000001e214bd2a30_0;  alias, 1 drivers
v000001e214bd31b0_0 .var "busywait", 0 0;
v000001e214bd3250_0 .net "clock", 0 0, v000001e214be1440_0;  alias, 1 drivers
v000001e214bd32f0 .array "memory_array", 0 1023, 7 0;
v000001e214bd3390_0 .net "read", 0 0, v000001e214bd2710_0;  alias, 1 drivers
v000001e214bd3d90_0 .var "readaccess", 0 0;
v000001e214bd4010_0 .var "readinst", 127 0;
E_000001e214b681f0 .event anyedge, v000001e214bd2710_0;
S_000001e214a79570 .scope module, "mycpu" "cpu" 2 72, 7 5 0, S_000001e214afd610;
 .timescale -9 -10;
    .port_info 0 /OUTPUT 32 "PC";
    .port_info 1 /INPUT 32 "INSTRUCTION";
    .port_info 2 /INPUT 1 "CLK";
    .port_info 3 /INPUT 1 "RESET";
    .port_info 4 /OUTPUT 1 "READ";
    .port_info 5 /OUTPUT 1 "WRITE";
    .port_info 6 /OUTPUT 8 "ADDRESS";
    .port_info 7 /OUTPUT 8 "WRITEDATA";
    .port_info 8 /INPUT 8 "READDATA";
    .port_info 9 /INPUT 1 "BUSYWAIT";
    .port_info 10 /INPUT 1 "INSTR_BUSYWAIT";
L_000001e214b706c0 .functor BUFZ 8, v000001e214bd4900_0, C4<00000000>, C4<00000000>, C4<00000000>;
L_000001e214b70260 .functor BUFZ 8, L_000001e214b70ff0, C4<00000000>, C4<00000000>, C4<00000000>;
L_000001e214c46730 .functor OR 1, v000001e214b7a860_0, v000001e214bd0e80_0, C4<0>, C4<0>;
v000001e214bde380_0 .net "ADDRESS", 7 0, L_000001e214b706c0;  alias, 1 drivers
v000001e214bdfa00_0 .var "ALUOP", 2 0;
v000001e214bdfb40_0 .net "ALURESULT", 7 0, v000001e214bd4900_0;  1 drivers
v000001e214bdfbe0_0 .var "BRANCH", 0 0;
v000001e214be00e0_0 .net "BUSYWAIT", 0 0, v000001e214b7a860_0;  alias, 1 drivers
v000001e214bde600_0 .net "CLK", 0 0, v000001e214be1440_0;  alias, 1 drivers
v000001e214bdec40_0 .net "IMMEDIATE", 7 0, L_000001e214be83c0;  1 drivers
v000001e214bde240_0 .net "INSTRUCTION", 31 0, L_000001e214be63e0;  alias, 1 drivers
v000001e214bde2e0_0 .net "INSTR_BUSYWAIT", 0 0, v000001e214bd0e80_0;  alias, 1 drivers
v000001e214bdeba0_0 .var "JUMP", 0 0;
v000001e214bde740_0 .net "OFFSET", 7 0, L_000001e214be85a0;  1 drivers
v000001e214bdece0_0 .var "OPCODE", 7 0;
v000001e214bdf000_0 .net "OPERAND2", 7 0, v000001e214bd4400_0;  1 drivers
v000001e214bdfc80_0 .var "PC", 31 0;
v000001e214be2520_0 .net "PCout", 31 0, v000001e214bd4e00_0;  1 drivers
v000001e214be27a0_0 .net "PCplus4", 31 0, L_000001e214be7f60;  1 drivers
v000001e214be3060_0 .var "READ", 0 0;
v000001e214be3100_0 .net "READDATA", 7 0, v000001e214b79460_0;  alias, 1 drivers
v000001e214be1da0_0 .net "READREG1", 2 0, L_000001e214be8280;  1 drivers
v000001e214be2c00_0 .net "READREG2", 2 0, L_000001e214be6340;  1 drivers
v000001e214be2200_0 .net "REGIN", 7 0, v000001e214bd5bc0_0;  1 drivers
v000001e214be20c0_0 .net "REGOUT1", 7 0, L_000001e214b70ff0;  1 drivers
v000001e214be2160_0 .net "REGOUT2", 7 0, L_000001e214b709d0;  1 drivers
v000001e214be1b20_0 .net "RESET", 0 0, v000001e214be28e0_0;  alias, 1 drivers
v000001e214be1d00_0 .net "TARGET", 31 0, L_000001e214be6ac0;  1 drivers
v000001e214be1300_0 .var "WRITE", 0 0;
v000001e214be1940_0 .net "WRITEDATA", 7 0, L_000001e214b70260;  alias, 1 drivers
v000001e214be19e0_0 .var "WRITEENABLE", 0 0;
v000001e214be13a0_0 .net "WRITEREG", 2 0, L_000001e214be6700;  1 drivers
v000001e214be1bc0_0 .net "ZERO", 0 0, L_000001e214c471b0;  1 drivers
v000001e214be2020_0 .net *"_ivl_13", 7 0, L_000001e214be8500;  1 drivers
v000001e214be2980_0 .net *"_ivl_17", 7 0, L_000001e214be6660;  1 drivers
v000001e214be16c0_0 .net *"_ivl_7", 7 0, L_000001e214be81e0;  1 drivers
v000001e214be2ca0_0 .var "dataSelect", 0 0;
v000001e214be2f20_0 .net "flowSelect", 0 0, L_000001e214c46dc0;  1 drivers
v000001e214be1a80_0 .var "immSelect", 0 0;
v000001e214be2ac0_0 .net "negatedOp", 7 0, L_000001e214be8460;  1 drivers
v000001e214be2d40_0 .net "newPC", 31 0, v000001e214bd3570_0;  1 drivers
v000001e214be1c60_0 .net "registerOp", 7 0, v000001e214bdf960_0;  1 drivers
v000001e214be2de0_0 .var "signSelect", 0 0;
E_000001e214b68e70 .event anyedge, v000001e214bd37f0_0;
E_000001e214b68a30 .event anyedge, v000001e214b7a860_0;
L_000001e214be81e0 .part L_000001e214be63e0, 8, 8;
L_000001e214be8280 .part L_000001e214be81e0, 0, 3;
L_000001e214be83c0 .part L_000001e214be63e0, 0, 8;
L_000001e214be8500 .part L_000001e214be63e0, 0, 8;
L_000001e214be6340 .part L_000001e214be8500, 0, 3;
L_000001e214be6660 .part L_000001e214be63e0, 16, 8;
L_000001e214be6700 .part L_000001e214be6660, 0, 3;
L_000001e214be85a0 .part L_000001e214be63e0, 16, 8;
S_000001e214a78600 .scope module, "busywaitMUX" "mux32" 7 100, 7 385 0, S_000001e214a79570;
 .timescale -9 -10;
    .port_info 0 /INPUT 32 "IN1";
    .port_info 1 /INPUT 32 "IN2";
    .port_info 2 /INPUT 1 "SELECT";
    .port_info 3 /OUTPUT 32 "OUT";
v000001e214bd34d0_0 .net "IN1", 31 0, v000001e214bd4e00_0;  alias, 1 drivers
v000001e214bd3cf0_0 .net "IN2", 31 0, v000001e214bdfc80_0;  alias, 1 drivers
v000001e214bd3570_0 .var "OUT", 31 0;
v000001e214bd40b0_0 .net "SELECT", 0 0, L_000001e214c46730;  1 drivers
E_000001e214b68370 .event anyedge, v000001e214bd40b0_0, v000001e214bd3cf0_0, v000001e214bd34d0_0;
S_000001e214a78790 .scope module, "datamux" "mux" 7 95, 7 358 0, S_000001e214a79570;
 .timescale -9 -10;
    .port_info 0 /INPUT 8 "IN1";
    .port_info 1 /INPUT 8 "IN2";
    .port_info 2 /INPUT 1 "SELECT";
    .port_info 3 /OUTPUT 8 "OUT";
v000001e214bd39d0_0 .net "IN1", 7 0, v000001e214bd4900_0;  alias, 1 drivers
v000001e214bd3610_0 .net "IN2", 7 0, v000001e214b79460_0;  alias, 1 drivers
v000001e214bd5bc0_0 .var "OUT", 7 0;
v000001e214bd4ae0_0 .net "SELECT", 0 0, v000001e214be2ca0_0;  1 drivers
E_000001e214b68af0 .event anyedge, v000001e214bd4ae0_0, v000001e214b79460_0, v000001e214bd39d0_0;
S_000001e214a78920 .scope module, "flowctrlmux" "mux32" 7 92, 7 385 0, S_000001e214a79570;
 .timescale -9 -10;
    .port_info 0 /INPUT 32 "IN1";
    .port_info 1 /INPUT 32 "IN2";
    .port_info 2 /INPUT 1 "SELECT";
    .port_info 3 /OUTPUT 32 "OUT";
v000001e214bd5080_0 .net "IN1", 31 0, L_000001e214be7f60;  alias, 1 drivers
v000001e214bd47c0_0 .net "IN2", 31 0, L_000001e214be6ac0;  alias, 1 drivers
v000001e214bd4e00_0 .var "OUT", 31 0;
v000001e214bd5120_0 .net "SELECT", 0 0, L_000001e214c46dc0;  alias, 1 drivers
E_000001e214b68f70 .event anyedge, v000001e214bd5120_0, v000001e214bd47c0_0, v000001e214bd5080_0;
S_000001e214a74b00 .scope module, "immediateMUX" "mux" 7 80, 7 358 0, S_000001e214a79570;
 .timescale -9 -10;
    .port_info 0 /INPUT 8 "IN1";
    .port_info 1 /INPUT 8 "IN2";
    .port_info 2 /INPUT 1 "SELECT";
    .port_info 3 /OUTPUT 8 "OUT";
v000001e214bd51c0_0 .net "IN1", 7 0, v000001e214bdf960_0;  alias, 1 drivers
v000001e214bd4720_0 .net "IN2", 7 0, L_000001e214be83c0;  alias, 1 drivers
v000001e214bd4400_0 .var "OUT", 7 0;
v000001e214bd5440_0 .net "SELECT", 0 0, v000001e214be1a80_0;  1 drivers
E_000001e214b68430 .event anyedge, v000001e214bd5440_0, v000001e214bd4720_0, v000001e214bd51c0_0;
S_000001e214a74c90 .scope module, "my_alu" "alu" 7 71, 8 3 0, S_000001e214a79570;
 .timescale -9 -10;
    .port_info 0 /INPUT 8 "DATA1";
    .port_info 1 /INPUT 8 "DATA2";
    .port_info 2 /OUTPUT 8 "RESULT";
    .port_info 3 /OUTPUT 1 "ZERO";
    .port_info 4 /INPUT 3 "SELECT";
L_000001e214b707a0 .functor OR 1, L_000001e214be7ba0, L_000001e214be6f20, C4<0>, C4<0>;
L_000001e214b708f0 .functor OR 1, L_000001e214b707a0, L_000001e214be7060, C4<0>, C4<0>;
L_000001e214adee30 .functor OR 1, L_000001e214b708f0, L_000001e214be7d80, C4<0>, C4<0>;
L_000001e214adf290 .functor OR 1, L_000001e214adee30, L_000001e214be7c40, C4<0>, C4<0>;
L_000001e214adeab0 .functor OR 1, L_000001e214adf290, L_000001e214be8640, C4<0>, C4<0>;
L_000001e214adec70 .functor OR 1, L_000001e214adeab0, L_000001e214be74c0, C4<0>, C4<0>;
L_000001e214ab3690 .functor OR 1, L_000001e214adec70, L_000001e214be6fc0, C4<0>, C4<0>;
L_000001e214c471b0 .functor NOT 1, L_000001e214ab3690, C4<0>, C4<0>, C4<0>;
v000001e214bd44a0_0 .net "DATA1", 7 0, L_000001e214b70ff0;  alias, 1 drivers
v000001e214bd42c0_0 .net "DATA2", 7 0, v000001e214bd4400_0;  alias, 1 drivers
v000001e214bd4900_0 .var "RESULT", 7 0;
v000001e214bd4540_0 .net "SELECT", 2 0, v000001e214bdfa00_0;  1 drivers
v000001e214bd4360_0 .net "ZERO", 0 0, L_000001e214c471b0;  alias, 1 drivers
v000001e214bd53a0_0 .net *"_ivl_1", 0 0, L_000001e214be7ba0;  1 drivers
v000001e214bd5f80_0 .net *"_ivl_11", 0 0, L_000001e214be7d80;  1 drivers
v000001e214bd54e0_0 .net *"_ivl_12", 0 0, L_000001e214adee30;  1 drivers
v000001e214bd5da0_0 .net *"_ivl_15", 0 0, L_000001e214be7c40;  1 drivers
v000001e214bd6020_0 .net *"_ivl_16", 0 0, L_000001e214adf290;  1 drivers
v000001e214bd5580_0 .net *"_ivl_19", 0 0, L_000001e214be8640;  1 drivers
v000001e214bd5620_0 .net *"_ivl_20", 0 0, L_000001e214adeab0;  1 drivers
v000001e214bd4c20_0 .net *"_ivl_23", 0 0, L_000001e214be74c0;  1 drivers
v000001e214bd56c0_0 .net *"_ivl_24", 0 0, L_000001e214adec70;  1 drivers
v000001e214bd49a0_0 .net *"_ivl_27", 0 0, L_000001e214be6fc0;  1 drivers
v000001e214bd45e0_0 .net *"_ivl_28", 0 0, L_000001e214ab3690;  1 drivers
v000001e214bd5760_0 .net *"_ivl_3", 0 0, L_000001e214be6f20;  1 drivers
v000001e214bd4a40_0 .net *"_ivl_4", 0 0, L_000001e214b707a0;  1 drivers
v000001e214bd5a80_0 .net *"_ivl_7", 0 0, L_000001e214be7060;  1 drivers
v000001e214bd4cc0_0 .net *"_ivl_8", 0 0, L_000001e214b708f0;  1 drivers
v000001e214bd5800_0 .net "addOut", 7 0, L_000001e214be7a60;  1 drivers
v000001e214bd4d60_0 .net "andOut", 7 0, L_000001e214b702d0;  1 drivers
v000001e214bd5c60_0 .net "forwardOut", 7 0, L_000001e214b70c00;  1 drivers
v000001e214bd4f40_0 .net "orOut", 7 0, L_000001e214b703b0;  1 drivers
E_000001e214b688f0/0 .event anyedge, v000001e214bd4540_0, v000001e214bd4860_0, v000001e214bd4b80_0, v000001e214bd4220_0;
E_000001e214b688f0/1 .event anyedge, v000001e214bd4680_0;
E_000001e214b688f0 .event/or E_000001e214b688f0/0, E_000001e214b688f0/1;
L_000001e214be7ba0 .part v000001e214bd4900_0, 0, 1;
L_000001e214be6f20 .part v000001e214bd4900_0, 1, 1;
L_000001e214be7060 .part v000001e214bd4900_0, 2, 1;
L_000001e214be7d80 .part v000001e214bd4900_0, 3, 1;
L_000001e214be7c40 .part v000001e214bd4900_0, 4, 1;
L_000001e214be8640 .part v000001e214bd4900_0, 5, 1;
L_000001e214be74c0 .part v000001e214bd4900_0, 6, 1;
L_000001e214be6fc0 .part v000001e214bd4900_0, 7, 1;
S_000001e214a74e20 .scope module, "addUnit" "ADD" 8 20, 8 62 0, S_000001e214a74c90;
 .timescale -9 -10;
    .port_info 0 /INPUT 8 "DATA1";
    .port_info 1 /INPUT 8 "DATA2";
    .port_info 2 /OUTPUT 8 "RESULT";
v000001e214bd5ee0_0 .net "DATA1", 7 0, L_000001e214b70ff0;  alias, 1 drivers
v000001e214bd5260_0 .net "DATA2", 7 0, v000001e214bd4400_0;  alias, 1 drivers
v000001e214bd4220_0 .net "RESULT", 7 0, L_000001e214be7a60;  alias, 1 drivers
L_000001e214be7a60 .delay 8 (20,20,20) L_000001e214be7a60/d;
L_000001e214be7a60/d .arith/sum 8, L_000001e214b70ff0, v000001e214bd4400_0;
S_000001e214a854d0 .scope module, "andUnit" "AND" 8 21, 8 75 0, S_000001e214a74c90;
 .timescale -9 -10;
    .port_info 0 /INPUT 8 "DATA1";
    .port_info 1 /INPUT 8 "DATA2";
    .port_info 2 /OUTPUT 8 "RESULT";
L_000001e214b702d0/d .functor AND 8, L_000001e214b70ff0, v000001e214bd4400_0, C4<11111111>, C4<11111111>;
L_000001e214b702d0 .delay 8 (10,10,10) L_000001e214b702d0/d;
v000001e214bd5b20_0 .net "DATA1", 7 0, L_000001e214b70ff0;  alias, 1 drivers
v000001e214bd4ea0_0 .net "DATA2", 7 0, v000001e214bd4400_0;  alias, 1 drivers
v000001e214bd4b80_0 .net "RESULT", 7 0, L_000001e214b702d0;  alias, 1 drivers
S_000001e214a85660 .scope module, "forwardUnit" "FORWARD" 8 19, 8 49 0, S_000001e214a74c90;
 .timescale -9 -10;
    .port_info 0 /INPUT 8 "DATA";
    .port_info 1 /OUTPUT 8 "RESULT";
L_000001e214b70c00/d .functor BUFZ 8, v000001e214bd4400_0, C4<00000000>, C4<00000000>, C4<00000000>;
L_000001e214b70c00 .delay 8 (10,10,10) L_000001e214b70c00/d;
v000001e214bd4fe0_0 .net "DATA", 7 0, v000001e214bd4400_0;  alias, 1 drivers
v000001e214bd4680_0 .net "RESULT", 7 0, L_000001e214b70c00;  alias, 1 drivers
S_000001e214a857f0 .scope module, "orUnit" "OR" 8 22, 8 87 0, S_000001e214a74c90;
 .timescale -9 -10;
    .port_info 0 /INPUT 8 "DATA1";
    .port_info 1 /INPUT 8 "DATA2";
    .port_info 2 /OUTPUT 8 "RESULT";
L_000001e214b703b0/d .functor OR 8, L_000001e214b70ff0, v000001e214bd4400_0, C4<00000000>, C4<00000000>;
L_000001e214b703b0 .delay 8 (10,10,10) L_000001e214b703b0/d;
v000001e214bd5300_0 .net "DATA1", 7 0, L_000001e214b70ff0;  alias, 1 drivers
v000001e214bd59e0_0 .net "DATA2", 7 0, v000001e214bd4400_0;  alias, 1 drivers
v000001e214bd4860_0 .net "RESULT", 7 0, L_000001e214b703b0;  alias, 1 drivers
S_000001e214a94f40 .scope module, "my_flowControl" "flowControl" 7 89, 7 414 0, S_000001e214a79570;
 .timescale -9 -10;
    .port_info 0 /INPUT 1 "JUMP";
    .port_info 1 /INPUT 1 "BRANCH";
    .port_info 2 /INPUT 1 "ZERO";
    .port_info 3 /OUTPUT 1 "OUT";
L_000001e214c462d0 .functor AND 1, v000001e214bdfbe0_0, L_000001e214c471b0, C4<1>, C4<1>;
L_000001e214c46dc0 .functor OR 1, v000001e214bdeba0_0, L_000001e214c462d0, C4<0>, C4<0>;
v000001e214bd58a0_0 .net "BRANCH", 0 0, v000001e214bdfbe0_0;  1 drivers
v000001e214bd5d00_0 .net "JUMP", 0 0, v000001e214bdeba0_0;  1 drivers
v000001e214bd5e40_0 .net "OUT", 0 0, L_000001e214c46dc0;  alias, 1 drivers
v000001e214bd5940_0 .net "ZERO", 0 0, L_000001e214c471b0;  alias, 1 drivers
v000001e214bd60c0_0 .net *"_ivl_0", 0 0, L_000001e214c462d0;  1 drivers
S_000001e214a950d0 .scope module, "my_jumpbranchAdder" "jumpbranchAdder" 7 86, 7 323 0, S_000001e214a79570;
 .timescale -9 -10;
    .port_info 0 /INPUT 32 "PC";
    .port_info 1 /INPUT 8 "OFFSET";
    .port_info 2 /OUTPUT 32 "TARGET";
v000001e214bded80_0 .net "OFFSET", 7 0, L_000001e214be85a0;  alias, 1 drivers
v000001e214bdf140_0 .net "PC", 31 0, L_000001e214be7f60;  alias, 1 drivers
v000001e214bdfdc0_0 .net "TARGET", 31 0, L_000001e214be6ac0;  alias, 1 drivers
v000001e214bdfe60_0 .net *"_ivl_1", 0 0, L_000001e214be7ec0;  1 drivers
L_000001e214bea768 .functor BUFT 1, C4<00>, C4<0>, C4<0>, C4<0>;
v000001e214bde7e0_0 .net/2u *"_ivl_4", 1 0, L_000001e214bea768;  1 drivers
v000001e214bdee20_0 .net *"_ivl_6", 31 0, L_000001e214be6d40;  1 drivers
v000001e214bdf3c0_0 .net "signBits", 21 0, L_000001e214be68e0;  1 drivers
L_000001e214be7ec0 .part L_000001e214be85a0, 7, 1;
LS_000001e214be68e0_0_0 .concat [ 1 1 1 1], L_000001e214be7ec0, L_000001e214be7ec0, L_000001e214be7ec0, L_000001e214be7ec0;
LS_000001e214be68e0_0_4 .concat [ 1 1 1 1], L_000001e214be7ec0, L_000001e214be7ec0, L_000001e214be7ec0, L_000001e214be7ec0;
LS_000001e214be68e0_0_8 .concat [ 1 1 1 1], L_000001e214be7ec0, L_000001e214be7ec0, L_000001e214be7ec0, L_000001e214be7ec0;
LS_000001e214be68e0_0_12 .concat [ 1 1 1 1], L_000001e214be7ec0, L_000001e214be7ec0, L_000001e214be7ec0, L_000001e214be7ec0;
LS_000001e214be68e0_0_16 .concat [ 1 1 1 1], L_000001e214be7ec0, L_000001e214be7ec0, L_000001e214be7ec0, L_000001e214be7ec0;
LS_000001e214be68e0_0_20 .concat [ 1 1 0 0], L_000001e214be7ec0, L_000001e214be7ec0;
LS_000001e214be68e0_1_0 .concat [ 4 4 4 4], LS_000001e214be68e0_0_0, LS_000001e214be68e0_0_4, LS_000001e214be68e0_0_8, LS_000001e214be68e0_0_12;
LS_000001e214be68e0_1_4 .concat [ 4 2 0 0], LS_000001e214be68e0_0_16, LS_000001e214be68e0_0_20;
L_000001e214be68e0 .concat [ 16 6 0 0], LS_000001e214be68e0_1_0, LS_000001e214be68e0_1_4;
L_000001e214be6d40 .concat [ 2 8 22 0], L_000001e214bea768, L_000001e214be85a0, L_000001e214be68e0;
L_000001e214be6ac0 .delay 32 (20,20,20) L_000001e214be6ac0/d;
L_000001e214be6ac0/d .arith/sum 32, L_000001e214be7f60, L_000001e214be6d40;
S_000001e214be0890 .scope module, "my_pcAdder" "pcAdder" 7 83, 7 342 0, S_000001e214a79570;
 .timescale -9 -10;
    .port_info 0 /INPUT 32 "PC";
    .port_info 1 /OUTPUT 32 "PCplus4";
v000001e214bdffa0_0 .net "PC", 31 0, v000001e214bdfc80_0;  alias, 1 drivers
v000001e214bdf0a0_0 .net "PCplus4", 31 0, L_000001e214be7f60;  alias, 1 drivers
L_000001e214bea720 .functor BUFT 1, C4<00000000000000000000000000000100>, C4<0>, C4<0>, C4<0>;
v000001e214bde420_0 .net/2u *"_ivl_0", 31 0, L_000001e214bea720;  1 drivers
L_000001e214be7f60 .delay 32 (10,10,10) L_000001e214be7f60/d;
L_000001e214be7f60/d .arith/sum 32, v000001e214bdfc80_0, L_000001e214bea720;
S_000001e214be03e0 .scope module, "my_reg" "reg_file" 7 68, 9 13 0, S_000001e214a79570;
 .timescale -9 -10;
    .port_info 0 /INPUT 8 "IN";
    .port_info 1 /OUTPUT 8 "OUT1";
    .port_info 2 /OUTPUT 8 "OUT2";
    .port_info 3 /INPUT 3 "INADDRESS";
    .port_info 4 /INPUT 3 "OUT1ADDRESS";
    .port_info 5 /INPUT 3 "OUT2ADDRESS";
    .port_info 6 /INPUT 1 "WRITE";
    .port_info 7 /INPUT 1 "CLK";
    .port_info 8 /INPUT 1 "RESET";
L_000001e214b70ff0/d .functor BUFZ 8, L_000001e214be8000, C4<00000000>, C4<00000000>, C4<00000000>;
L_000001e214b70ff0 .delay 8 (20,20,20) L_000001e214b70ff0/d;
L_000001e214b709d0/d .functor BUFZ 8, L_000001e214be7100, C4<00000000>, C4<00000000>, C4<00000000>;
L_000001e214b709d0 .delay 8 (20,20,20) L_000001e214b709d0/d;
v000001e214bdef60_0 .net "CLK", 0 0, v000001e214be1440_0;  alias, 1 drivers
v000001e214bdfaa0_0 .net "IN", 7 0, v000001e214bd5bc0_0;  alias, 1 drivers
v000001e214bdff00_0 .net "INADDRESS", 2 0, L_000001e214be6700;  alias, 1 drivers
v000001e214bdf460_0 .net "OUT1", 7 0, L_000001e214b70ff0;  alias, 1 drivers
v000001e214bdf500_0 .net "OUT1ADDRESS", 2 0, L_000001e214be8280;  alias, 1 drivers
v000001e214bde4c0_0 .net "OUT2", 7 0, L_000001e214b709d0;  alias, 1 drivers
v000001e214bde880_0 .net "OUT2ADDRESS", 2 0, L_000001e214be6340;  alias, 1 drivers
v000001e214bdf1e0 .array "REGISTER", 0 7, 7 0;
v000001e214bdf8c0_0 .net "RESET", 0 0, v000001e214be28e0_0;  alias, 1 drivers
v000001e214bdf280_0 .net "WRITE", 0 0, v000001e214be19e0_0;  1 drivers
v000001e214bdf5a0_0 .net *"_ivl_0", 7 0, L_000001e214be8000;  1 drivers
v000001e214bde560_0 .net *"_ivl_10", 4 0, L_000001e214be65c0;  1 drivers
L_000001e214bea690 .functor BUFT 1, C4<00>, C4<0>, C4<0>, C4<0>;
v000001e214bdf640_0 .net *"_ivl_13", 1 0, L_000001e214bea690;  1 drivers
v000001e214bdeb00_0 .net *"_ivl_2", 4 0, L_000001e214be8140;  1 drivers
L_000001e214bea648 .functor BUFT 1, C4<00>, C4<0>, C4<0>, C4<0>;
v000001e214bdea60_0 .net *"_ivl_5", 1 0, L_000001e214bea648;  1 drivers
v000001e214bde6a0_0 .net *"_ivl_8", 7 0, L_000001e214be7100;  1 drivers
v000001e214bdeec0_0 .var/i "i", 31 0;
L_000001e214be8000 .array/port v000001e214bdf1e0, L_000001e214be8140;
L_000001e214be8140 .concat [ 3 2 0 0], L_000001e214be8280, L_000001e214bea648;
L_000001e214be7100 .array/port v000001e214bdf1e0, L_000001e214be65c0;
L_000001e214be65c0 .concat [ 3 2 0 0], L_000001e214be6340, L_000001e214bea690;
S_000001e214be0250 .scope module, "my_twosComp" "twosComp" 7 74, 7 308 0, S_000001e214a79570;
 .timescale -9 -10;
    .port_info 0 /INPUT 8 "IN";
    .port_info 1 /OUTPUT 8 "OUT";
L_000001e214c46ff0 .functor NOT 8, L_000001e214b709d0, C4<00000000>, C4<00000000>, C4<00000000>;
v000001e214bde920_0 .net "IN", 7 0, L_000001e214b709d0;  alias, 1 drivers
v000001e214be0040_0 .net "OUT", 7 0, L_000001e214be8460;  alias, 1 drivers
v000001e214bdf320_0 .net *"_ivl_0", 7 0, L_000001e214c46ff0;  1 drivers
L_000001e214bea6d8 .functor BUFT 1, C4<00000001>, C4<0>, C4<0>, C4<0>;
v000001e214bdf6e0_0 .net/2u *"_ivl_2", 7 0, L_000001e214bea6d8;  1 drivers
L_000001e214be8460 .delay 8 (10,10,10) L_000001e214be8460/d;
L_000001e214be8460/d .arith/sum 8, L_000001e214c46ff0, L_000001e214bea6d8;
S_000001e214be0bb0 .scope module, "negationMUX" "mux" 7 77, 7 358 0, S_000001e214a79570;
 .timescale -9 -10;
    .port_info 0 /INPUT 8 "IN1";
    .port_info 1 /INPUT 8 "IN2";
    .port_info 2 /INPUT 1 "SELECT";
    .port_info 3 /OUTPUT 8 "OUT";
v000001e214bdf780_0 .net "IN1", 7 0, L_000001e214b709d0;  alias, 1 drivers
v000001e214bdf820_0 .net "IN2", 7 0, L_000001e214be8460;  alias, 1 drivers
v000001e214bdf960_0 .var "OUT", 7 0;
v000001e214bdfd20_0 .net "SELECT", 0 0, v000001e214be2de0_0;  1 drivers
E_000001e214b68db0 .event anyedge, v000001e214bdfd20_0, v000001e214be0040_0, v000001e214bde4c0_0;
    .scope S_000001e214a75110;
T_0 ;
    %wait E_000001e214b664b0;
    %load/vec4 v000001e214bd1740_0;
    %flag_set/vec4 8;
    %load/vec4 v000001e214bd1ce0_0;
    %flag_set/vec4 9;
    %flag_or 9, 8;
    %jmp/0 T_0.0, 9;
    %pushi/vec4 1, 0, 2;
    %jmp/1 T_0.1, 9;
T_0.0 ; End of true expr.
    %pushi/vec4 0, 0, 2;
    %jmp/0 T_0.1, 9;
 ; End of false expr.
    %blend;
T_0.1;
    %pad/s 1;
    %store/vec4 v000001e214bd1d80_0, 0, 1;
    %load/vec4 v000001e214bd1740_0;
    %load/vec4 v000001e214bd1ce0_0;
    %nor/r;
    %and;
    %flag_set/vec4 8;
    %jmp/0 T_0.2, 8;
    %pushi/vec4 1, 0, 2;
    %jmp/1 T_0.3, 8;
T_0.2 ; End of true expr.
    %pushi/vec4 0, 0, 2;
    %jmp/0 T_0.3, 8;
 ; End of false expr.
    %blend;
T_0.3;
    %pad/s 1;
    %store/vec4 v000001e214bd1880_0, 0, 1;
    %load/vec4 v000001e214bd1740_0;
    %nor/r;
    %load/vec4 v000001e214bd1ce0_0;
    %and;
    %flag_set/vec4 8;
    %jmp/0 T_0.4, 8;
    %pushi/vec4 1, 0, 2;
    %jmp/1 T_0.5, 8;
T_0.4 ; End of true expr.
    %pushi/vec4 0, 0, 2;
    %jmp/0 T_0.5, 8;
 ; End of false expr.
    %blend;
T_0.5;
    %pad/s 1;
    %store/vec4 v000001e214bd0480_0, 0, 1;
    %jmp T_0;
    .thread T_0, $push;
    .scope S_000001e214a75110;
T_1 ;
    %wait E_000001e214b65870;
    %load/vec4 v000001e214bd1880_0;
    %flag_set/vec4 8;
    %jmp/0xz  T_1.0, 8;
    %load/vec4 v000001e214bd0200_0;
    %concati/vec4 0, 0, 2;
    %pad/u 10;
    %ix/vec4 4;
    %load/vec4a v000001e214bd11a0, 4;
    %store/vec4 v000001e214bd1920_0, 0, 8;
    %pushi/vec4 400, 0, 64;
    %ix/vec4 4;
    %delayx 4;
    %load/vec4 v000001e214bd1920_0;
    %ix/load 4, 0, 0;
    %flag_set/imm 4, 0;
    %store/vec4 v000001e214bd1240_0, 4, 8;
    %load/vec4 v000001e214bd0200_0;
    %concati/vec4 1, 0, 2;
    %pad/u 10;
    %ix/vec4 4;
    %load/vec4a v000001e214bd11a0, 4;
    %store/vec4 v000001e214bd1100_0, 0, 8;
    %pushi/vec4 400, 0, 64;
    %ix/vec4 4;
    %delayx 4;
    %load/vec4 v000001e214bd1100_0;
    %ix/load 4, 8, 0;
    %flag_set/imm 4, 0;
    %store/vec4 v000001e214bd1240_0, 4, 8;
    %load/vec4 v000001e214bd0200_0;
    %concati/vec4 2, 0, 2;
    %pad/u 10;
    %ix/vec4 4;
    %load/vec4a v000001e214bd11a0, 4;
    %store/vec4 v000001e214bd1b00_0, 0, 8;
    %pushi/vec4 400, 0, 64;
    %ix/vec4 4;
    %delayx 4;
    %load/vec4 v000001e214bd1b00_0;
    %ix/load 4, 16, 0;
    %flag_set/imm 4, 0;
    %store/vec4 v000001e214bd1240_0, 4, 8;
    %load/vec4 v000001e214bd0200_0;
    %concati/vec4 3, 0, 2;
    %pad/u 10;
    %ix/vec4 4;
    %load/vec4a v000001e214bd11a0, 4;
    %store/vec4 v000001e214bd05c0_0, 0, 8;
    %pushi/vec4 400, 0, 64;
    %ix/vec4 4;
    %delayx 4;
    %load/vec4 v000001e214bd05c0_0;
    %ix/load 4, 24, 0;
    %flag_set/imm 4, 0;
    %store/vec4 v000001e214bd1240_0, 4, 8;
    %pushi/vec4 0, 0, 1;
    %store/vec4 v000001e214bd1d80_0, 0, 1;
    %pushi/vec4 0, 0, 1;
    %store/vec4 v000001e214bd1880_0, 0, 1;
T_1.0 ;
    %load/vec4 v000001e214bd0480_0;
    %flag_set/vec4 8;
    %jmp/0xz  T_1.2, 8;
    %load/vec4 v000001e214bd1380_0;
    %parti/s 8, 0, 2;
    %store/vec4 v000001e214bd12e0_0, 0, 8;
    %pushi/vec4 400, 0, 64;
    %ix/vec4 4;
    %delayx 4;
    %load/vec4 v000001e214bd12e0_0;
    %load/vec4 v000001e214bd0200_0;
    %concati/vec4 0, 0, 2;
    %pad/u 10;
    %ix/vec4 4;
    %store/vec4a v000001e214bd11a0, 4, 0;
    %load/vec4 v000001e214bd1380_0;
    %parti/s 8, 8, 5;
    %store/vec4 v000001e214bd17e0_0, 0, 8;
    %pushi/vec4 400, 0, 64;
    %ix/vec4 4;
    %delayx 4;
    %load/vec4 v000001e214bd17e0_0;
    %load/vec4 v000001e214bd0200_0;
    %concati/vec4 1, 0, 2;
    %pad/u 10;
    %ix/vec4 4;
    %store/vec4a v000001e214bd11a0, 4, 0;
    %load/vec4 v000001e214bd1380_0;
    %parti/s 8, 16, 6;
    %store/vec4 v000001e214bd1c40_0, 0, 8;
    %pushi/vec4 400, 0, 64;
    %ix/vec4 4;
    %delayx 4;
    %load/vec4 v000001e214bd1c40_0;
    %load/vec4 v000001e214bd0200_0;
    %concati/vec4 2, 0, 2;
    %pad/u 10;
    %ix/vec4 4;
    %store/vec4a v000001e214bd11a0, 4, 0;
    %load/vec4 v000001e214bd1380_0;
    %parti/s 8, 24, 6;
    %store/vec4 v000001e214bd1a60_0, 0, 8;
    %pushi/vec4 400, 0, 64;
    %ix/vec4 4;
    %delayx 4;
    %load/vec4 v000001e214bd1a60_0;
    %load/vec4 v000001e214bd0200_0;
    %concati/vec4 3, 0, 2;
    %pad/u 10;
    %ix/vec4 4;
    %store/vec4a v000001e214bd11a0, 4, 0;
    %pushi/vec4 0, 0, 1;
    %store/vec4 v000001e214bd1d80_0, 0, 1;
    %pushi/vec4 0, 0, 1;
    %store/vec4 v000001e214bd0480_0, 0, 1;
T_1.2 ;
    %jmp T_1;
    .thread T_1;
    .scope S_000001e214a75110;
T_2 ;
    %wait E_000001e214b65170;
    %load/vec4 v000001e214bd1ba0_0;
    %flag_set/vec4 8;
    %jmp/0xz  T_2.0, 8;
    %pushi/vec4 0, 0, 32;
    %store/vec4 v000001e214bd0340_0, 0, 32;
T_2.2 ;
    %load/vec4 v000001e214bd0340_0;
    %cmpi/s 256, 0, 32;
    %jmp/0xz T_2.3, 5;
    %pushi/vec4 0, 0, 8;
    %ix/getv/s 4, v000001e214bd0340_0;
    %store/vec4a v000001e214bd11a0, 4, 0;
    %load/vec4 v000001e214bd0340_0;
    %addi 1, 0, 32;
    %store/vec4 v000001e214bd0340_0, 0, 32;
    %jmp T_2.2;
T_2.3 ;
    %pushi/vec4 0, 0, 1;
    %store/vec4 v000001e214bd1d80_0, 0, 1;
    %pushi/vec4 0, 0, 1;
    %store/vec4 v000001e214bd1880_0, 0, 1;
    %pushi/vec4 0, 0, 1;
    %store/vec4 v000001e214bd0480_0, 0, 1;
T_2.0 ;
    %jmp T_2;
    .thread T_2;
    .scope S_000001e214a71960;
T_3 ;
    %wait E_000001e214b66830;
    %load/vec4 v000001e214afaf40_0;
    %flag_set/vec4 8;
    %load/vec4 v000001e214bd0a20_0;
    %flag_set/vec4 9;
    %flag_or 9, 8;
    %jmp/0 T_3.0, 9;
    %pushi/vec4 1, 0, 2;
    %jmp/1 T_3.1, 9;
T_3.0 ; End of true expr.
    %pushi/vec4 0, 0, 2;
    %jmp/0 T_3.1, 9;
 ; End of false expr.
    %blend;
T_3.1;
    %pad/s 1;
    %store/vec4 v000001e214b7a860_0, 0, 1;
    %load/vec4 v000001e214bd0a20_0;
    %flag_set/vec4 8;
    %jmp/0xz  T_3.2, 8;
    %pushi/vec4 1, 0, 1;
    %store/vec4 v000001e214b79aa0_0, 0, 1;
T_3.2 ;
    %jmp T_3;
    .thread T_3, $push;
    .scope S_000001e214a71960;
T_4 ;
    %wait E_000001e214b65f30;
    %load/vec4 v000001e214adb5e0_0;
    %dup/vec4;
    %pushi/vec4 0, 0, 2;
    %cmp/u;
    %jmp/1 T_4.0, 6;
    %dup/vec4;
    %pushi/vec4 1, 0, 2;
    %cmp/u;
    %jmp/1 T_4.1, 6;
    %dup/vec4;
    %pushi/vec4 2, 0, 2;
    %cmp/u;
    %jmp/1 T_4.2, 6;
    %dup/vec4;
    %pushi/vec4 3, 0, 2;
    %cmp/u;
    %jmp/1 T_4.3, 6;
    %jmp T_4.4;
T_4.0 ;
    %load/vec4 v000001e214b798c0_0;
    %parti/s 8, 0, 2;
    %store/vec4 v000001e214b79460_0, 0, 8;
    %jmp T_4.4;
T_4.1 ;
    %load/vec4 v000001e214b798c0_0;
    %parti/s 8, 8, 5;
    %store/vec4 v000001e214b79460_0, 0, 8;
    %jmp T_4.4;
T_4.2 ;
    %load/vec4 v000001e214b798c0_0;
    %parti/s 8, 16, 6;
    %store/vec4 v000001e214b79460_0, 0, 8;
    %jmp T_4.4;
T_4.3 ;
    %load/vec4 v000001e214b798c0_0;
    %parti/s 8, 24, 6;
    %store/vec4 v000001e214b79460_0, 0, 8;
    %jmp T_4.4;
T_4.4 ;
    %pop/vec4 1;
    %jmp T_4;
    .thread T_4, $push;
    .scope S_000001e214a71960;
T_5 ;
    %wait E_000001e214b65530;
    %load/vec4 v000001e214b79b40_0;
    %flag_set/vec4 8;
    %jmp/0xz  T_5.0, 8;
    %pushi/vec4 0, 0, 1;
    %store/vec4 v000001e214b7a860_0, 0, 1;
T_5.0 ;
    %jmp T_5;
    .thread T_5, $push;
    .scope S_000001e214a71960;
T_6 ;
    %wait E_000001e214b65870;
    %load/vec4 v000001e214b79aa0_0;
    %load/vec4 v000001e214b79b40_0;
    %and;
    %flag_set/vec4 8;
    %jmp/0xz  T_6.0, 8;
    %load/vec4 v000001e214adb5e0_0;
    %dup/vec4;
    %pushi/vec4 0, 0, 2;
    %cmp/u;
    %jmp/1 T_6.2, 6;
    %dup/vec4;
    %pushi/vec4 1, 0, 2;
    %cmp/u;
    %jmp/1 T_6.3, 6;
    %dup/vec4;
    %pushi/vec4 2, 0, 2;
    %cmp/u;
    %jmp/1 T_6.4, 6;
    %dup/vec4;
    %pushi/vec4 3, 0, 2;
    %cmp/u;
    %jmp/1 T_6.5, 6;
    %jmp T_6.6;
T_6.2 ;
    %load/vec4 v000001e214b7aea0_0;
    %load/vec4 v000001e214b795a0_0;
    %pad/u 5;
    %ix/vec4 4;
    %flag_mov 8, 4;
    %ix/load 5, 0, 0;
    %flag_set/imm 4, 0;
    %flag_or 4, 8;
    %store/vec4a v000001e214b7a900, 4, 5;
    %jmp T_6.6;
T_6.3 ;
    %load/vec4 v000001e214b7aea0_0;
    %load/vec4 v000001e214b795a0_0;
    %pad/u 5;
    %ix/vec4 4;
    %flag_mov 8, 4;
    %ix/load 5, 8, 0;
    %flag_set/imm 4, 0;
    %flag_or 4, 8;
    %store/vec4a v000001e214b7a900, 4, 5;
    %jmp T_6.6;
T_6.4 ;
    %load/vec4 v000001e214b7aea0_0;
    %load/vec4 v000001e214b795a0_0;
    %pad/u 5;
    %ix/vec4 4;
    %flag_mov 8, 4;
    %ix/load 5, 16, 0;
    %flag_set/imm 4, 0;
    %flag_or 4, 8;
    %store/vec4a v000001e214b7a900, 4, 5;
    %jmp T_6.6;
T_6.5 ;
    %load/vec4 v000001e214b7aea0_0;
    %load/vec4 v000001e214b795a0_0;
    %pad/u 5;
    %ix/vec4 4;
    %flag_mov 8, 4;
    %ix/load 5, 24, 0;
    %flag_set/imm 4, 0;
    %flag_or 4, 8;
    %store/vec4a v000001e214b7a900, 4, 5;
    %jmp T_6.6;
T_6.6 ;
    %pop/vec4 1;
    %pushi/vec4 1, 0, 1;
    %load/vec4 v000001e214b795a0_0;
    %pad/u 5;
    %ix/vec4 4;
    %store/vec4a v000001e214b7a040, 4, 0;
    %pushi/vec4 0, 0, 1;
    %store/vec4 v000001e214b79aa0_0, 0, 1;
T_6.0 ;
    %jmp T_6;
    .thread T_6;
    .scope S_000001e214a71960;
T_7 ;
    %wait E_000001e214b66070;
    %load/vec4 v000001e214a75c70_0;
    %dup/vec4;
    %pushi/vec4 0, 0, 3;
    %cmp/u;
    %jmp/1 T_7.0, 6;
    %dup/vec4;
    %pushi/vec4 1, 0, 3;
    %cmp/u;
    %jmp/1 T_7.1, 6;
    %dup/vec4;
    %pushi/vec4 2, 0, 3;
    %cmp/u;
    %jmp/1 T_7.2, 6;
    %jmp T_7.3;
T_7.0 ;
    %load/vec4 v000001e214afaf40_0;
    %load/vec4 v000001e214bd0a20_0;
    %or;
    %load/vec4 v000001e214b79780_0;
    %nor/r;
    %and;
    %load/vec4 v000001e214b79b40_0;
    %nor/r;
    %and;
    %flag_set/vec4 8;
    %jmp/0xz  T_7.4, 8;
    %pushi/vec4 1, 0, 3;
    %store/vec4 v000001e214adb9a0_0, 0, 3;
    %jmp T_7.5;
T_7.4 ;
    %load/vec4 v000001e214afaf40_0;
    %load/vec4 v000001e214bd0a20_0;
    %or;
    %load/vec4 v000001e214b79780_0;
    %and;
    %load/vec4 v000001e214b79b40_0;
    %nor/r;
    %and;
    %flag_set/vec4 8;
    %jmp/0xz  T_7.6, 8;
    %pushi/vec4 2, 0, 3;
    %store/vec4 v000001e214adb9a0_0, 0, 3;
    %jmp T_7.7;
T_7.6 ;
    %pushi/vec4 0, 0, 3;
    %store/vec4 v000001e214adb9a0_0, 0, 3;
T_7.7 ;
T_7.5 ;
    %jmp T_7.3;
T_7.1 ;
    %load/vec4 v000001e214b7ab80_0;
    %nor/r;
    %flag_set/vec4 8;
    %jmp/0xz  T_7.8, 8;
    %pushi/vec4 0, 0, 3;
    %store/vec4 v000001e214adb9a0_0, 0, 3;
    %jmp T_7.9;
T_7.8 ;
    %pushi/vec4 1, 0, 3;
    %store/vec4 v000001e214adb9a0_0, 0, 3;
T_7.9 ;
    %jmp T_7.3;
T_7.2 ;
    %load/vec4 v000001e214b7ab80_0;
    %nor/r;
    %flag_set/vec4 8;
    %jmp/0xz  T_7.10, 8;
    %pushi/vec4 1, 0, 3;
    %store/vec4 v000001e214adb9a0_0, 0, 3;
    %jmp T_7.11;
T_7.10 ;
    %pushi/vec4 2, 0, 3;
    %store/vec4 v000001e214adb9a0_0, 0, 3;
T_7.11 ;
    %jmp T_7.3;
T_7.3 ;
    %pop/vec4 1;
    %jmp T_7;
    .thread T_7, $push;
    .scope S_000001e214a71960;
T_8 ;
    %wait E_000001e214b65430;
    %load/vec4 v000001e214a75c70_0;
    %dup/vec4;
    %pushi/vec4 0, 0, 3;
    %cmp/u;
    %jmp/1 T_8.0, 6;
    %dup/vec4;
    %pushi/vec4 1, 0, 3;
    %cmp/u;
    %jmp/1 T_8.1, 6;
    %dup/vec4;
    %pushi/vec4 2, 0, 3;
    %cmp/u;
    %jmp/1 T_8.2, 6;
    %jmp T_8.3;
T_8.0 ;
    %pushi/vec4 0, 0, 1;
    %store/vec4 v000001e214b79dc0_0, 0, 1;
    %pushi/vec4 0, 0, 1;
    %store/vec4 v000001e214b79280_0, 0, 1;
    %pushi/vec4 63, 63, 6;
    %store/vec4 v000001e214b7aae0_0, 0, 6;
    %pushi/vec4 255, 255, 32;
    %store/vec4 v000001e214adb720_0, 0, 32;
    %jmp T_8.3;
T_8.1 ;
    %pushi/vec4 1, 0, 1;
    %store/vec4 v000001e214b79dc0_0, 0, 1;
    %pushi/vec4 0, 0, 1;
    %store/vec4 v000001e214b79280_0, 0, 1;
    %load/vec4 v000001e214bd1060_0;
    %load/vec4 v000001e214b795a0_0;
    %concat/vec4; draw_concat_vec4
    %store/vec4 v000001e214b7aae0_0, 0, 6;
    %pushi/vec4 4294967295, 4294967295, 32;
    %store/vec4 v000001e214adb720_0, 0, 32;
    %pushi/vec4 1, 0, 1;
    %store/vec4 v000001e214b7a860_0, 0, 1;
    %delay 10, 0;
    %load/vec4 v000001e214b7ab80_0;
    %nor/r;
    %flag_set/vec4 8;
    %jmp/0xz  T_8.4, 8;
    %load/vec4 v000001e214b79960_0;
    %load/vec4 v000001e214b795a0_0;
    %pad/u 5;
    %ix/vec4 4;
    %store/vec4a v000001e214b7a900, 4, 0;
    %load/vec4 v000001e214bd1060_0;
    %pad/u 1;
    %load/vec4 v000001e214b795a0_0;
    %pad/u 5;
    %ix/vec4 4;
    %store/vec4a v000001e214bd1f60, 4, 0;
    %pushi/vec4 1, 0, 1;
    %load/vec4 v000001e214b795a0_0;
    %pad/u 5;
    %ix/vec4 4;
    %store/vec4a v000001e214bd08e0, 4, 0;
T_8.4 ;
    %jmp T_8.3;
T_8.2 ;
    %pushi/vec4 0, 0, 1;
    %store/vec4 v000001e214b79dc0_0, 0, 1;
    %pushi/vec4 1, 0, 1;
    %store/vec4 v000001e214b79280_0, 0, 1;
    %load/vec4 v000001e214b7a9a0_0;
    %load/vec4 v000001e214b795a0_0;
    %concat/vec4; draw_concat_vec4
    %store/vec4 v000001e214b7aae0_0, 0, 6;
    %load/vec4 v000001e214b798c0_0;
    %store/vec4 v000001e214adb720_0, 0, 32;
    %pushi/vec4 1, 0, 1;
    %store/vec4 v000001e214b7a860_0, 0, 1;
    %load/vec4 v000001e214b7ab80_0;
    %nor/r;
    %flag_set/vec4 8;
    %jmp/0xz  T_8.6, 8;
    %pushi/vec4 0, 0, 1;
    %load/vec4 v000001e214b795a0_0;
    %pad/u 5;
    %ix/vec4 4;
    %store/vec4a v000001e214b7a040, 4, 0;
T_8.6 ;
    %jmp T_8.3;
T_8.3 ;
    %pop/vec4 1;
    %jmp T_8;
    .thread T_8, $push;
    .scope S_000001e214a71960;
T_9 ;
    %wait E_000001e214b66030;
    %load/vec4 v000001e214afb080_0;
    %flag_set/vec4 8;
    %jmp/0xz  T_9.0, 8;
    %pushi/vec4 0, 0, 3;
    %store/vec4 v000001e214a75c70_0, 0, 3;
    %pushi/vec4 0, 0, 32;
    %store/vec4 v000001e214b79be0_0, 0, 32;
T_9.2 ;
    %load/vec4 v000001e214b79be0_0;
    %cmpi/s 8, 0, 32;
    %jmp/0xz T_9.3, 5;
    %pushi/vec4 0, 0, 1;
    %ix/getv/s 4, v000001e214b79be0_0;
    %store/vec4a v000001e214bd08e0, 4, 0;
    %pushi/vec4 0, 0, 1;
    %ix/getv/s 4, v000001e214b79be0_0;
    %store/vec4a v000001e214b7a040, 4, 0;
    %load/vec4 v000001e214b79be0_0;
    %addi 1, 0, 32;
    %store/vec4 v000001e214b79be0_0, 0, 32;
    %jmp T_9.2;
T_9.3 ;
    %jmp T_9.1;
T_9.0 ;
    %load/vec4 v000001e214adb9a0_0;
    %store/vec4 v000001e214a75c70_0, 0, 3;
T_9.1 ;
    %jmp T_9;
    .thread T_9;
    .scope S_000001e214a752a0;
T_10 ;
    %wait E_000001e214b68df0;
    %pushi/vec4 1, 0, 1;
    %store/vec4 v000001e214bd0e80_0, 0, 1;
    %jmp T_10;
    .thread T_10, $push;
    .scope S_000001e214a752a0;
T_11 ;
    %wait E_000001e214b68ff0;
    %load/vec4 v000001e214bd2210_0;
    %dup/vec4;
    %pushi/vec4 0, 0, 2;
    %cmp/u;
    %jmp/1 T_11.0, 6;
    %dup/vec4;
    %pushi/vec4 1, 0, 2;
    %cmp/u;
    %jmp/1 T_11.1, 6;
    %dup/vec4;
    %pushi/vec4 2, 0, 2;
    %cmp/u;
    %jmp/1 T_11.2, 6;
    %dup/vec4;
    %pushi/vec4 3, 0, 2;
    %cmp/u;
    %jmp/1 T_11.3, 6;
    %jmp T_11.4;
T_11.0 ;
    %load/vec4 v000001e214bd36b0_0;
    %parti/s 32, 0, 2;
    %store/vec4 v000001e214bd0700_0, 0, 32;
    %pushi/vec4 10, 0, 64;
    %ix/vec4 4;
    %delayx 4;
    %load/vec4 v000001e214bd0700_0;
    %store/vec4 v000001e214bd22b0_0, 0, 32;
    %jmp T_11.4;
T_11.1 ;
    %load/vec4 v000001e214bd36b0_0;
    %parti/s 32, 32, 7;
    %store/vec4 v000001e214bd0840_0, 0, 32;
    %pushi/vec4 10, 0, 64;
    %ix/vec4 4;
    %delayx 4;
    %load/vec4 v000001e214bd0840_0;
    %store/vec4 v000001e214bd22b0_0, 0, 32;
    %jmp T_11.4;
T_11.2 ;
    %load/vec4 v000001e214bd36b0_0;
    %parti/s 32, 64, 8;
    %store/vec4 v000001e214bd0980_0, 0, 32;
    %pushi/vec4 10, 0, 64;
    %ix/vec4 4;
    %delayx 4;
    %load/vec4 v000001e214bd0980_0;
    %store/vec4 v000001e214bd22b0_0, 0, 32;
    %jmp T_11.4;
T_11.3 ;
    %load/vec4 v000001e214bd36b0_0;
    %parti/s 32, 96, 8;
    %store/vec4 v000001e214bd1560_0, 0, 32;
    %pushi/vec4 10, 0, 64;
    %ix/vec4 4;
    %delayx 4;
    %load/vec4 v000001e214bd1560_0;
    %store/vec4 v000001e214bd22b0_0, 0, 32;
    %jmp T_11.4;
T_11.4 ;
    %pop/vec4 1;
    %jmp T_11;
    .thread T_11, $push;
    .scope S_000001e214a752a0;
T_12 ;
    %wait E_000001e214b65530;
    %load/vec4 v000001e214bd2990_0;
    %flag_set/vec4 8;
    %jmp/0xz  T_12.0, 8;
    %pushi/vec4 0, 0, 1;
    %store/vec4 v000001e214bd0e80_0, 0, 1;
T_12.0 ;
    %jmp T_12;
    .thread T_12, $push;
    .scope S_000001e214a752a0;
T_13 ;
    %wait E_000001e214b68930;
    %load/vec4 v000001e214bd3070_0;
    %dup/vec4;
    %pushi/vec4 0, 0, 3;
    %cmp/u;
    %jmp/1 T_13.0, 6;
    %dup/vec4;
    %pushi/vec4 1, 0, 3;
    %cmp/u;
    %jmp/1 T_13.1, 6;
    %jmp T_13.2;
T_13.0 ;
    %load/vec4 v000001e214bd2990_0;
    %nor/r;
    %flag_set/vec4 8;
    %jmp/0xz  T_13.3, 8;
    %pushi/vec4 1, 0, 3;
    %store/vec4 v000001e214bd3c50_0, 0, 3;
    %jmp T_13.4;
T_13.3 ;
    %pushi/vec4 0, 0, 3;
    %store/vec4 v000001e214bd3c50_0, 0, 3;
T_13.4 ;
    %jmp T_13.2;
T_13.1 ;
    %load/vec4 v000001e214bd27b0_0;
    %nor/r;
    %flag_set/vec4 8;
    %jmp/0xz  T_13.5, 8;
    %pushi/vec4 0, 0, 3;
    %store/vec4 v000001e214bd3c50_0, 0, 3;
    %jmp T_13.6;
T_13.5 ;
    %pushi/vec4 1, 0, 3;
    %store/vec4 v000001e214bd3c50_0, 0, 3;
T_13.6 ;
    %jmp T_13.2;
T_13.2 ;
    %pop/vec4 1;
    %jmp T_13;
    .thread T_13, $push;
    .scope S_000001e214a752a0;
T_14 ;
    %wait E_000001e214b685f0;
    %load/vec4 v000001e214bd3070_0;
    %dup/vec4;
    %pushi/vec4 0, 0, 3;
    %cmp/u;
    %jmp/1 T_14.0, 6;
    %dup/vec4;
    %pushi/vec4 1, 0, 3;
    %cmp/u;
    %jmp/1 T_14.1, 6;
    %jmp T_14.2;
T_14.0 ;
    %pushi/vec4 0, 0, 1;
    %store/vec4 v000001e214bd2710_0, 0, 1;
    %pushi/vec4 63, 63, 6;
    %store/vec4 v000001e214bd2a30_0, 0, 6;
    %jmp T_14.2;
T_14.1 ;
    %pushi/vec4 1, 0, 1;
    %store/vec4 v000001e214bd0e80_0, 0, 1;
    %pushi/vec4 1, 0, 1;
    %store/vec4 v000001e214bd2710_0, 0, 1;
    %load/vec4 v000001e214bd2b70_0;
    %load/vec4 v000001e214bd2f30_0;
    %concat/vec4; draw_concat_vec4
    %store/vec4 v000001e214bd2a30_0, 0, 6;
    %delay 10, 0;
    %load/vec4 v000001e214bd27b0_0;
    %pad/u 32;
    %cmpi/e 0, 0, 32;
    %jmp/0xz  T_14.3, 4;
    %pushi/vec4 0, 0, 1;
    %store/vec4 v000001e214bd2710_0, 0, 1;
    %pushi/vec4 63, 63, 6;
    %store/vec4 v000001e214bd2a30_0, 0, 6;
    %load/vec4 v000001e214bd3ed0_0;
    %load/vec4 v000001e214bd2f30_0;
    %pad/u 5;
    %ix/vec4 4;
    %store/vec4a v000001e214bd3750, 4, 0;
    %load/vec4 v000001e214bd3ed0_0;
    %cmpi/ne 4294967295, 4294967295, 128;
    %jmp/0xz  T_14.5, 4;
    %pushi/vec4 1, 0, 1;
    %load/vec4 v000001e214bd2f30_0;
    %pad/u 5;
    %ix/vec4 4;
    %store/vec4a v000001e214bd3930, 4, 0;
T_14.5 ;
    %load/vec4 v000001e214bd2b70_0;
    %pad/u 1;
    %load/vec4 v000001e214bd2f30_0;
    %pad/u 5;
    %ix/vec4 4;
    %store/vec4a v000001e214bd2fd0, 4, 0;
T_14.3 ;
    %jmp T_14.2;
T_14.2 ;
    %pop/vec4 1;
    %jmp T_14;
    .thread T_14, $push;
    .scope S_000001e214a752a0;
T_15 ;
    %wait E_000001e214b66030;
    %load/vec4 v000001e214bd3890_0;
    %flag_set/vec4 8;
    %jmp/0xz  T_15.0, 8;
    %pushi/vec4 0, 0, 3;
    %store/vec4 v000001e214bd3070_0, 0, 3;
    %pushi/vec4 0, 0, 32;
    %store/vec4 v000001e214bd3430_0, 0, 32;
T_15.2 ;
    %load/vec4 v000001e214bd3430_0;
    %cmpi/s 8, 0, 32;
    %jmp/0xz T_15.3, 5;
    %pushi/vec4 0, 0, 1;
    %ix/getv/s 4, v000001e214bd3430_0;
    %store/vec4a v000001e214bd3930, 4, 0;
    %load/vec4 v000001e214bd3430_0;
    %addi 1, 0, 32;
    %store/vec4 v000001e214bd3430_0, 0, 32;
    %jmp T_15.2;
T_15.3 ;
    %jmp T_15.1;
T_15.0 ;
    %load/vec4 v000001e214bd3c50_0;
    %store/vec4 v000001e214bd3070_0, 0, 3;
T_15.1 ;
    %jmp T_15;
    .thread T_15;
    .scope S_000001e214a75430;
T_16 ;
    %pushi/vec4 0, 0, 1;
    %store/vec4 v000001e214bd31b0_0, 0, 1;
    %pushi/vec4 0, 0, 1;
    %store/vec4 v000001e214bd3d90_0, 0, 1;
    %pushi/vec4 262169, 0, 32;
    %split/vec4 8;
    %ix/load 4, 0, 0;
    %flag_set/imm 4, 0;
    %store/vec4a v000001e214bd32f0, 4, 0;
    %split/vec4 8;
    %ix/load 4, 1, 0;
    %flag_set/imm 4, 0;
    %store/vec4a v000001e214bd32f0, 4, 0;
    %split/vec4 8;
    %ix/load 4, 2, 0;
    %flag_set/imm 4, 0;
    %store/vec4a v000001e214bd32f0, 4, 0;
    %ix/load 4, 3, 0;
    %flag_set/imm 4, 0;
    %store/vec4a v000001e214bd32f0, 4, 0;
    %pushi/vec4 327715, 0, 32;
    %split/vec4 8;
    %ix/load 4, 4, 0;
    %flag_set/imm 4, 0;
    %store/vec4a v000001e214bd32f0, 4, 0;
    %split/vec4 8;
    %ix/load 4, 5, 0;
    %flag_set/imm 4, 0;
    %store/vec4a v000001e214bd32f0, 4, 0;
    %split/vec4 8;
    %ix/load 4, 6, 0;
    %flag_set/imm 4, 0;
    %store/vec4a v000001e214bd32f0, 4, 0;
    %ix/load 4, 7, 0;
    %flag_set/imm 4, 0;
    %store/vec4a v000001e214bd32f0, 4, 0;
    %pushi/vec4 33948677, 0, 32;
    %split/vec4 8;
    %ix/load 4, 8, 0;
    %flag_set/imm 4, 0;
    %store/vec4a v000001e214bd32f0, 4, 0;
    %split/vec4 8;
    %ix/load 4, 9, 0;
    %flag_set/imm 4, 0;
    %store/vec4a v000001e214bd32f0, 4, 0;
    %split/vec4 8;
    %ix/load 4, 10, 0;
    %flag_set/imm 4, 0;
    %store/vec4a v000001e214bd32f0, 4, 0;
    %ix/load 4, 11, 0;
    %flag_set/imm 4, 0;
    %store/vec4a v000001e214bd32f0, 4, 0;
    %pushi/vec4 65626, 0, 32;
    %split/vec4 8;
    %ix/load 4, 12, 0;
    %flag_set/imm 4, 0;
    %store/vec4a v000001e214bd32f0, 4, 0;
    %split/vec4 8;
    %ix/load 4, 13, 0;
    %flag_set/imm 4, 0;
    %store/vec4a v000001e214bd32f0, 4, 0;
    %split/vec4 8;
    %ix/load 4, 14, 0;
    %flag_set/imm 4, 0;
    %store/vec4a v000001e214bd32f0, 4, 0;
    %ix/load 4, 15, 0;
    %flag_set/imm 4, 0;
    %store/vec4a v000001e214bd32f0, 4, 0;
    %pushi/vec4 50397444, 0, 32;
    %split/vec4 8;
    %ix/load 4, 16, 0;
    %flag_set/imm 4, 0;
    %store/vec4a v000001e214bd32f0, 4, 0;
    %split/vec4 8;
    %ix/load 4, 17, 0;
    %flag_set/imm 4, 0;
    %store/vec4a v000001e214bd32f0, 4, 0;
    %split/vec4 8;
    %ix/load 4, 18, 0;
    %flag_set/imm 4, 0;
    %store/vec4a v000001e214bd32f0, 4, 0;
    %ix/load 4, 19, 0;
    %flag_set/imm 4, 0;
    %store/vec4a v000001e214bd32f0, 4, 0;
    %end;
    .thread T_16;
    .scope S_000001e214a75430;
T_17 ;
    %wait E_000001e214b681f0;
    %load/vec4 v000001e214bd3390_0;
    %flag_set/vec4 8;
    %jmp/0 T_17.0, 8;
    %pushi/vec4 1, 0, 2;
    %jmp/1 T_17.1, 8;
T_17.0 ; End of true expr.
    %pushi/vec4 0, 0, 2;
    %jmp/0 T_17.1, 8;
 ; End of false expr.
    %blend;
T_17.1;
    %pad/s 1;
    %store/vec4 v000001e214bd31b0_0, 0, 1;
    %load/vec4 v000001e214bd3390_0;
    %flag_set/vec4 8;
    %jmp/0 T_17.2, 8;
    %pushi/vec4 1, 0, 2;
    %jmp/1 T_17.3, 8;
T_17.2 ; End of true expr.
    %pushi/vec4 0, 0, 2;
    %jmp/0 T_17.3, 8;
 ; End of false expr.
    %blend;
T_17.3;
    %pad/s 1;
    %store/vec4 v000001e214bd3d90_0, 0, 1;
    %jmp T_17;
    .thread T_17, $push;
    .scope S_000001e214a75430;
T_18 ;
    %wait E_000001e214b65870;
    %load/vec4 v000001e214bd3d90_0;
    %flag_set/vec4 8;
    %jmp/0xz  T_18.0, 8;
    %load/vec4 v000001e214bd2e90_0;
    %concati/vec4 0, 0, 4;
    %pad/u 12;
    %ix/vec4 4;
    %load/vec4a v000001e214bd32f0, 4;
    %store/vec4 v000001e214bd2490_0, 0, 8;
    %pushi/vec4 400, 0, 64;
    %ix/vec4 4;
    %delayx 4;
    %load/vec4 v000001e214bd2490_0;
    %ix/load 4, 0, 0;
    %flag_set/imm 4, 0;
    %store/vec4 v000001e214bd4010_0, 4, 8;
    %load/vec4 v000001e214bd2e90_0;
    %concati/vec4 1, 0, 4;
    %pad/u 12;
    %ix/vec4 4;
    %load/vec4a v000001e214bd32f0, 4;
    %store/vec4 v000001e214bd3110_0, 0, 8;
    %pushi/vec4 400, 0, 64;
    %ix/vec4 4;
    %delayx 4;
    %load/vec4 v000001e214bd3110_0;
    %ix/load 4, 8, 0;
    %flag_set/imm 4, 0;
    %store/vec4 v000001e214bd4010_0, 4, 8;
    %load/vec4 v000001e214bd2e90_0;
    %concati/vec4 2, 0, 4;
    %pad/u 12;
    %ix/vec4 4;
    %load/vec4a v000001e214bd32f0, 4;
    %store/vec4 v000001e214bd2cb0_0, 0, 8;
    %pushi/vec4 400, 0, 64;
    %ix/vec4 4;
    %delayx 4;
    %load/vec4 v000001e214bd2cb0_0;
    %ix/load 4, 16, 0;
    %flag_set/imm 4, 0;
    %store/vec4 v000001e214bd4010_0, 4, 8;
    %load/vec4 v000001e214bd2e90_0;
    %concati/vec4 3, 0, 4;
    %pad/u 12;
    %ix/vec4 4;
    %load/vec4a v000001e214bd32f0, 4;
    %store/vec4 v000001e214bd2ad0_0, 0, 8;
    %pushi/vec4 400, 0, 64;
    %ix/vec4 4;
    %delayx 4;
    %load/vec4 v000001e214bd2ad0_0;
    %ix/load 4, 24, 0;
    %flag_set/imm 4, 0;
    %store/vec4 v000001e214bd4010_0, 4, 8;
    %load/vec4 v000001e214bd2e90_0;
    %concati/vec4 4, 0, 4;
    %pad/u 12;
    %ix/vec4 4;
    %load/vec4a v000001e214bd32f0, 4;
    %store/vec4 v000001e214bd3b10_0, 0, 8;
    %pushi/vec4 400, 0, 64;
    %ix/vec4 4;
    %delayx 4;
    %load/vec4 v000001e214bd3b10_0;
    %ix/load 4, 32, 0;
    %flag_set/imm 4, 0;
    %store/vec4 v000001e214bd4010_0, 4, 8;
    %load/vec4 v000001e214bd2e90_0;
    %concati/vec4 5, 0, 4;
    %pad/u 12;
    %ix/vec4 4;
    %load/vec4a v000001e214bd32f0, 4;
    %store/vec4 v000001e214bd2d50_0, 0, 8;
    %pushi/vec4 400, 0, 64;
    %ix/vec4 4;
    %delayx 4;
    %load/vec4 v000001e214bd2d50_0;
    %ix/load 4, 40, 0;
    %flag_set/imm 4, 0;
    %store/vec4 v000001e214bd4010_0, 4, 8;
    %load/vec4 v000001e214bd2e90_0;
    %concati/vec4 6, 0, 4;
    %pad/u 12;
    %ix/vec4 4;
    %load/vec4a v000001e214bd32f0, 4;
    %store/vec4 v000001e214bd3bb0_0, 0, 8;
    %pushi/vec4 400, 0, 64;
    %ix/vec4 4;
    %delayx 4;
    %load/vec4 v000001e214bd3bb0_0;
    %ix/load 4, 48, 0;
    %flag_set/imm 4, 0;
    %store/vec4 v000001e214bd4010_0, 4, 8;
    %load/vec4 v000001e214bd2e90_0;
    %concati/vec4 7, 0, 4;
    %pad/u 12;
    %ix/vec4 4;
    %load/vec4a v000001e214bd32f0, 4;
    %store/vec4 v000001e214bd2df0_0, 0, 8;
    %pushi/vec4 400, 0, 64;
    %ix/vec4 4;
    %delayx 4;
    %load/vec4 v000001e214bd2df0_0;
    %ix/load 4, 56, 0;
    %flag_set/imm 4, 0;
    %store/vec4 v000001e214bd4010_0, 4, 8;
    %load/vec4 v000001e214bd2e90_0;
    %concati/vec4 8, 0, 4;
    %pad/u 12;
    %ix/vec4 4;
    %load/vec4a v000001e214bd32f0, 4;
    %store/vec4 v000001e214bd2c10_0, 0, 8;
    %pushi/vec4 400, 0, 64;
    %ix/vec4 4;
    %delayx 4;
    %load/vec4 v000001e214bd2c10_0;
    %ix/load 4, 64, 0;
    %flag_set/imm 4, 0;
    %store/vec4 v000001e214bd4010_0, 4, 8;
    %load/vec4 v000001e214bd2e90_0;
    %concati/vec4 9, 0, 4;
    %pad/u 12;
    %ix/vec4 4;
    %load/vec4a v000001e214bd32f0, 4;
    %store/vec4 v000001e214bd3e30_0, 0, 8;
    %pushi/vec4 400, 0, 64;
    %ix/vec4 4;
    %delayx 4;
    %load/vec4 v000001e214bd3e30_0;
    %ix/load 4, 72, 0;
    %flag_set/imm 4, 0;
    %store/vec4 v000001e214bd4010_0, 4, 8;
    %load/vec4 v000001e214bd2e90_0;
    %concati/vec4 10, 0, 4;
    %pad/u 12;
    %ix/vec4 4;
    %load/vec4a v000001e214bd32f0, 4;
    %store/vec4 v000001e214bd2850_0, 0, 8;
    %pushi/vec4 400, 0, 64;
    %ix/vec4 4;
    %delayx 4;
    %load/vec4 v000001e214bd2850_0;
    %ix/load 4, 80, 0;
    %flag_set/imm 4, 0;
    %store/vec4 v000001e214bd4010_0, 4, 8;
    %load/vec4 v000001e214bd2e90_0;
    %concati/vec4 11, 0, 4;
    %pad/u 12;
    %ix/vec4 4;
    %load/vec4a v000001e214bd32f0, 4;
    %store/vec4 v000001e214bd2350_0, 0, 8;
    %pushi/vec4 400, 0, 64;
    %ix/vec4 4;
    %delayx 4;
    %load/vec4 v000001e214bd2350_0;
    %ix/load 4, 88, 0;
    %flag_set/imm 4, 0;
    %store/vec4 v000001e214bd4010_0, 4, 8;
    %load/vec4 v000001e214bd2e90_0;
    %concati/vec4 12, 0, 4;
    %pad/u 12;
    %ix/vec4 4;
    %load/vec4a v000001e214bd32f0, 4;
    %store/vec4 v000001e214bd28f0_0, 0, 8;
    %pushi/vec4 400, 0, 64;
    %ix/vec4 4;
    %delayx 4;
    %load/vec4 v000001e214bd28f0_0;
    %ix/load 4, 96, 0;
    %flag_set/imm 4, 0;
    %store/vec4 v000001e214bd4010_0, 4, 8;
    %load/vec4 v000001e214bd2e90_0;
    %concati/vec4 13, 0, 4;
    %pad/u 12;
    %ix/vec4 4;
    %load/vec4a v000001e214bd32f0, 4;
    %store/vec4 v000001e214bd3f70_0, 0, 8;
    %pushi/vec4 400, 0, 64;
    %ix/vec4 4;
    %delayx 4;
    %load/vec4 v000001e214bd3f70_0;
    %ix/load 4, 104, 0;
    %flag_set/imm 4, 0;
    %store/vec4 v000001e214bd4010_0, 4, 8;
    %load/vec4 v000001e214bd2e90_0;
    %concati/vec4 14, 0, 4;
    %pad/u 12;
    %ix/vec4 4;
    %load/vec4a v000001e214bd32f0, 4;
    %store/vec4 v000001e214bd23f0_0, 0, 8;
    %pushi/vec4 400, 0, 64;
    %ix/vec4 4;
    %delayx 4;
    %load/vec4 v000001e214bd23f0_0;
    %ix/load 4, 112, 0;
    %flag_set/imm 4, 0;
    %store/vec4 v000001e214bd4010_0, 4, 8;
    %load/vec4 v000001e214bd2e90_0;
    %concati/vec4 15, 0, 4;
    %pad/u 12;
    %ix/vec4 4;
    %load/vec4a v000001e214bd32f0, 4;
    %store/vec4 v000001e214bd25d0_0, 0, 8;
    %pushi/vec4 400, 0, 64;
    %ix/vec4 4;
    %delayx 4;
    %load/vec4 v000001e214bd25d0_0;
    %ix/load 4, 120, 0;
    %flag_set/imm 4, 0;
    %store/vec4 v000001e214bd4010_0, 4, 8;
    %pushi/vec4 0, 0, 1;
    %store/vec4 v000001e214bd31b0_0, 0, 1;
    %pushi/vec4 0, 0, 1;
    %store/vec4 v000001e214bd3d90_0, 0, 1;
T_18.0 ;
    %jmp T_18;
    .thread T_18;
    .scope S_000001e214be03e0;
T_19 ;
    %wait E_000001e214b65870;
    %load/vec4 v000001e214bdf8c0_0;
    %cmpi/e 1, 0, 1;
    %jmp/0xz  T_19.0, 4;
    %delay 10, 0;
    %pushi/vec4 0, 0, 32;
    %store/vec4 v000001e214bdeec0_0, 0, 32;
T_19.2 ;
    %load/vec4 v000001e214bdeec0_0;
    %cmpi/s 8, 0, 32;
    %jmp/0xz T_19.3, 5;
    %pushi/vec4 0, 0, 8;
    %ix/getv/s 4, v000001e214bdeec0_0;
    %store/vec4a v000001e214bdf1e0, 4, 0;
    %load/vec4 v000001e214bdeec0_0;
    %addi 1, 0, 32;
    %store/vec4 v000001e214bdeec0_0, 0, 32;
    %jmp T_19.2;
T_19.3 ;
    %jmp T_19.1;
T_19.0 ;
    %load/vec4 v000001e214bdf280_0;
    %cmpi/e 1, 0, 1;
    %jmp/0xz  T_19.4, 4;
    %delay 10, 0;
    %load/vec4 v000001e214bdfaa0_0;
    %load/vec4 v000001e214bdff00_0;
    %pad/u 5;
    %ix/vec4 4;
    %store/vec4a v000001e214bdf1e0, 4, 0;
T_19.4 ;
T_19.1 ;
    %jmp T_19;
    .thread T_19;
    .scope S_000001e214be03e0;
T_20 ;
    %delay 50, 0;
    %vpi_call 9 67 "$display", "\011\011 TIME \011 R0 \011 R1 \011 R2 \011 R3 \011 R4 \011 R5 \011 R6 \011 R7" {0 0 0};
    %vpi_call 9 68 "$monitor", $time, "\011%d\011%d\011%d\011%d\011%d\011%d\011%d\011%d", &A<v000001e214bdf1e0, 0>, &A<v000001e214bdf1e0, 1>, &A<v000001e214bdf1e0, 2>, &A<v000001e214bdf1e0, 3>, &A<v000001e214bdf1e0, 4>, &A<v000001e214bdf1e0, 5>, &A<v000001e214bdf1e0, 6>, &A<v000001e214bdf1e0, 7> {0 0 0};
    %end;
    .thread T_20;
    .scope S_000001e214a74c90;
T_21 ;
    %wait E_000001e214b688f0;
    %load/vec4 v000001e214bd4540_0;
    %dup/vec4;
    %pushi/vec4 0, 0, 3;
    %cmp/u;
    %jmp/1 T_21.0, 6;
    %dup/vec4;
    %pushi/vec4 1, 0, 3;
    %cmp/u;
    %jmp/1 T_21.1, 6;
    %dup/vec4;
    %pushi/vec4 2, 0, 3;
    %cmp/u;
    %jmp/1 T_21.2, 6;
    %dup/vec4;
    %pushi/vec4 3, 0, 3;
    %cmp/u;
    %jmp/1 T_21.3, 6;
    %jmp T_21.4;
T_21.0 ;
    %load/vec4 v000001e214bd5c60_0;
    %store/vec4 v000001e214bd4900_0, 0, 8;
    %jmp T_21.4;
T_21.1 ;
    %load/vec4 v000001e214bd5800_0;
    %store/vec4 v000001e214bd4900_0, 0, 8;
    %jmp T_21.4;
T_21.2 ;
    %load/vec4 v000001e214bd4d60_0;
    %store/vec4 v000001e214bd4900_0, 0, 8;
    %jmp T_21.4;
T_21.3 ;
    %load/vec4 v000001e214bd4f40_0;
    %store/vec4 v000001e214bd4900_0, 0, 8;
    %jmp T_21.4;
T_21.4 ;
    %pop/vec4 1;
    %jmp T_21;
    .thread T_21, $push;
    .scope S_000001e214be0bb0;
T_22 ;
    %wait E_000001e214b68db0;
    %load/vec4 v000001e214bdfd20_0;
    %cmpi/e 1, 0, 1;
    %jmp/0xz  T_22.0, 4;
    %load/vec4 v000001e214bdf820_0;
    %store/vec4 v000001e214bdf960_0, 0, 8;
    %jmp T_22.1;
T_22.0 ;
    %load/vec4 v000001e214bdf780_0;
    %store/vec4 v000001e214bdf960_0, 0, 8;
T_22.1 ;
    %jmp T_22;
    .thread T_22, $push;
    .scope S_000001e214a74b00;
T_23 ;
    %wait E_000001e214b68430;
    %load/vec4 v000001e214bd5440_0;
    %cmpi/e 1, 0, 1;
    %jmp/0xz  T_23.0, 4;
    %load/vec4 v000001e214bd4720_0;
    %store/vec4 v000001e214bd4400_0, 0, 8;
    %jmp T_23.1;
T_23.0 ;
    %load/vec4 v000001e214bd51c0_0;
    %store/vec4 v000001e214bd4400_0, 0, 8;
T_23.1 ;
    %jmp T_23;
    .thread T_23, $push;
    .scope S_000001e214a78920;
T_24 ;
    %wait E_000001e214b68f70;
    %load/vec4 v000001e214bd5120_0;
    %cmpi/e 1, 0, 1;
    %jmp/0xz  T_24.0, 4;
    %load/vec4 v000001e214bd47c0_0;
    %store/vec4 v000001e214bd4e00_0, 0, 32;
    %jmp T_24.1;
T_24.0 ;
    %load/vec4 v000001e214bd5080_0;
    %store/vec4 v000001e214bd4e00_0, 0, 32;
T_24.1 ;
    %jmp T_24;
    .thread T_24, $push;
    .scope S_000001e214a78790;
T_25 ;
    %wait E_000001e214b68af0;
    %load/vec4 v000001e214bd4ae0_0;
    %cmpi/e 1, 0, 1;
    %jmp/0xz  T_25.0, 4;
    %load/vec4 v000001e214bd3610_0;
    %store/vec4 v000001e214bd5bc0_0, 0, 8;
    %jmp T_25.1;
T_25.0 ;
    %load/vec4 v000001e214bd39d0_0;
    %store/vec4 v000001e214bd5bc0_0, 0, 8;
T_25.1 ;
    %jmp T_25;
    .thread T_25, $push;
    .scope S_000001e214a78600;
T_26 ;
    %wait E_000001e214b68370;
    %load/vec4 v000001e214bd40b0_0;
    %cmpi/e 1, 0, 1;
    %jmp/0xz  T_26.0, 4;
    %load/vec4 v000001e214bd3cf0_0;
    %store/vec4 v000001e214bd3570_0, 0, 32;
    %jmp T_26.1;
T_26.0 ;
    %load/vec4 v000001e214bd34d0_0;
    %store/vec4 v000001e214bd3570_0, 0, 32;
T_26.1 ;
    %jmp T_26;
    .thread T_26, $push;
    .scope S_000001e214a79570;
T_27 ;
    %wait E_000001e214b65870;
    %load/vec4 v000001e214be1b20_0;
    %cmpi/e 1, 0, 1;
    %jmp/0xz  T_27.0, 4;
    %delay 10, 0;
    %pushi/vec4 0, 0, 32;
    %store/vec4 v000001e214bdfc80_0, 0, 32;
    %jmp T_27.1;
T_27.0 ;
    %delay 10, 0;
    %load/vec4 v000001e214be2d40_0;
    %store/vec4 v000001e214bdfc80_0, 0, 32;
T_27.1 ;
    %jmp T_27;
    .thread T_27;
    .scope S_000001e214a79570;
T_28 ;
    %wait E_000001e214b68a30;
    %load/vec4 v000001e214be00e0_0;
    %cmpi/e 0, 0, 1;
    %jmp/0xz  T_28.0, 4;
    %pushi/vec4 0, 0, 1;
    %store/vec4 v000001e214be3060_0, 0, 1;
    %pushi/vec4 0, 0, 1;
    %store/vec4 v000001e214be1300_0, 0, 1;
T_28.0 ;
    %jmp T_28;
    .thread T_28, $push;
    .scope S_000001e214a79570;
T_29 ;
    %wait E_000001e214b68e70;
    %delay 10, 0;
    %load/vec4 v000001e214bde240_0;
    %parti/s 8, 24, 6;
    %store/vec4 v000001e214bdece0_0, 0, 8;
    %load/vec4 v000001e214bdece0_0;
    %dup/vec4;
    %pushi/vec4 0, 0, 8;
    %cmp/u;
    %jmp/1 T_29.0, 6;
    %dup/vec4;
    %pushi/vec4 1, 0, 8;
    %cmp/u;
    %jmp/1 T_29.1, 6;
    %dup/vec4;
    %pushi/vec4 2, 0, 8;
    %cmp/u;
    %jmp/1 T_29.2, 6;
    %dup/vec4;
    %pushi/vec4 3, 0, 8;
    %cmp/u;
    %jmp/1 T_29.3, 6;
    %dup/vec4;
    %pushi/vec4 4, 0, 8;
    %cmp/u;
    %jmp/1 T_29.4, 6;
    %dup/vec4;
    %pushi/vec4 5, 0, 8;
    %cmp/u;
    %jmp/1 T_29.5, 6;
    %dup/vec4;
    %pushi/vec4 6, 0, 8;
    %cmp/u;
    %jmp/1 T_29.6, 6;
    %dup/vec4;
    %pushi/vec4 7, 0, 8;
    %cmp/u;
    %jmp/1 T_29.7, 6;
    %dup/vec4;
    %pushi/vec4 8, 0, 8;
    %cmp/u;
    %jmp/1 T_29.8, 6;
    %dup/vec4;
    %pushi/vec4 9, 0, 8;
    %cmp/u;
    %jmp/1 T_29.9, 6;
    %dup/vec4;
    %pushi/vec4 10, 0, 8;
    %cmp/u;
    %jmp/1 T_29.10, 6;
    %dup/vec4;
    %pushi/vec4 11, 0, 8;
    %cmp/u;
    %jmp/1 T_29.11, 6;
    %jmp T_29.12;
T_29.0 ;
    %pushi/vec4 0, 0, 3;
    %store/vec4 v000001e214bdfa00_0, 0, 3;
    %pushi/vec4 1, 0, 1;
    %store/vec4 v000001e214be1a80_0, 0, 1;
    %pushi/vec4 0, 0, 1;
    %store/vec4 v000001e214be2de0_0, 0, 1;
    %pushi/vec4 0, 0, 1;
    %store/vec4 v000001e214bdeba0_0, 0, 1;
    %pushi/vec4 0, 0, 1;
    %store/vec4 v000001e214bdfbe0_0, 0, 1;
    %pushi/vec4 1, 0, 1;
    %store/vec4 v000001e214be19e0_0, 0, 1;
    %pushi/vec4 0, 0, 1;
    %store/vec4 v000001e214be3060_0, 0, 1;
    %pushi/vec4 0, 0, 1;
    %store/vec4 v000001e214be1300_0, 0, 1;
    %pushi/vec4 0, 0, 1;
    %store/vec4 v000001e214be2ca0_0, 0, 1;
    %jmp T_29.12;
T_29.1 ;
    %pushi/vec4 0, 0, 3;
    %store/vec4 v000001e214bdfa00_0, 0, 3;
    %pushi/vec4 0, 0, 1;
    %store/vec4 v000001e214be1a80_0, 0, 1;
    %pushi/vec4 0, 0, 1;
    %store/vec4 v000001e214be2de0_0, 0, 1;
    %pushi/vec4 0, 0, 1;
    %store/vec4 v000001e214bdeba0_0, 0, 1;
    %pushi/vec4 0, 0, 1;
    %store/vec4 v000001e214bdfbe0_0, 0, 1;
    %pushi/vec4 1, 0, 1;
    %store/vec4 v000001e214be19e0_0, 0, 1;
    %pushi/vec4 0, 0, 1;
    %store/vec4 v000001e214be3060_0, 0, 1;
    %pushi/vec4 0, 0, 1;
    %store/vec4 v000001e214be1300_0, 0, 1;
    %pushi/vec4 0, 0, 1;
    %store/vec4 v000001e214be2ca0_0, 0, 1;
    %jmp T_29.12;
T_29.2 ;
    %pushi/vec4 1, 0, 3;
    %store/vec4 v000001e214bdfa00_0, 0, 3;
    %pushi/vec4 0, 0, 1;
    %store/vec4 v000001e214be1a80_0, 0, 1;
    %pushi/vec4 0, 0, 1;
    %store/vec4 v000001e214be2de0_0, 0, 1;
    %pushi/vec4 0, 0, 1;
    %store/vec4 v000001e214bdeba0_0, 0, 1;
    %pushi/vec4 0, 0, 1;
    %store/vec4 v000001e214bdfbe0_0, 0, 1;
    %pushi/vec4 1, 0, 1;
    %store/vec4 v000001e214be19e0_0, 0, 1;
    %pushi/vec4 0, 0, 1;
    %store/vec4 v000001e214be3060_0, 0, 1;
    %pushi/vec4 0, 0, 1;
    %store/vec4 v000001e214be1300_0, 0, 1;
    %pushi/vec4 0, 0, 1;
    %store/vec4 v000001e214be2ca0_0, 0, 1;
    %jmp T_29.12;
T_29.3 ;
    %pushi/vec4 1, 0, 3;
    %store/vec4 v000001e214bdfa00_0, 0, 3;
    %pushi/vec4 0, 0, 1;
    %store/vec4 v000001e214be1a80_0, 0, 1;
    %pushi/vec4 1, 0, 1;
    %store/vec4 v000001e214be2de0_0, 0, 1;
    %pushi/vec4 0, 0, 1;
    %store/vec4 v000001e214bdeba0_0, 0, 1;
    %pushi/vec4 0, 0, 1;
    %store/vec4 v000001e214bdfbe0_0, 0, 1;
    %pushi/vec4 1, 0, 1;
    %store/vec4 v000001e214be19e0_0, 0, 1;
    %pushi/vec4 0, 0, 1;
    %store/vec4 v000001e214be3060_0, 0, 1;
    %pushi/vec4 0, 0, 1;
    %store/vec4 v000001e214be1300_0, 0, 1;
    %pushi/vec4 0, 0, 1;
    %store/vec4 v000001e214be2ca0_0, 0, 1;
    %jmp T_29.12;
T_29.4 ;
    %pushi/vec4 2, 0, 3;
    %store/vec4 v000001e214bdfa00_0, 0, 3;
    %pushi/vec4 0, 0, 1;
    %store/vec4 v000001e214be1a80_0, 0, 1;
    %pushi/vec4 0, 0, 1;
    %store/vec4 v000001e214be2de0_0, 0, 1;
    %pushi/vec4 0, 0, 1;
    %store/vec4 v000001e214bdeba0_0, 0, 1;
    %pushi/vec4 0, 0, 1;
    %store/vec4 v000001e214bdfbe0_0, 0, 1;
    %pushi/vec4 1, 0, 1;
    %store/vec4 v000001e214be19e0_0, 0, 1;
    %pushi/vec4 0, 0, 1;
    %store/vec4 v000001e214be3060_0, 0, 1;
    %pushi/vec4 0, 0, 1;
    %store/vec4 v000001e214be1300_0, 0, 1;
    %pushi/vec4 0, 0, 1;
    %store/vec4 v000001e214be2ca0_0, 0, 1;
    %jmp T_29.12;
T_29.5 ;
    %pushi/vec4 3, 0, 3;
    %store/vec4 v000001e214bdfa00_0, 0, 3;
    %pushi/vec4 0, 0, 1;
    %store/vec4 v000001e214be1a80_0, 0, 1;
    %pushi/vec4 0, 0, 1;
    %store/vec4 v000001e214be2de0_0, 0, 1;
    %pushi/vec4 0, 0, 1;
    %store/vec4 v000001e214bdeba0_0, 0, 1;
    %pushi/vec4 0, 0, 1;
    %store/vec4 v000001e214bdfbe0_0, 0, 1;
    %pushi/vec4 1, 0, 1;
    %store/vec4 v000001e214be19e0_0, 0, 1;
    %pushi/vec4 0, 0, 1;
    %store/vec4 v000001e214be3060_0, 0, 1;
    %pushi/vec4 0, 0, 1;
    %store/vec4 v000001e214be1300_0, 0, 1;
    %pushi/vec4 0, 0, 1;
    %store/vec4 v000001e214be2ca0_0, 0, 1;
    %jmp T_29.12;
T_29.6 ;
    %pushi/vec4 1, 0, 1;
    %store/vec4 v000001e214bdeba0_0, 0, 1;
    %pushi/vec4 0, 0, 1;
    %store/vec4 v000001e214bdfbe0_0, 0, 1;
    %pushi/vec4 0, 0, 1;
    %store/vec4 v000001e214be19e0_0, 0, 1;
    %pushi/vec4 0, 0, 1;
    %store/vec4 v000001e214be3060_0, 0, 1;
    %pushi/vec4 0, 0, 1;
    %store/vec4 v000001e214be1300_0, 0, 1;
    %pushi/vec4 0, 0, 1;
    %store/vec4 v000001e214be2ca0_0, 0, 1;
    %jmp T_29.12;
T_29.7 ;
    %pushi/vec4 1, 0, 3;
    %store/vec4 v000001e214bdfa00_0, 0, 3;
    %pushi/vec4 0, 0, 1;
    %store/vec4 v000001e214be1a80_0, 0, 1;
    %pushi/vec4 1, 0, 1;
    %store/vec4 v000001e214be2de0_0, 0, 1;
    %pushi/vec4 0, 0, 1;
    %store/vec4 v000001e214bdeba0_0, 0, 1;
    %pushi/vec4 1, 0, 1;
    %store/vec4 v000001e214bdfbe0_0, 0, 1;
    %pushi/vec4 0, 0, 1;
    %store/vec4 v000001e214be19e0_0, 0, 1;
    %pushi/vec4 0, 0, 1;
    %store/vec4 v000001e214be3060_0, 0, 1;
    %pushi/vec4 0, 0, 1;
    %store/vec4 v000001e214be1300_0, 0, 1;
    %pushi/vec4 0, 0, 1;
    %store/vec4 v000001e214be2ca0_0, 0, 1;
    %jmp T_29.12;
T_29.8 ;
    %pushi/vec4 0, 0, 3;
    %store/vec4 v000001e214bdfa00_0, 0, 3;
    %pushi/vec4 0, 0, 1;
    %store/vec4 v000001e214be1a80_0, 0, 1;
    %pushi/vec4 0, 0, 1;
    %store/vec4 v000001e214be2de0_0, 0, 1;
    %pushi/vec4 0, 0, 1;
    %store/vec4 v000001e214bdeba0_0, 0, 1;
    %pushi/vec4 0, 0, 1;
    %store/vec4 v000001e214bdfbe0_0, 0, 1;
    %pushi/vec4 1, 0, 1;
    %store/vec4 v000001e214be19e0_0, 0, 1;
    %pushi/vec4 1, 0, 1;
    %store/vec4 v000001e214be3060_0, 0, 1;
    %pushi/vec4 0, 0, 1;
    %store/vec4 v000001e214be1300_0, 0, 1;
    %pushi/vec4 1, 0, 1;
    %store/vec4 v000001e214be2ca0_0, 0, 1;
    %jmp T_29.12;
T_29.9 ;
    %pushi/vec4 0, 0, 3;
    %store/vec4 v000001e214bdfa00_0, 0, 3;
    %pushi/vec4 1, 0, 1;
    %store/vec4 v000001e214be1a80_0, 0, 1;
    %pushi/vec4 0, 0, 1;
    %store/vec4 v000001e214be2de0_0, 0, 1;
    %pushi/vec4 0, 0, 1;
    %store/vec4 v000001e214bdeba0_0, 0, 1;
    %pushi/vec4 0, 0, 1;
    %store/vec4 v000001e214bdfbe0_0, 0, 1;
    %pushi/vec4 1, 0, 1;
    %store/vec4 v000001e214be19e0_0, 0, 1;
    %pushi/vec4 1, 0, 1;
    %store/vec4 v000001e214be3060_0, 0, 1;
    %pushi/vec4 0, 0, 1;
    %store/vec4 v000001e214be1300_0, 0, 1;
    %pushi/vec4 1, 0, 1;
    %store/vec4 v000001e214be2ca0_0, 0, 1;
    %jmp T_29.12;
T_29.10 ;
    %pushi/vec4 0, 0, 3;
    %store/vec4 v000001e214bdfa00_0, 0, 3;
    %pushi/vec4 0, 0, 1;
    %store/vec4 v000001e214be1a80_0, 0, 1;
    %pushi/vec4 0, 0, 1;
    %store/vec4 v000001e214be2de0_0, 0, 1;
    %pushi/vec4 0, 0, 1;
    %store/vec4 v000001e214bdeba0_0, 0, 1;
    %pushi/vec4 0, 0, 1;
    %store/vec4 v000001e214bdfbe0_0, 0, 1;
    %pushi/vec4 0, 0, 1;
    %store/vec4 v000001e214be19e0_0, 0, 1;
    %pushi/vec4 0, 0, 1;
    %store/vec4 v000001e214be3060_0, 0, 1;
    %pushi/vec4 1, 0, 1;
    %store/vec4 v000001e214be1300_0, 0, 1;
    %jmp T_29.12;
T_29.11 ;
    %pushi/vec4 0, 0, 3;
    %store/vec4 v000001e214bdfa00_0, 0, 3;
    %pushi/vec4 1, 0, 1;
    %store/vec4 v000001e214be1a80_0, 0, 1;
    %pushi/vec4 0, 0, 1;
    %store/vec4 v000001e214be2de0_0, 0, 1;
    %pushi/vec4 0, 0, 1;
    %store/vec4 v000001e214bdeba0_0, 0, 1;
    %pushi/vec4 0, 0, 1;
    %store/vec4 v000001e214bdfbe0_0, 0, 1;
    %pushi/vec4 0, 0, 1;
    %store/vec4 v000001e214be19e0_0, 0, 1;
    %pushi/vec4 0, 0, 1;
    %store/vec4 v000001e214be3060_0, 0, 1;
    %pushi/vec4 1, 0, 1;
    %store/vec4 v000001e214be1300_0, 0, 1;
    %jmp T_29.12;
T_29.12 ;
    %pop/vec4 1;
    %jmp T_29;
    .thread T_29, $push;
    .scope S_000001e214afd610;
T_30 ;
    %vpi_call 2 78 "$dumpfile", "cpu_wavedata.vcd" {0 0 0};
    %vpi_call 2 79 "$dumpvars", 32'sb00000000000000000000000000000000, S_000001e214afd610 {0 0 0};
    %pushi/vec4 0, 0, 1;
    %store/vec4 v000001e214be1440_0, 0, 1;
    %pushi/vec4 1, 0, 1;
    %store/vec4 v000001e214be28e0_0, 0, 1;
    %delay 50, 0;
    %pushi/vec4 0, 0, 1;
    %store/vec4 v000001e214be28e0_0, 0, 1;
    %delay 50000, 0;
    %vpi_call 2 90 "$finish" {0 0 0};
    %end;
    .thread T_30;
    .scope S_000001e214afd610;
T_31 ;
    %delay 40, 0;
    %load/vec4 v000001e214be1440_0;
    %inv;
    %store/vec4 v000001e214be1440_0, 0, 1;
    %jmp T_31;
    .thread T_31;
# The file index is used to find the file name in the following table.
:file_names 10;
    "N/A";
    "<interactive>";
    "cpu_tb.v";
    "./dcache.v";
    "./dmem_for_dcache.v";
    "./icache.v";
    "./imem_for_icache.v";
    "./cpu.v";
    "./alu.v";
    "./reg_file.v";
