#! /c/Source/iverilog-install/bin/vvp
:ivl_version "12.0 (devel)" "(s20150603-1110-g18392a46)";
:ivl_delay_selection "TYPICAL";
:vpi_time_precision - 10;
:vpi_module "C:\iverilog\lib\ivl\system.vpi";
:vpi_module "C:\iverilog\lib\ivl\vhdl_sys.vpi";
:vpi_module "C:\iverilog\lib\ivl\vhdl_textio.vpi";
:vpi_module "C:\iverilog\lib\ivl\v2005_math.vpi";
:vpi_module "C:\iverilog\lib\ivl\va_math.vpi";
S_000001d7d09b0c30 .scope module, "icache" "icache" 2 3;
 .timescale -9 -10;
    .port_info 0 /INPUT 1 "CLK";
    .port_info 1 /INPUT 1 "RESET";
    .port_info 2 /INPUT 10 "ADDRESS";
    .port_info 3 /OUTPUT 32 "readinst";
    .port_info 4 /OUTPUT 1 "BUSYWAIT";
    .port_info 5 /OUTPUT 1 "mem_read";
    .port_info 6 /OUTPUT 6 "mem_ADDRESS";
    .port_info 7 /INPUT 128 "mem_inst";
    .port_info 8 /INPUT 1 "mem_BUSYWAIT";
P_000001d7d09b0dc0 .param/l "IDLE" 0 2 79, C4<000>;
P_000001d7d09b0df8 .param/l "MEM_READ" 0 2 79, C4<001>;
L_000001d7d09af250/d .functor BUFZ 128, L_000001d7d0a1a520, C4<00000000000000000000000000000000000000000000000000000000000000000000000000000000000000000000000000000000000000000000000000000000>, C4<00000000000000000000000000000000000000000000000000000000000000000000000000000000000000000000000000000000000000000000000000000000>, C4<00000000000000000000000000000000000000000000000000000000000000000000000000000000000000000000000000000000000000000000000000000000>;
L_000001d7d09af250 .delay 128 (10,10,10) L_000001d7d09af250/d;
L_000001d7d09af170/d .functor BUFZ 1, L_000001d7d0a19440, C4<0>, C4<0>, C4<0>;
L_000001d7d09af170 .delay 1 (10,10,10) L_000001d7d09af170/d;
L_000001d7d09af3a0 .functor AND 1, L_000001d7d0a198a0, L_000001d7d09af170, C4<1>, C4<1>;
o000001d7d09c3f78 .functor BUFZ 10, C4<zzzzzzzzzz>; HiZ drive
v000001d7d09a7330_0 .net "ADDRESS", 9 0, o000001d7d09c3f78;  0 drivers
v000001d7d09a7c90_0 .var "BUSYWAIT", 0 0;
o000001d7d09c3fd8 .functor BUFZ 1, C4<z>; HiZ drive
v000001d7d09a7650_0 .net "CLK", 0 0, o000001d7d09c3fd8;  0 drivers
v000001d7d09a73d0_0 .net "HIT", 0 0, L_000001d7d09af3a0;  1 drivers
o000001d7d09c4038 .functor BUFZ 1, C4<z>; HiZ drive
v000001d7d09a7830_0 .net "RESET", 0 0, o000001d7d09c4038;  0 drivers
v000001d7d09a7b50_0 .net "VALID", 0 0, L_000001d7d09af170;  1 drivers
L_000001d7d0a1b048 .functor BUFT 1, C4<00>, C4<0>, C4<0>, C4<0>;
v000001d7d09a78d0_0 .net *"_ivl_11", 1 0, L_000001d7d0a1b048;  1 drivers
v000001d7d09a7ab0_0 .net *"_ivl_14", 0 0, L_000001d7d0a1af20;  1 drivers
v000001d7d0a1a660_0 .net *"_ivl_16", 4 0, L_000001d7d0a1a5c0;  1 drivers
L_000001d7d0a1b090 .functor BUFT 1, C4<00>, C4<0>, C4<0>, C4<0>;
v000001d7d0a1a200_0 .net *"_ivl_19", 1 0, L_000001d7d0a1b090;  1 drivers
L_000001d7d0a1b0d8 .functor BUFT 1, C4<00>, C4<0>, C4<0>, C4<0>;
v000001d7d0a1a020_0 .net *"_ivl_23", 1 0, L_000001d7d0a1b0d8;  1 drivers
v000001d7d0a19da0_0 .net *"_ivl_24", 0 0, L_000001d7d0a19440;  1 drivers
v000001d7d0a19f80_0 .net *"_ivl_26", 4 0, L_000001d7d0a194e0;  1 drivers
L_000001d7d0a1b120 .functor BUFT 1, C4<00>, C4<0>, C4<0>, C4<0>;
v000001d7d0a19940_0 .net *"_ivl_29", 1 0, L_000001d7d0a1b120;  1 drivers
v000001d7d0a1a7a0_0 .net *"_ivl_32", 0 0, L_000001d7d0a19620;  1 drivers
L_000001d7d0a1b168 .functor BUFT 1, C4<01>, C4<0>, C4<0>, C4<0>;
v000001d7d0a1aca0_0 .net/2s *"_ivl_34", 1 0, L_000001d7d0a1b168;  1 drivers
L_000001d7d0a1b1b0 .functor BUFT 1, C4<00>, C4<0>, C4<0>, C4<0>;
v000001d7d0a1a8e0_0 .net/2s *"_ivl_36", 1 0, L_000001d7d0a1b1b0;  1 drivers
v000001d7d0a19a80_0 .net *"_ivl_38", 1 0, L_000001d7d0a19760;  1 drivers
L_000001d7d0a1b1f8 .functor BUFT 1, C4<xxxxxxxxxxxxxxxxxxxxxxxxxxxxxxxx>, C4<0>, C4<0>, C4<0>;
v000001d7d0a19260_0 .net *"_ivl_44", 31 0, L_000001d7d0a1b1f8;  1 drivers
v000001d7d0a1a160_0 .net *"_ivl_5", 7 0, L_000001d7d0a19ee0;  1 drivers
v000001d7d0a196c0_0 .var *"_ivl_50", 31 0; Local signal
v000001d7d0a191c0_0 .var *"_ivl_51", 31 0; Local signal
v000001d7d0a1a0c0_0 .var *"_ivl_52", 31 0; Local signal
v000001d7d0a1a840_0 .var *"_ivl_53", 31 0; Local signal
v000001d7d0a199e0_0 .net *"_ivl_6", 127 0, L_000001d7d0a1a520;  1 drivers
v000001d7d0a1a2a0_0 .net *"_ivl_8", 4 0, L_000001d7d0a1ae80;  1 drivers
v000001d7d0a1a700_0 .net "cache_tag", 2 0, L_000001d7d0a19080;  1 drivers
v000001d7d0a19120_0 .var/i "i", 31 0;
v000001d7d0a193a0_0 .net "index", 2 0, L_000001d7d0a19300;  1 drivers
v000001d7d0a1a980_0 .net "instr_block", 127 0, L_000001d7d09af250;  1 drivers
v000001d7d0a19580 .array "instr_block_array", 0 7, 127 0;
v000001d7d0a1a340_0 .var "loaded_instr", 31 0;
v000001d7d0a19800_0 .var "mem_ADDRESS", 5 0;
o000001d7d09c4578 .functor BUFZ 1, C4<z>; HiZ drive
v000001d7d0a1aa20_0 .net "mem_BUSYWAIT", 0 0, o000001d7d09c4578;  0 drivers
o000001d7d09c45a8 .functor BUFZ 128, C4<zzzzzzzzzzzzzzzzzzzzzzzzzzzzzzzzzzzzzzzzzzzzzzzzzzzzzzzzzzzzzzzzzzzzzzzzzzzzzzzzzzzzzzzzzzzzzzzzzzzzzzzzzzzzzzzzzzzzzzzzzzzzzzzz>; HiZ drive
v000001d7d0a1aac0_0 .net "mem_inst", 127 0, o000001d7d09c45a8;  0 drivers
v000001d7d0a1a3e0_0 .var "mem_read", 0 0;
v000001d7d0a19b20_0 .var "next_state", 2 0;
v000001d7d0a1ade0_0 .net "offset", 1 0, L_000001d7d0a1ad40;  1 drivers
v000001d7d0a19e40_0 .net "readinst", 31 0, L_000001d7d0a63140;  1 drivers
v000001d7d0a1ab60_0 .var "state", 2 0;
v000001d7d0a1ac00_0 .net "tag", 2 0, L_000001d7d0a19d00;  1 drivers
v000001d7d0a1a480_0 .net "tagMatch", 0 0, L_000001d7d0a198a0;  1 drivers
v000001d7d0a19bc0 .array "tagbits", 0 7, 0 0;
v000001d7d0a19c60 .array "validbits", 0 7, 0 0;
E_000001d7d09a9f80/0 .event anyedge, v000001d7d09a7830_0;
E_000001d7d09a9f80/1 .event posedge, v000001d7d09a7650_0;
E_000001d7d09a9f80 .event/or E_000001d7d09a9f80/0, E_000001d7d09a9f80/1;
E_000001d7d09aa640/0 .event anyedge, v000001d7d0a1ab60_0, v000001d7d0a1ac00_0, v000001d7d0a193a0_0, v000001d7d0a1aa20_0;
E_000001d7d09aa640/1 .event anyedge, v000001d7d0a1aac0_0;
E_000001d7d09aa640 .event/or E_000001d7d09aa640/0, E_000001d7d09aa640/1;
E_000001d7d09a9fc0 .event anyedge, v000001d7d0a1ab60_0, v000001d7d09a73d0_0, v000001d7d0a1aa20_0;
E_000001d7d09aa900 .event anyedge, v000001d7d09a7650_0;
E_000001d7d09a9d80 .event anyedge, v000001d7d0a1ade0_0, v000001d7d0a1a980_0;
E_000001d7d09aa940 .event anyedge, v000001d7d09a7330_0;
L_000001d7d0a19d00 .part L_000001d7d0a19ee0, 5, 3;
L_000001d7d0a19300 .part L_000001d7d0a19ee0, 2, 3;
L_000001d7d0a1ad40 .part L_000001d7d0a19ee0, 0, 2;
L_000001d7d0a19ee0 .part o000001d7d09c3f78, 2, 8;
L_000001d7d0a1a520 .array/port v000001d7d0a19580, L_000001d7d0a1ae80;
L_000001d7d0a1ae80 .concat [ 3 2 0 0], L_000001d7d0a19300, L_000001d7d0a1b048;
L_000001d7d0a1af20 .array/port v000001d7d0a19bc0, L_000001d7d0a1a5c0;
L_000001d7d0a1a5c0 .concat [ 3 2 0 0], L_000001d7d0a19300, L_000001d7d0a1b090;
L_000001d7d0a19080 .delay 3 (10,10,10) L_000001d7d0a19080/d;
L_000001d7d0a19080/d .concat [ 1 2 0 0], L_000001d7d0a1af20, L_000001d7d0a1b0d8;
L_000001d7d0a19440 .array/port v000001d7d0a19c60, L_000001d7d0a194e0;
L_000001d7d0a194e0 .concat [ 3 2 0 0], L_000001d7d0a19300, L_000001d7d0a1b120;
L_000001d7d0a19620 .cmp/eq 3, L_000001d7d0a19d00, L_000001d7d0a19080;
L_000001d7d0a19760 .functor MUXZ 2, L_000001d7d0a1b1b0, L_000001d7d0a1b168, L_000001d7d0a19620, C4<>;
L_000001d7d0a198a0 .delay 1 (9,9,9) L_000001d7d0a198a0/d;
L_000001d7d0a198a0/d .part L_000001d7d0a19760, 0, 1;
L_000001d7d0a63140 .functor MUXZ 32, L_000001d7d0a1b1f8, v000001d7d0a1a340_0, L_000001d7d09af3a0, C4<>;
    .scope S_000001d7d09b0c30;
T_0 ;
    %wait E_000001d7d09aa940;
    %pushi/vec4 1, 0, 1;
    %store/vec4 v000001d7d09a7c90_0, 0, 1;
    %jmp T_0;
    .thread T_0, $push;
    .scope S_000001d7d09b0c30;
T_1 ;
    %wait E_000001d7d09a9d80;
    %load/vec4 v000001d7d0a1ade0_0;
    %dup/vec4;
    %pushi/vec4 0, 0, 2;
    %cmp/u;
    %jmp/1 T_1.0, 6;
    %dup/vec4;
    %pushi/vec4 1, 0, 2;
    %cmp/u;
    %jmp/1 T_1.1, 6;
    %dup/vec4;
    %pushi/vec4 2, 0, 2;
    %cmp/u;
    %jmp/1 T_1.2, 6;
    %dup/vec4;
    %pushi/vec4 3, 0, 2;
    %cmp/u;
    %jmp/1 T_1.3, 6;
    %jmp T_1.4;
T_1.0 ;
    %load/vec4 v000001d7d0a1a980_0;
    %parti/s 32, 0, 2;
    %store/vec4 v000001d7d0a196c0_0, 0, 32;
    %pushi/vec4 10, 0, 64;
    %ix/vec4 4;
    %delayx 4;
    %load/vec4 v000001d7d0a196c0_0;
    %store/vec4 v000001d7d0a1a340_0, 0, 32;
    %jmp T_1.4;
T_1.1 ;
    %load/vec4 v000001d7d0a1a980_0;
    %parti/s 32, 32, 7;
    %store/vec4 v000001d7d0a191c0_0, 0, 32;
    %pushi/vec4 10, 0, 64;
    %ix/vec4 4;
    %delayx 4;
    %load/vec4 v000001d7d0a191c0_0;
    %store/vec4 v000001d7d0a1a340_0, 0, 32;
    %jmp T_1.4;
T_1.2 ;
    %load/vec4 v000001d7d0a1a980_0;
    %parti/s 32, 64, 8;
    %store/vec4 v000001d7d0a1a0c0_0, 0, 32;
    %pushi/vec4 10, 0, 64;
    %ix/vec4 4;
    %delayx 4;
    %load/vec4 v000001d7d0a1a0c0_0;
    %store/vec4 v000001d7d0a1a340_0, 0, 32;
    %jmp T_1.4;
T_1.3 ;
    %load/vec4 v000001d7d0a1a980_0;
    %parti/s 32, 96, 8;
    %store/vec4 v000001d7d0a1a840_0, 0, 32;
    %pushi/vec4 10, 0, 64;
    %ix/vec4 4;
    %delayx 4;
    %load/vec4 v000001d7d0a1a840_0;
    %store/vec4 v000001d7d0a1a340_0, 0, 32;
    %jmp T_1.4;
T_1.4 ;
    %pop/vec4 1;
    %jmp T_1;
    .thread T_1, $push;
    .scope S_000001d7d09b0c30;
T_2 ;
    %wait E_000001d7d09aa900;
    %load/vec4 v000001d7d09a73d0_0;
    %flag_set/vec4 8;
    %jmp/0xz  T_2.0, 8;
    %pushi/vec4 0, 0, 1;
    %store/vec4 v000001d7d09a7c90_0, 0, 1;
T_2.0 ;
    %jmp T_2;
    .thread T_2, $push;
    .scope S_000001d7d09b0c30;
T_3 ;
    %wait E_000001d7d09a9fc0;
    %load/vec4 v000001d7d0a1ab60_0;
    %dup/vec4;
    %pushi/vec4 0, 0, 3;
    %cmp/u;
    %jmp/1 T_3.0, 6;
    %dup/vec4;
    %pushi/vec4 1, 0, 3;
    %cmp/u;
    %jmp/1 T_3.1, 6;
    %jmp T_3.2;
T_3.0 ;
    %load/vec4 v000001d7d09a73d0_0;
    %nor/r;
    %flag_set/vec4 8;
    %jmp/0xz  T_3.3, 8;
    %pushi/vec4 1, 0, 3;
    %store/vec4 v000001d7d0a19b20_0, 0, 3;
    %jmp T_3.4;
T_3.3 ;
    %pushi/vec4 0, 0, 3;
    %store/vec4 v000001d7d0a19b20_0, 0, 3;
T_3.4 ;
    %jmp T_3.2;
T_3.1 ;
    %load/vec4 v000001d7d0a1aa20_0;
    %nor/r;
    %flag_set/vec4 8;
    %jmp/0xz  T_3.5, 8;
    %pushi/vec4 0, 0, 3;
    %store/vec4 v000001d7d0a19b20_0, 0, 3;
    %jmp T_3.6;
T_3.5 ;
    %pushi/vec4 1, 0, 3;
    %store/vec4 v000001d7d0a19b20_0, 0, 3;
T_3.6 ;
    %jmp T_3.2;
T_3.2 ;
    %pop/vec4 1;
    %jmp T_3;
    .thread T_3, $push;
    .scope S_000001d7d09b0c30;
T_4 ;
    %wait E_000001d7d09aa640;
    %load/vec4 v000001d7d0a1ab60_0;
    %dup/vec4;
    %pushi/vec4 0, 0, 3;
    %cmp/u;
    %jmp/1 T_4.0, 6;
    %dup/vec4;
    %pushi/vec4 1, 0, 3;
    %cmp/u;
    %jmp/1 T_4.1, 6;
    %jmp T_4.2;
T_4.0 ;
    %pushi/vec4 0, 0, 1;
    %store/vec4 v000001d7d0a1a3e0_0, 0, 1;
    %pushi/vec4 63, 63, 6;
    %store/vec4 v000001d7d0a19800_0, 0, 6;
    %jmp T_4.2;
T_4.1 ;
    %pushi/vec4 1, 0, 1;
    %store/vec4 v000001d7d09a7c90_0, 0, 1;
    %pushi/vec4 1, 0, 1;
    %store/vec4 v000001d7d0a1a3e0_0, 0, 1;
    %load/vec4 v000001d7d0a1ac00_0;
    %load/vec4 v000001d7d0a193a0_0;
    %concat/vec4; draw_concat_vec4
    %store/vec4 v000001d7d0a19800_0, 0, 6;
    %delay 10, 0;
    %load/vec4 v000001d7d0a1aa20_0;
    %pad/u 32;
    %cmpi/e 0, 0, 32;
    %jmp/0xz  T_4.3, 4;
    %pushi/vec4 0, 0, 1;
    %store/vec4 v000001d7d0a1a3e0_0, 0, 1;
    %pushi/vec4 63, 63, 6;
    %store/vec4 v000001d7d0a19800_0, 0, 6;
    %load/vec4 v000001d7d0a1aac0_0;
    %load/vec4 v000001d7d0a193a0_0;
    %pad/u 5;
    %ix/vec4 4;
    %store/vec4a v000001d7d0a19580, 4, 0;
    %load/vec4 v000001d7d0a1aac0_0;
    %cmpi/ne 4294967295, 4294967295, 128;
    %jmp/0xz  T_4.5, 4;
    %pushi/vec4 1, 0, 1;
    %load/vec4 v000001d7d0a193a0_0;
    %pad/u 5;
    %ix/vec4 4;
    %store/vec4a v000001d7d0a19c60, 4, 0;
T_4.5 ;
    %load/vec4 v000001d7d0a1ac00_0;
    %pad/u 1;
    %load/vec4 v000001d7d0a193a0_0;
    %pad/u 5;
    %ix/vec4 4;
    %store/vec4a v000001d7d0a19bc0, 4, 0;
T_4.3 ;
    %jmp T_4.2;
T_4.2 ;
    %pop/vec4 1;
    %jmp T_4;
    .thread T_4, $push;
    .scope S_000001d7d09b0c30;
T_5 ;
    %wait E_000001d7d09a9f80;
    %load/vec4 v000001d7d09a7830_0;
    %flag_set/vec4 8;
    %jmp/0xz  T_5.0, 8;
    %pushi/vec4 0, 0, 3;
    %store/vec4 v000001d7d0a1ab60_0, 0, 3;
    %pushi/vec4 0, 0, 32;
    %store/vec4 v000001d7d0a19120_0, 0, 32;
T_5.2 ;
    %load/vec4 v000001d7d0a19120_0;
    %cmpi/s 8, 0, 32;
    %jmp/0xz T_5.3, 5;
    %pushi/vec4 0, 0, 1;
    %ix/getv/s 4, v000001d7d0a19120_0;
    %store/vec4a v000001d7d0a19c60, 4, 0;
    %load/vec4 v000001d7d0a19120_0;
    %addi 1, 0, 32;
    %store/vec4 v000001d7d0a19120_0, 0, 32;
    %jmp T_5.2;
T_5.3 ;
    %jmp T_5.1;
T_5.0 ;
    %load/vec4 v000001d7d0a19b20_0;
    %store/vec4 v000001d7d0a1ab60_0, 0, 3;
T_5.1 ;
    %jmp T_5;
    .thread T_5;
# The file index is used to find the file name in the following table.
:file_names 3;
    "N/A";
    "<interactive>";
    "icache.v";
